[0.011s] Invoking command in '/home/jaehwan/rohang25_R1/build/gimbal_control_25': AMENT_PREFIX_PATH=/home/jaehwan/rohang25_R1/install/yolov11_msgs:/home/jaehwan/rohang25_R1/install/px4_msgs:${AMENT_PREFIX_PATH} CMAKE_PREFIX_PATH=/home/jaehwan/rohang25_R1/install/yolov11_msgs:/home/jaehwan/rohang25_R1/install/px4_msgs:/opt/ros/humble LD_LIBRARY_PATH=/home/jaehwan/rohang25_R1/install/yolov11_msgs/lib:/home/jaehwan/rohang25_R1/install/px4_msgs/lib:/home/jaehwan/ws_offboard_control/build/rohang25:/usr/lib/x86_64-linux-gnu/gazebo-11/plugins:/opt/ros/humble/opt/rviz_ogre_vendor/lib:/opt/ros/humble/lib/x86_64-linux-gnu:/opt/ros/humble/lib:/usr/share/gazebo/../../lib/x86_64-linux-gnu/gazebo-11/plugins PYTHONPATH=/home/jaehwan/rohang25_R1/install/yolov11_msgs/local/lib/python3.10/dist-packages:/home/jaehwan/rohang25_R1/install/px4_msgs/local/lib/python3.10/dist-packages:${PYTHONPATH} /usr/bin/cmake --build /home/jaehwan/rohang25_R1/build/gimbal_control_25 -- -j12 -l12
[0.026s] -- Found ament_cmake: 1.3.11 (/opt/ros/humble/share/ament_cmake/cmake)
[0.125s] -- Found rclcpp: 16.0.11 (/opt/ros/humble/share/rclcpp/cmake)
[0.143s] -- Found rosidl_generator_c: 3.1.6 (/opt/ros/humble/share/rosidl_generator_c/cmake)
[0.144s] -- Found rosidl_adapter: 3.1.6 (/opt/ros/humble/share/rosidl_adapter/cmake)
[0.148s] -- Found rosidl_generator_cpp: 3.1.6 (/opt/ros/humble/share/rosidl_generator_cpp/cmake)
[0.154s] -- Using all available rosidl_typesupport_c: rosidl_typesupport_fastrtps_c;rosidl_typesupport_introspection_c
[0.161s] -- Using all available rosidl_typesupport_cpp: rosidl_typesupport_fastrtps_cpp;rosidl_typesupport_introspection_cpp
[0.181s] -- Found rmw_implementation_cmake: 6.1.2 (/opt/ros/humble/share/rmw_implementation_cmake/cmake)
[0.182s] -- Found rmw_fastrtps_cpp: 6.2.7 (/opt/ros/humble/share/rmw_fastrtps_cpp/cmake)
[0.251s] -- Using RMW implementation 'rmw_fastrtps_cpp' as default
[0.295s] -- Found geometry_msgs: 4.2.4 (/opt/ros/humble/share/geometry_msgs/cmake)
[0.303s] -- Found px4_msgs: 2.0.1 (/home/jaehwan/rohang25_R1/install/px4_msgs/share/px4_msgs/cmake)
[0.310s] -- Found yolov11_msgs: 0.0.1 (/home/jaehwan/rohang25_R1/install/yolov11_msgs/share/yolov11_msgs/cmake)
[0.318s] -- Found sensor_msgs: 4.2.4 (/opt/ros/humble/share/sensor_msgs/cmake)
[0.331s] -- Found ament_lint_auto: 0.12.11 (/opt/ros/humble/share/ament_lint_auto/cmake)
[0.378s] -- Configuring done
[0.386s] -- Generating done
[0.390s] -- Build files have been written to: /home/jaehwan/rohang25_R1/build/gimbal_control_25
[0.411s] [35m[1mConsolidate compiler generated dependencies of target gimbal_status_node[0m
[0.411s] [35m[1mConsolidate compiler generated dependencies of target gimbal_control_node[0m
[0.422s] [ 50%] Built target gimbal_status_node
[0.424s] [ 75%] [32mBuilding CXX object CMakeFiles/gimbal_control_node.dir/src/gimbal_control_node_real.cpp.o[0m
[2.802s] [01m[K/home/jaehwan/rohang25_R1/src/gimbal_control_25/src/gimbal_control_node_real.cpp:[m[K In member function ‘[01m[Kvoid GimbalControlNode::control_loop()[m[K’:
[2.802s] [01m[K/home/jaehwan/rohang25_R1/src/gimbal_control_25/src/gimbal_control_node_real.cpp:187:16:[m[K [01;35m[Kwarning: [m[Kunused variable ‘[01m[Kpan_rad[m[K’ [[01;35m[K]8;;https://gcc.gnu.org/onlinedocs/gcc/Warning-Options.html#index-Wunused-variable-Wunused-variable]8;;[m[K]
[2.802s]   187 |         double [01;35m[Kpan_rad[m[K  = last_pan_deg_  * M_PI / 180.0;
[2.802s]       |                [01;35m[K^~~~~~~[m[K
[2.802s] [01m[K/home/jaehwan/rohang25_R1/src/gimbal_control_25/src/gimbal_control_node_real.cpp:188:16:[m[K [01;35m[Kwarning: [m[Kunused variable ‘[01m[Ktilt_rad[m[K’ [[01;35m[K]8;;https://gcc.gnu.org/onlinedocs/gcc/Warning-Options.html#index-Wunused-variable-Wunused-variable]8;;[m[K]
[2.802s]   188 |         double [01;35m[Ktilt_rad[m[K = last_tilt_deg_ * M_PI / 180.0;
[2.802s]       |                [01;35m[K^~~~~~~~[m[K
[9.202s] [100%] [32m[1mLinking CXX executable gimbal_control_node[0m
[9.836s] [100%] Built target gimbal_control_node
[9.846s] Invoked command in '/home/jaehwan/rohang25_R1/build/gimbal_control_25' returned '0': AMENT_PREFIX_PATH=/home/jaehwan/rohang25_R1/install/yolov11_msgs:/home/jaehwan/rohang25_R1/install/px4_msgs:${AMENT_PREFIX_PATH} CMAKE_PREFIX_PATH=/home/jaehwan/rohang25_R1/install/yolov11_msgs:/home/jaehwan/rohang25_R1/install/px4_msgs:/opt/ros/humble LD_LIBRARY_PATH=/home/jaehwan/rohang25_R1/install/yolov11_msgs/lib:/home/jaehwan/rohang25_R1/install/px4_msgs/lib:/home/jaehwan/ws_offboard_control/build/rohang25:/usr/lib/x86_64-linux-gnu/gazebo-11/plugins:/opt/ros/humble/opt/rviz_ogre_vendor/lib:/opt/ros/humble/lib/x86_64-linux-gnu:/opt/ros/humble/lib:/usr/share/gazebo/../../lib/x86_64-linux-gnu/gazebo-11/plugins PYTHONPATH=/home/jaehwan/rohang25_R1/install/yolov11_msgs/local/lib/python3.10/dist-packages:/home/jaehwan/rohang25_R1/install/px4_msgs/local/lib/python3.10/dist-packages:${PYTHONPATH} /usr/bin/cmake --build /home/jaehwan/rohang25_R1/build/gimbal_control_25 -- -j12 -l12
[9.848s] Invoking command in '/home/jaehwan/rohang25_R1/build/gimbal_control_25': AMENT_PREFIX_PATH=/home/jaehwan/rohang25_R1/install/yolov11_msgs:/home/jaehwan/rohang25_R1/install/px4_msgs:${AMENT_PREFIX_PATH} CMAKE_PREFIX_PATH=/home/jaehwan/rohang25_R1/install/yolov11_msgs:/home/jaehwan/rohang25_R1/install/px4_msgs:/opt/ros/humble LD_LIBRARY_PATH=/home/jaehwan/rohang25_R1/install/yolov11_msgs/lib:/home/jaehwan/rohang25_R1/install/px4_msgs/lib:/home/jaehwan/ws_offboard_control/build/rohang25:/usr/lib/x86_64-linux-gnu/gazebo-11/plugins:/opt/ros/humble/opt/rviz_ogre_vendor/lib:/opt/ros/humble/lib/x86_64-linux-gnu:/opt/ros/humble/lib:/usr/share/gazebo/../../lib/x86_64-linux-gnu/gazebo-11/plugins PYTHONPATH=/home/jaehwan/rohang25_R1/install/yolov11_msgs/local/lib/python3.10/dist-packages:/home/jaehwan/rohang25_R1/install/px4_msgs/local/lib/python3.10/dist-packages:${PYTHONPATH} /usr/bin/cmake --install /home/jaehwan/rohang25_R1/build/gimbal_control_25
[9.855s] -- Install configuration: ""
[9.856s] -- Up-to-date: /home/jaehwan/rohang25_R1/install/gimbal_control_25/lib/gimbal_control_25/gimbal_status_node
[9.856s] -- Installing: /home/jaehwan/rohang25_R1/install/gimbal_control_25/lib/gimbal_control_25/gimbal_control_node
[9.859s] -- Set runtime path of "/home/jaehwan/rohang25_R1/install/gimbal_control_25/lib/gimbal_control_25/gimbal_control_node" to ""
[9.860s] -- Up-to-date: /home/jaehwan/rohang25_R1/install/gimbal_control_25/share/ament_index/resource_index/package_run_dependencies/gimbal_control_25
[9.860s] -- Up-to-date: /home/jaehwan/rohang25_R1/install/gimbal_control_25/share/ament_index/resource_index/parent_prefix_path/gimbal_control_25
[9.860s] -- Up-to-date: /home/jaehwan/rohang25_R1/install/gimbal_control_25/share/gimbal_control_25/environment/ament_prefix_path.sh
[9.860s] -- Installing: /home/jaehwan/rohang25_R1/install/gimbal_control_25/share/gimbal_control_25/environment/ament_prefix_path.dsv
[9.860s] -- Up-to-date: /home/jaehwan/rohang25_R1/install/gimbal_control_25/share/gimbal_control_25/environment/path.sh
[9.860s] -- Installing: /home/jaehwan/rohang25_R1/install/gimbal_control_25/share/gimbal_control_25/environment/path.dsv
[9.860s] -- Up-to-date: /home/jaehwan/rohang25_R1/install/gimbal_control_25/share/gimbal_control_25/local_setup.bash
[9.860s] -- Up-to-date: /home/jaehwan/rohang25_R1/install/gimbal_control_25/share/gimbal_control_25/local_setup.sh
[9.860s] -- Up-to-date: /home/jaehwan/rohang25_R1/install/gimbal_control_25/share/gimbal_control_25/local_setup.zsh
[9.860s] -- Installing: /home/jaehwan/rohang25_R1/install/gimbal_control_25/share/gimbal_control_25/local_setup.dsv
[9.861s] -- Installing: /home/jaehwan/rohang25_R1/install/gimbal_control_25/share/gimbal_control_25/package.dsv
[9.861s] -- Up-to-date: /home/jaehwan/rohang25_R1/install/gimbal_control_25/share/ament_index/resource_index/packages/gimbal_control_25
[9.861s] -- Up-to-date: /home/jaehwan/rohang25_R1/install/gimbal_control_25/share/gimbal_control_25/cmake/gimbal_control_25Config.cmake
[9.861s] -- Up-to-date: /home/jaehwan/rohang25_R1/install/gimbal_control_25/share/gimbal_control_25/cmake/gimbal_control_25Config-version.cmake
[9.861s] -- Up-to-date: /home/jaehwan/rohang25_R1/install/gimbal_control_25/share/gimbal_control_25/package.xml
[9.863s] Invoked command in '/home/jaehwan/rohang25_R1/build/gimbal_control_25' returned '0': AMENT_PREFIX_PATH=/home/jaehwan/rohang25_R1/install/yolov11_msgs:/home/jaehwan/rohang25_R1/install/px4_msgs:${AMENT_PREFIX_PATH} CMAKE_PREFIX_PATH=/home/jaehwan/rohang25_R1/install/yolov11_msgs:/home/jaehwan/rohang25_R1/install/px4_msgs:/opt/ros/humble LD_LIBRARY_PATH=/home/jaehwan/rohang25_R1/install/yolov11_msgs/lib:/home/jaehwan/rohang25_R1/install/px4_msgs/lib:/home/jaehwan/ws_offboard_control/build/rohang25:/usr/lib/x86_64-linux-gnu/gazebo-11/plugins:/opt/ros/humble/opt/rviz_ogre_vendor/lib:/opt/ros/humble/lib/x86_64-linux-gnu:/opt/ros/humble/lib:/usr/share/gazebo/../../lib/x86_64-linux-gnu/gazebo-11/plugins PYTHONPATH=/home/jaehwan/rohang25_R1/install/yolov11_msgs/local/lib/python3.10/dist-packages:/home/jaehwan/rohang25_R1/install/px4_msgs/local/lib/python3.10/dist-packages:${PYTHONPATH} /usr/bin/cmake --install /home/jaehwan/rohang25_R1/build/gimbal_control_25
