[ 50%] Built target KALMANFILTER
[35m[1mConsolidate compiler generated dependencies of target geolocation[0m
[100%] Built target geolocation
-- Install configuration: ""
-- Up-to-date: /home/jaehwan/rohang25_R1/install/geolocation_kf_25/lib/libKALMANFILTER.so
-- Up-to-date: /home/jaehwan/rohang25_R1/install/geolocation_kf_25/lib/geolocation_kf_25/geolocation
-- Up-to-date: /home/jaehwan/rohang25_R1/install/geolocation_kf_25/include/geolocation_kf_25
-- Up-to-date: /home/jaehwan/rohang25_R1/install/geolocation_kf_25/include/geolocation_kf_25/uav_manage.h
-- Up-to-date: /home/jaehwan/rohang25_R1/install/geolocation_kf_25/include/geolocation_kf_25/console_color_definition.h
-- Up-to-date: /home/jaehwan/rohang25_R1/install/geolocation_kf_25/include/geolocation_kf_25/console_print.h
-- Up-to-date: /home/jaehwan/rohang25_R1/install/geolocation_kf_25/include/geolocation_kf_25/uav_status.h
-- Up-to-date: /home/jaehwan/rohang25_R1/install/geolocation_kf_25/include/geolocation_kf_25/kalmanfilter.h
-- Up-to-date: /home/jaehwan/rohang25_R1/install/geolocation_kf_25/share/ament_index/resource_index/package_run_dependencies/geolocation_kf_25
-- Up-to-date: /home/jaehwan/rohang25_R1/install/geolocation_kf_25/share/ament_index/resource_index/parent_prefix_path/geolocation_kf_25
-- Up-to-date: /home/jaehwan/rohang25_R1/install/geolocation_kf_25/share/geolocation_kf_25/environment/ament_prefix_path.sh
-- Up-to-date: /home/jaehwan/rohang25_R1/install/geolocation_kf_25/share/geolocation_kf_25/environment/ament_prefix_path.dsv
-- Up-to-date: /home/jaehwan/rohang25_R1/install/geolocation_kf_25/share/geolocation_kf_25/environment/path.sh
-- Up-to-date: /home/jaehwan/rohang25_R1/install/geolocation_kf_25/share/geolocation_kf_25/environment/path.dsv
-- Up-to-date: /home/jaehwan/rohang25_R1/install/geolocation_kf_25/share/geolocation_kf_25/local_setup.bash
-- Up-to-date: /home/jaehwan/rohang25_R1/install/geolocation_kf_25/share/geolocation_kf_25/local_setup.sh
-- Up-to-date: /home/jaehwan/rohang25_R1/install/geolocation_kf_25/share/geolocation_kf_25/local_setup.zsh
-- Up-to-date: /home/jaehwan/rohang25_R1/install/geolocation_kf_25/share/geolocation_kf_25/local_setup.dsv
-- Installing: /home/jaehwan/rohang25_R1/install/geolocation_kf_25/share/geolocation_kf_25/package.dsv
-- Up-to-date: /home/jaehwan/rohang25_R1/install/geolocation_kf_25/share/ament_index/resource_index/packages/geolocation_kf_25
-- Up-to-date: /home/jaehwan/rohang25_R1/install/geolocation_kf_25/share/geolocation_kf_25/cmake/geolocation_kf_25Config.cmake
-- Up-to-date: /home/jaehwan/rohang25_R1/install/geolocation_kf_25/share/geolocation_kf_25/cmake/geolocation_kf_25Config-version.cmake
-- Up-to-date: /home/jaehwan/rohang25_R1/install/geolocation_kf_25/share/geolocation_kf_25/package.xml
