-- Found ament_cmake: 1.3.11 (/opt/ros/humble/share/ament_cmake/cmake)
-- Found builtin_interfaces: 1.2.1 (/opt/ros/humble/share/builtin_interfaces/cmake)
-- Found rosidl_generator_c: 3.1.6 (/opt/ros/humble/share/rosidl_generator_c/cmake)
-- Found rosidl_adapter: 3.1.6 (/opt/ros/humble/share/rosidl_adapter/cmake)
-- Found rosidl_generator_cpp: 3.1.6 (/opt/ros/humble/share/rosidl_generator_cpp/cmake)
-- Using all available rosidl_typesupport_c: rosidl_typesupport_fastrtps_c;rosidl_typesupport_introspection_c
-- Using all available rosidl_typesupport_cpp: rosidl_typesupport_fastrtps_cpp;rosidl_typesupport_introspection_cpp
-- Found geometry_msgs: 4.2.4 (/opt/ros/humble/share/geometry_msgs/cmake)
-- Found px4_msgs: 2.0.1 (/home/jaehwan/rohang25_R1/install/px4_msgs/share/px4_msgs/cmake)
-- Found rclcpp: 16.0.11 (/opt/ros/humble/share/rclcpp/cmake)
-- Found rmw_implementation_cmake: 6.1.2 (/opt/ros/humble/share/rmw_implementation_cmake/cmake)
-- Found rmw_fastrtps_cpp: 6.2.7 (/opt/ros/humble/share/rmw_fastrtps_cpp/cmake)
-- Using RMW implementation 'rmw_fastrtps_cpp' as default
-- Found sensor_msgs: 4.2.4 (/opt/ros/humble/share/sensor_msgs/cmake)
-- Found rclpy: 3.3.15 (/opt/ros/humble/share/rclpy/cmake)
-- Found mavros_msgs: 2.9.0 (/opt/ros/humble/share/mavros_msgs/cmake)
-- Found ament_lint_auto: 0.12.11 (/opt/ros/humble/share/ament_lint_auto/cmake)
-- Added test 'cppcheck' to perform static code analysis on C / C++ code
-- Configured cppcheck include dirs: /home/jaehwan/rohang25_R1/src/rohang25/include;$<BUILD_INTERFACE:/home/jaehwan/rohang25_R1/src/rohang25/include/rohang25>
-- Configured cppcheck exclude dirs and/or files: 
-- Added test 'lint_cmake' to check CMake code style
-- Added test 'uncrustify' to check C / C++ code style
-- Configured uncrustify additional arguments: 
-- Added test 'xmllint' to check XML markup files
-- Configuring done
-- Generating done
-- Build files have been written to: /home/jaehwan/rohang25_R1/build/rohang25
[35m[1mConsolidate compiler generated dependencies of target LOG[0m
[35m[1mConsolidate compiler generated dependencies of target CUSTOMLIB[0m
[35m[1mConsolidate compiler generated dependencies of target CONTROL[0m
[ 20%] [32m[1mLinking CXX shared library libLOG.so[0m
[ 50%] Built target CUSTOMLIB
[ 60%] [32mBuilding CXX object CMakeFiles/CONTROL.dir/src/control.cpp.o[0m
[ 70%] Built target LOG
[ 80%] [32m[1mLinking CXX shared library libCONTROL.so[0m
[ 80%] Built target CONTROL
[35m[1mConsolidate compiler generated dependencies of target offboard_control[0m
[ 90%] [32mBuilding CXX object CMakeFiles/offboard_control.dir/src/main_offboard.cpp.o[0m
[100%] [32m[1mLinking CXX executable offboard_control[0m
[100%] Built target offboard_control
-- Install configuration: ""
-- Installing: /home/jaehwan/rohang25_R1/install/rohang25/lib/rohang25/offboard_control
-- Set runtime path of "/home/jaehwan/rohang25_R1/install/rohang25/lib/rohang25/offboard_control" to ""
-- Up-to-date: /home/jaehwan/rohang25_R1/install/rohang25/include/rohang25
-- Up-to-date: /home/jaehwan/rohang25_R1/install/rohang25/include/rohang25/mission.h
-- Up-to-date: /home/jaehwan/rohang25_R1/install/rohang25/include/rohang25/algebra.h
-- Up-to-date: /home/jaehwan/rohang25_R1/install/rohang25/include/rohang25/guidance.h
-- Up-to-date: /home/jaehwan/rohang25_R1/install/rohang25/include/rohang25/frame.h
-- Up-to-date: /home/jaehwan/rohang25_R1/install/rohang25/include/rohang25/config.h
-- Up-to-date: /home/jaehwan/rohang25_R1/install/rohang25/include/rohang25/log.h
-- Up-to-date: /home/jaehwan/rohang25_R1/install/rohang25/include/rohang25/control.h
-- Up-to-date: /home/jaehwan/rohang25_R1/install/rohang25/include/rohang25/global_def.h
-- Up-to-date: /home/jaehwan/rohang25_R1/install/rohang25/share/ament_index/resource_index/package_run_dependencies/rohang25
-- Installing: /home/jaehwan/rohang25_R1/install/rohang25/share/ament_index/resource_index/parent_prefix_path/rohang25
-- Up-to-date: /home/jaehwan/rohang25_R1/install/rohang25/share/rohang25/environment/ament_prefix_path.sh
-- Installing: /home/jaehwan/rohang25_R1/install/rohang25/share/rohang25/environment/ament_prefix_path.dsv
-- Up-to-date: /home/jaehwan/rohang25_R1/install/rohang25/share/rohang25/environment/path.sh
-- Installing: /home/jaehwan/rohang25_R1/install/rohang25/share/rohang25/environment/path.dsv
-- Up-to-date: /home/jaehwan/rohang25_R1/install/rohang25/share/rohang25/local_setup.bash
-- Up-to-date: /home/jaehwan/rohang25_R1/install/rohang25/share/rohang25/local_setup.sh
-- Up-to-date: /home/jaehwan/rohang25_R1/install/rohang25/share/rohang25/local_setup.zsh
-- Installing: /home/jaehwan/rohang25_R1/install/rohang25/share/rohang25/local_setup.dsv
-- Installing: /home/jaehwan/rohang25_R1/install/rohang25/share/rohang25/package.dsv
-- Up-to-date: /home/jaehwan/rohang25_R1/install/rohang25/share/ament_index/resource_index/packages/rohang25
-- Up-to-date: /home/jaehwan/rohang25_R1/install/rohang25/share/rohang25/cmake/rohang25Config.cmake
-- Up-to-date: /home/jaehwan/rohang25_R1/install/rohang25/share/rohang25/cmake/rohang25Config-version.cmake
-- Up-to-date: /home/jaehwan/rohang25_R1/install/rohang25/share/rohang25/package.xml
