[0.043s] Invoking command in '/home/jaehwan/rohang25_R1/build/gimbal_control_25': CMAKE_PREFIX_PATH=/home/jaehwan/rohang25_R1/install/yolov11_msgs:/home/jaehwan/rohang25_R1/install/px4_msgs:/home/jaehwan/rohang25_R1/install/rohang25_test:/home/jaehwan/rohang25_R1/install/gimbal_control_25:/home/jaehwan/rohang25_R1/install/geolocation_kf_25:/home/jaehwan/rohang25_R1/install/rohang25:/home/jaehwan/rohang25_R1/install/gscam:/home/jaehwan/rohang25_R1/install/yolov11:/opt/ros/humble LD_LIBRARY_PATH=/home/jaehwan/rohang25_R1/install/yolov11_msgs/lib:/home/jaehwan/rohang25_R1/install/px4_msgs/lib:/home/jaehwan/rohang25_R1/install/rohang25_test/lib:/home/jaehwan/rohang25_R1/install/geolocation_kf_25/lib:/home/jaehwan/rohang25_R1/install/gscam/lib:/home/jaehwan/ws_offboard_control/build/rohang25:/usr/lib/x86_64-linux-gnu/gazebo-11/plugins:/opt/ros/humble/opt/rviz_ogre_vendor/lib:/opt/ros/humble/lib/x86_64-linux-gnu:/opt/ros/humble/lib:/usr/share/gazebo/../../lib/x86_64-linux-gnu/gazebo-11/plugins /usr/bin/cmake --build /home/jaehwan/rohang25_R1/build/gimbal_control_25 -- -j12 -l12
[0.139s] [35m[1mConsolidate compiler generated dependencies of target gimbal_control_node[0m
[0.150s] [ 50%] Built target gimbal_status_node
[0.174s] [ 75%] [32mBuilding CXX object CMakeFiles/gimbal_control_node.dir/src/gimbal_control_node_real_f.cpp.o[0m
[4.710s] [01m[K/home/jaehwan/rohang25_R1/src/gimbal_control_25/src/gimbal_control_node_real_f.cpp:[m[K In member function ‘[01m[Kvoid GimbalControlNode::control_loop()[m[K’:
[4.710s] [01m[K/home/jaehwan/rohang25_R1/src/gimbal_control_25/src/gimbal_control_node_real_f.cpp:204:26:[m[K [01;35m[Kwarning: [m[Kunused variable ‘[01m[KALPHA_PANT[m[K’ [[01;35m[K]8;;https://gcc.gnu.org/onlinedocs/gcc/Warning-Options.html#index-Wunused-variable-Wunused-variable]8;;[m[K]
[4.711s]   204 |         constexpr double [01;35m[KALPHA_PANT[m[K = 0.5; // 0.3~0.8에서 튜닝
[4.711s]       |                          [01;35m[K^~~~~~~~~~[m[K
[16.574s] [100%] [32m[1mLinking CXX executable gimbal_control_node[0m
[17.500s] [100%] Built target gimbal_control_node
[17.519s] Invoked command in '/home/jaehwan/rohang25_R1/build/gimbal_control_25' returned '0': CMAKE_PREFIX_PATH=/home/jaehwan/rohang25_R1/install/yolov11_msgs:/home/jaehwan/rohang25_R1/install/px4_msgs:/home/jaehwan/rohang25_R1/install/rohang25_test:/home/jaehwan/rohang25_R1/install/gimbal_control_25:/home/jaehwan/rohang25_R1/install/geolocation_kf_25:/home/jaehwan/rohang25_R1/install/rohang25:/home/jaehwan/rohang25_R1/install/gscam:/home/jaehwan/rohang25_R1/install/yolov11:/opt/ros/humble LD_LIBRARY_PATH=/home/jaehwan/rohang25_R1/install/yolov11_msgs/lib:/home/jaehwan/rohang25_R1/install/px4_msgs/lib:/home/jaehwan/rohang25_R1/install/rohang25_test/lib:/home/jaehwan/rohang25_R1/install/geolocation_kf_25/lib:/home/jaehwan/rohang25_R1/install/gscam/lib:/home/jaehwan/ws_offboard_control/build/rohang25:/usr/lib/x86_64-linux-gnu/gazebo-11/plugins:/opt/ros/humble/opt/rviz_ogre_vendor/lib:/opt/ros/humble/lib/x86_64-linux-gnu:/opt/ros/humble/lib:/usr/share/gazebo/../../lib/x86_64-linux-gnu/gazebo-11/plugins /usr/bin/cmake --build /home/jaehwan/rohang25_R1/build/gimbal_control_25 -- -j12 -l12
[17.521s] Invoking command in '/home/jaehwan/rohang25_R1/build/gimbal_control_25': CMAKE_PREFIX_PATH=/home/jaehwan/rohang25_R1/install/yolov11_msgs:/home/jaehwan/rohang25_R1/install/px4_msgs:/home/jaehwan/rohang25_R1/install/rohang25_test:/home/jaehwan/rohang25_R1/install/gimbal_control_25:/home/jaehwan/rohang25_R1/install/geolocation_kf_25:/home/jaehwan/rohang25_R1/install/rohang25:/home/jaehwan/rohang25_R1/install/gscam:/home/jaehwan/rohang25_R1/install/yolov11:/opt/ros/humble LD_LIBRARY_PATH=/home/jaehwan/rohang25_R1/install/yolov11_msgs/lib:/home/jaehwan/rohang25_R1/install/px4_msgs/lib:/home/jaehwan/rohang25_R1/install/rohang25_test/lib:/home/jaehwan/rohang25_R1/install/geolocation_kf_25/lib:/home/jaehwan/rohang25_R1/install/gscam/lib:/home/jaehwan/ws_offboard_control/build/rohang25:/usr/lib/x86_64-linux-gnu/gazebo-11/plugins:/opt/ros/humble/opt/rviz_ogre_vendor/lib:/opt/ros/humble/lib/x86_64-linux-gnu:/opt/ros/humble/lib:/usr/share/gazebo/../../lib/x86_64-linux-gnu/gazebo-11/plugins /usr/bin/cmake --install /home/jaehwan/rohang25_R1/build/gimbal_control_25
[17.531s] -- Install configuration: ""
[17.531s] -- Up-to-date: /home/jaehwan/rohang25_R1/install/gimbal_control_25/lib/gimbal_control_25/gimbal_status_node
[17.531s] -- Installing: /home/jaehwan/rohang25_R1/install/gimbal_control_25/lib/gimbal_control_25/gimbal_control_node
[17.538s] -- Set runtime path of "/home/jaehwan/rohang25_R1/install/gimbal_control_25/lib/gimbal_control_25/gimbal_control_node" to ""
[17.538s] -- Up-to-date: /home/jaehwan/rohang25_R1/install/gimbal_control_25/share/ament_index/resource_index/package_run_dependencies/gimbal_control_25
[17.538s] -- Up-to-date: /home/jaehwan/rohang25_R1/install/gimbal_control_25/share/ament_index/resource_index/parent_prefix_path/gimbal_control_25
[17.538s] -- Up-to-date: /home/jaehwan/rohang25_R1/install/gimbal_control_25/share/gimbal_control_25/environment/ament_prefix_path.sh
[17.539s] -- Up-to-date: /home/jaehwan/rohang25_R1/install/gimbal_control_25/share/gimbal_control_25/environment/ament_prefix_path.dsv
[17.539s] -- Up-to-date: /home/jaehwan/rohang25_R1/install/gimbal_control_25/share/gimbal_control_25/environment/path.sh
[17.539s] -- Up-to-date: /home/jaehwan/rohang25_R1/install/gimbal_control_25/share/gimbal_control_25/environment/path.dsv
[17.539s] -- Up-to-date: /home/jaehwan/rohang25_R1/install/gimbal_control_25/share/gimbal_control_25/local_setup.bash
[17.539s] -- Up-to-date: /home/jaehwan/rohang25_R1/install/gimbal_control_25/share/gimbal_control_25/local_setup.sh
[17.539s] -- Up-to-date: /home/jaehwan/rohang25_R1/install/gimbal_control_25/share/gimbal_control_25/local_setup.zsh
[17.539s] -- Up-to-date: /home/jaehwan/rohang25_R1/install/gimbal_control_25/share/gimbal_control_25/local_setup.dsv
[17.539s] -- Installing: /home/jaehwan/rohang25_R1/install/gimbal_control_25/share/gimbal_control_25/package.dsv
[17.539s] -- Up-to-date: /home/jaehwan/rohang25_R1/install/gimbal_control_25/share/ament_index/resource_index/packages/gimbal_control_25
[17.539s] -- Up-to-date: /home/jaehwan/rohang25_R1/install/gimbal_control_25/share/gimbal_control_25/cmake/gimbal_control_25Config.cmake
[17.539s] -- Up-to-date: /home/jaehwan/rohang25_R1/install/gimbal_control_25/share/gimbal_control_25/cmake/gimbal_control_25Config-version.cmake
[17.539s] -- Up-to-date: /home/jaehwan/rohang25_R1/install/gimbal_control_25/share/gimbal_control_25/package.xml
[17.542s] Invoked command in '/home/jaehwan/rohang25_R1/build/gimbal_control_25' returned '0': CMAKE_PREFIX_PATH=/home/jaehwan/rohang25_R1/install/yolov11_msgs:/home/jaehwan/rohang25_R1/install/px4_msgs:/home/jaehwan/rohang25_R1/install/rohang25_test:/home/jaehwan/rohang25_R1/install/gimbal_control_25:/home/jaehwan/rohang25_R1/install/geolocation_kf_25:/home/jaehwan/rohang25_R1/install/rohang25:/home/jaehwan/rohang25_R1/install/gscam:/home/jaehwan/rohang25_R1/install/yolov11:/opt/ros/humble LD_LIBRARY_PATH=/home/jaehwan/rohang25_R1/install/yolov11_msgs/lib:/home/jaehwan/rohang25_R1/install/px4_msgs/lib:/home/jaehwan/rohang25_R1/install/rohang25_test/lib:/home/jaehwan/rohang25_R1/install/geolocation_kf_25/lib:/home/jaehwan/rohang25_R1/install/gscam/lib:/home/jaehwan/ws_offboard_control/build/rohang25:/usr/lib/x86_64-linux-gnu/gazebo-11/plugins:/opt/ros/humble/opt/rviz_ogre_vendor/lib:/opt/ros/humble/lib/x86_64-linux-gnu:/opt/ros/humble/lib:/usr/share/gazebo/../../lib/x86_64-linux-gnu/gazebo-11/plugins /usr/bin/cmake --install /home/jaehwan/rohang25_R1/build/gimbal_control_25
