[0.010s] Invoking command in '/home/jaehwan/rohang25_R1/build/geolocation_kf_25': AMENT_PREFIX_PATH=/home/jaehwan/rohang25_R1/install/yolov11_msgs:/home/jaehwan/rohang25_R1/install/px4_msgs:${AMENT_PREFIX_PATH} CMAKE_PREFIX_PATH=/home/jaehwan/rohang25_R1/install/yolov11_msgs:/home/jaehwan/rohang25_R1/install/px4_msgs:/opt/ros/humble LD_LIBRARY_PATH=/home/jaehwan/rohang25_R1/install/yolov11_msgs/lib:/home/jaehwan/rohang25_R1/install/px4_msgs/lib:/home/jaehwan/ws_offboard_control/build/rohang25:/usr/lib/x86_64-linux-gnu/gazebo-11/plugins:/opt/ros/humble/opt/rviz_ogre_vendor/lib:/opt/ros/humble/lib/x86_64-linux-gnu:/opt/ros/humble/lib:/usr/share/gazebo/../../lib/x86_64-linux-gnu/gazebo-11/plugins PYTHONPATH=/home/jaehwan/rohang25_R1/install/yolov11_msgs/local/lib/python3.10/dist-packages:/home/jaehwan/rohang25_R1/install/px4_msgs/local/lib/python3.10/dist-packages:${PYTHONPATH} /usr/bin/cmake --build /home/jaehwan/rohang25_R1/build/geolocation_kf_25 -- -j12 -l12
[0.056s] [ 50%] Built target KALMANFILTER
[0.086s] [100%] Built target geolocation
[0.096s] Invoked command in '/home/jaehwan/rohang25_R1/build/geolocation_kf_25' returned '0': AMENT_PREFIX_PATH=/home/jaehwan/rohang25_R1/install/yolov11_msgs:/home/jaehwan/rohang25_R1/install/px4_msgs:${AMENT_PREFIX_PATH} CMAKE_PREFIX_PATH=/home/jaehwan/rohang25_R1/install/yolov11_msgs:/home/jaehwan/rohang25_R1/install/px4_msgs:/opt/ros/humble LD_LIBRARY_PATH=/home/jaehwan/rohang25_R1/install/yolov11_msgs/lib:/home/jaehwan/rohang25_R1/install/px4_msgs/lib:/home/jaehwan/ws_offboard_control/build/rohang25:/usr/lib/x86_64-linux-gnu/gazebo-11/plugins:/opt/ros/humble/opt/rviz_ogre_vendor/lib:/opt/ros/humble/lib/x86_64-linux-gnu:/opt/ros/humble/lib:/usr/share/gazebo/../../lib/x86_64-linux-gnu/gazebo-11/plugins PYTHONPATH=/home/jaehwan/rohang25_R1/install/yolov11_msgs/local/lib/python3.10/dist-packages:/home/jaehwan/rohang25_R1/install/px4_msgs/local/lib/python3.10/dist-packages:${PYTHONPATH} /usr/bin/cmake --build /home/jaehwan/rohang25_R1/build/geolocation_kf_25 -- -j12 -l12
[0.098s] Invoking command in '/home/jaehwan/rohang25_R1/build/geolocation_kf_25': AMENT_PREFIX_PATH=/home/jaehwan/rohang25_R1/install/yolov11_msgs:/home/jaehwan/rohang25_R1/install/px4_msgs:${AMENT_PREFIX_PATH} CMAKE_PREFIX_PATH=/home/jaehwan/rohang25_R1/install/yolov11_msgs:/home/jaehwan/rohang25_R1/install/px4_msgs:/opt/ros/humble LD_LIBRARY_PATH=/home/jaehwan/rohang25_R1/install/yolov11_msgs/lib:/home/jaehwan/rohang25_R1/install/px4_msgs/lib:/home/jaehwan/ws_offboard_control/build/rohang25:/usr/lib/x86_64-linux-gnu/gazebo-11/plugins:/opt/ros/humble/opt/rviz_ogre_vendor/lib:/opt/ros/humble/lib/x86_64-linux-gnu:/opt/ros/humble/lib:/usr/share/gazebo/../../lib/x86_64-linux-gnu/gazebo-11/plugins PYTHONPATH=/home/jaehwan/rohang25_R1/install/yolov11_msgs/local/lib/python3.10/dist-packages:/home/jaehwan/rohang25_R1/install/px4_msgs/local/lib/python3.10/dist-packages:${PYTHONPATH} /usr/bin/cmake --install /home/jaehwan/rohang25_R1/build/geolocation_kf_25
[0.102s] -- Install configuration: ""
[0.103s] -- Up-to-date: /home/jaehwan/rohang25_R1/install/geolocation_kf_25/lib/libKALMANFILTER.so
[0.103s] -- Up-to-date: /home/jaehwan/rohang25_R1/install/geolocation_kf_25/lib/geolocation_kf_25/geolocation
[0.103s] -- Up-to-date: /home/jaehwan/rohang25_R1/install/geolocation_kf_25/include/geolocation_kf_25
[0.103s] -- Up-to-date: /home/jaehwan/rohang25_R1/install/geolocation_kf_25/include/geolocation_kf_25/uav_manage.h
[0.103s] -- Up-to-date: /home/jaehwan/rohang25_R1/install/geolocation_kf_25/include/geolocation_kf_25/console_color_definition.h
[0.103s] -- Up-to-date: /home/jaehwan/rohang25_R1/install/geolocation_kf_25/include/geolocation_kf_25/console_print.h
[0.103s] -- Up-to-date: /home/jaehwan/rohang25_R1/install/geolocation_kf_25/include/geolocation_kf_25/uav_status.h
[0.103s] -- Up-to-date: /home/jaehwan/rohang25_R1/install/geolocation_kf_25/include/geolocation_kf_25/kalmanfilter.h
[0.103s] -- Up-to-date: /home/jaehwan/rohang25_R1/install/geolocation_kf_25/share/ament_index/resource_index/package_run_dependencies/geolocation_kf_25
[0.103s] -- Up-to-date: /home/jaehwan/rohang25_R1/install/geolocation_kf_25/share/ament_index/resource_index/parent_prefix_path/geolocation_kf_25
[0.104s] -- Up-to-date: /home/jaehwan/rohang25_R1/install/geolocation_kf_25/share/geolocation_kf_25/environment/ament_prefix_path.sh
[0.104s] -- Up-to-date: /home/jaehwan/rohang25_R1/install/geolocation_kf_25/share/geolocation_kf_25/environment/ament_prefix_path.dsv
[0.104s] -- Up-to-date: /home/jaehwan/rohang25_R1/install/geolocation_kf_25/share/geolocation_kf_25/environment/path.sh
[0.104s] -- Up-to-date: /home/jaehwan/rohang25_R1/install/geolocation_kf_25/share/geolocation_kf_25/environment/path.dsv
[0.104s] -- Up-to-date: /home/jaehwan/rohang25_R1/install/geolocation_kf_25/share/geolocation_kf_25/local_setup.bash
[0.104s] -- Up-to-date: /home/jaehwan/rohang25_R1/install/geolocation_kf_25/share/geolocation_kf_25/local_setup.sh
[0.104s] -- Up-to-date: /home/jaehwan/rohang25_R1/install/geolocation_kf_25/share/geolocation_kf_25/local_setup.zsh
[0.104s] -- Up-to-date: /home/jaehwan/rohang25_R1/install/geolocation_kf_25/share/geolocation_kf_25/local_setup.dsv
[0.104s] -- Installing: /home/jaehwan/rohang25_R1/install/geolocation_kf_25/share/geolocation_kf_25/package.dsv
[0.104s] -- Up-to-date: /home/jaehwan/rohang25_R1/install/geolocation_kf_25/share/ament_index/resource_index/packages/geolocation_kf_25
[0.104s] -- Up-to-date: /home/jaehwan/rohang25_R1/install/geolocation_kf_25/share/geolocation_kf_25/cmake/geolocation_kf_25Config.cmake
[0.104s] -- Up-to-date: /home/jaehwan/rohang25_R1/install/geolocation_kf_25/share/geolocation_kf_25/cmake/geolocation_kf_25Config-version.cmake
[0.104s] -- Up-to-date: /home/jaehwan/rohang25_R1/install/geolocation_kf_25/share/geolocation_kf_25/package.xml
[0.106s] Invoked command in '/home/jaehwan/rohang25_R1/build/geolocation_kf_25' returned '0': AMENT_PREFIX_PATH=/home/jaehwan/rohang25_R1/install/yolov11_msgs:/home/jaehwan/rohang25_R1/install/px4_msgs:${AMENT_PREFIX_PATH} CMAKE_PREFIX_PATH=/home/jaehwan/rohang25_R1/install/yolov11_msgs:/home/jaehwan/rohang25_R1/install/px4_msgs:/opt/ros/humble LD_LIBRARY_PATH=/home/jaehwan/rohang25_R1/install/yolov11_msgs/lib:/home/jaehwan/rohang25_R1/install/px4_msgs/lib:/home/jaehwan/ws_offboard_control/build/rohang25:/usr/lib/x86_64-linux-gnu/gazebo-11/plugins:/opt/ros/humble/opt/rviz_ogre_vendor/lib:/opt/ros/humble/lib/x86_64-linux-gnu:/opt/ros/humble/lib:/usr/share/gazebo/../../lib/x86_64-linux-gnu/gazebo-11/plugins PYTHONPATH=/home/jaehwan/rohang25_R1/install/yolov11_msgs/local/lib/python3.10/dist-packages:/home/jaehwan/rohang25_R1/install/px4_msgs/local/lib/python3.10/dist-packages:${PYTHONPATH} /usr/bin/cmake --install /home/jaehwan/rohang25_R1/build/geolocation_kf_25
