[0.026s] Invoking command in '/home/jaehwan/rohang25_R1/build/yolov11_msgs': CMAKE_PREFIX_PATH=${CMAKE_PREFIX_PATH}:/home/jaehwan/rohang25_R1/install/yolov11:/opt/ros/humble /usr/bin/cmake --build /home/jaehwan/rohang25_R1/build/yolov11_msgs -- -j12 -l12
[0.110s] [  3%] Built target yolov11_msgs__cpp
[0.110s] [ 12%] Built target yolov11_msgs__rosidl_generator_c
[0.128s] [ 12%] Built target ament_cmake_python_copy_yolov11_msgs
[0.154s] [ 22%] Built target yolov11_msgs__rosidl_typesupport_introspection_c
[0.155s] [ 32%] Built target yolov11_msgs__rosidl_typesupport_fastrtps_c
[0.159s] [ 41%] Built target yolov11_msgs__rosidl_typesupport_c
[0.159s] [ 51%] Built target yolov11_msgs__rosidl_typesupport_cpp
[0.174s] [ 61%] Built target yolov11_msgs__rosidl_typesupport_introspection_cpp
[0.186s] [ 70%] Built target yolov11_msgs__rosidl_typesupport_fastrtps_cpp
[0.226s] [ 70%] Built target yolov11_msgs
[0.272s] [ 74%] Built target yolov11_msgs__py
[0.311s] [ 80%] Built target yolov11_msgs__rosidl_generator_py
[0.360s] [ 87%] Built target yolov11_msgs__rosidl_typesupport_introspection_c__pyext
[0.368s] [ 93%] Built target yolov11_msgs__rosidl_typesupport_c__pyext
[0.371s] [100%] Built target yolov11_msgs__rosidl_typesupport_fastrtps_c__pyext
[0.473s] running egg_info
[0.491s] writing yolov11_msgs.egg-info/PKG-INFO
[0.491s] writing dependency_links to yolov11_msgs.egg-info/dependency_links.txt
[0.491s] writing top-level names to yolov11_msgs.egg-info/top_level.txt
[0.562s] reading manifest file 'yolov11_msgs.egg-info/SOURCES.txt'
[0.563s] writing manifest file 'yolov11_msgs.egg-info/SOURCES.txt'
[0.627s] [100%] Built target ament_cmake_python_build_yolov11_msgs_egg
[0.648s] Invoked command in '/home/jaehwan/rohang25_R1/build/yolov11_msgs' returned '0': CMAKE_PREFIX_PATH=${CMAKE_PREFIX_PATH}:/home/jaehwan/rohang25_R1/install/yolov11:/opt/ros/humble /usr/bin/cmake --build /home/jaehwan/rohang25_R1/build/yolov11_msgs -- -j12 -l12
[0.648s] Invoking command in '/home/jaehwan/rohang25_R1/build/yolov11_msgs': CMAKE_PREFIX_PATH=${CMAKE_PREFIX_PATH}:/home/jaehwan/rohang25_R1/install/yolov11:/opt/ros/humble /usr/bin/cmake --install /home/jaehwan/rohang25_R1/build/yolov11_msgs
[0.660s] -- Install configuration: ""
[0.661s] -- Up-to-date: /home/jaehwan/rohang25_R1/install/yolov11_msgs/share/ament_index/resource_index/rosidl_interfaces/yolov11_msgs
[0.661s] -- Up-to-date: /home/jaehwan/rohang25_R1/install/yolov11_msgs/include/yolov11_msgs/yolov11_msgs
[0.661s] -- Up-to-date: /home/jaehwan/rohang25_R1/install/yolov11_msgs/include/yolov11_msgs/yolov11_msgs/msg
[0.661s] -- Up-to-date: /home/jaehwan/rohang25_R1/install/yolov11_msgs/include/yolov11_msgs/yolov11_msgs/msg/detail
[0.662s] -- Up-to-date: /home/jaehwan/rohang25_R1/install/yolov11_msgs/include/yolov11_msgs/yolov11_msgs/msg/detail/detection__functions.c
[0.662s] -- Up-to-date: /home/jaehwan/rohang25_R1/install/yolov11_msgs/include/yolov11_msgs/yolov11_msgs/msg/detail/detection__functions.h
[0.662s] -- Up-to-date: /home/jaehwan/rohang25_R1/install/yolov11_msgs/include/yolov11_msgs/yolov11_msgs/msg/detail/detection__struct.h
[0.662s] -- Up-to-date: /home/jaehwan/rohang25_R1/install/yolov11_msgs/include/yolov11_msgs/yolov11_msgs/msg/detail/detection__type_support.h
[0.662s] -- Up-to-date: /home/jaehwan/rohang25_R1/install/yolov11_msgs/include/yolov11_msgs/yolov11_msgs/msg/rosidl_generator_c__visibility_control.h
[0.663s] -- Up-to-date: /home/jaehwan/rohang25_R1/install/yolov11_msgs/include/yolov11_msgs/yolov11_msgs/msg/detection.h
[0.663s] -- Up-to-date: /home/jaehwan/rohang25_R1/install/yolov11_msgs/share/yolov11_msgs/environment/library_path.sh
[0.663s] -- Up-to-date: /home/jaehwan/rohang25_R1/install/yolov11_msgs/share/yolov11_msgs/environment/library_path.dsv
[0.663s] -- Up-to-date: /home/jaehwan/rohang25_R1/install/yolov11_msgs/lib/libyolov11_msgs__rosidl_generator_c.so
[0.663s] -- Up-to-date: /home/jaehwan/rohang25_R1/install/yolov11_msgs/include/yolov11_msgs/yolov11_msgs
[0.663s] -- Up-to-date: /home/jaehwan/rohang25_R1/install/yolov11_msgs/include/yolov11_msgs/yolov11_msgs/msg
[0.663s] -- Up-to-date: /home/jaehwan/rohang25_R1/install/yolov11_msgs/include/yolov11_msgs/yolov11_msgs/msg/detail
[0.664s] -- Up-to-date: /home/jaehwan/rohang25_R1/install/yolov11_msgs/include/yolov11_msgs/yolov11_msgs/msg/detail/detection__rosidl_typesupport_fastrtps_c.h
[0.664s] -- Up-to-date: /home/jaehwan/rohang25_R1/install/yolov11_msgs/include/yolov11_msgs/yolov11_msgs/msg/rosidl_typesupport_fastrtps_c__visibility_control.h
[0.664s] -- Up-to-date: /home/jaehwan/rohang25_R1/install/yolov11_msgs/lib/libyolov11_msgs__rosidl_typesupport_fastrtps_c.so
[0.664s] -- Up-to-date: /home/jaehwan/rohang25_R1/install/yolov11_msgs/include/yolov11_msgs/yolov11_msgs
[0.664s] -- Up-to-date: /home/jaehwan/rohang25_R1/install/yolov11_msgs/include/yolov11_msgs/yolov11_msgs/msg
[0.664s] -- Up-to-date: /home/jaehwan/rohang25_R1/install/yolov11_msgs/include/yolov11_msgs/yolov11_msgs/msg/rosidl_generator_cpp__visibility_control.hpp
[0.665s] -- Up-to-date: /home/jaehwan/rohang25_R1/install/yolov11_msgs/include/yolov11_msgs/yolov11_msgs/msg/detail
[0.665s] -- Up-to-date: /home/jaehwan/rohang25_R1/install/yolov11_msgs/include/yolov11_msgs/yolov11_msgs/msg/detail/detection__struct.hpp
[0.665s] -- Up-to-date: /home/jaehwan/rohang25_R1/install/yolov11_msgs/include/yolov11_msgs/yolov11_msgs/msg/detail/detection__traits.hpp
[0.665s] -- Up-to-date: /home/jaehwan/rohang25_R1/install/yolov11_msgs/include/yolov11_msgs/yolov11_msgs/msg/detail/detection__builder.hpp
[0.665s] -- Up-to-date: /home/jaehwan/rohang25_R1/install/yolov11_msgs/include/yolov11_msgs/yolov11_msgs/msg/detail/detection__type_support.hpp
[0.665s] -- Up-to-date: /home/jaehwan/rohang25_R1/install/yolov11_msgs/include/yolov11_msgs/yolov11_msgs/msg/detection.hpp
[0.665s] -- Up-to-date: /home/jaehwan/rohang25_R1/install/yolov11_msgs/include/yolov11_msgs/yolov11_msgs
[0.665s] -- Up-to-date: /home/jaehwan/rohang25_R1/install/yolov11_msgs/include/yolov11_msgs/yolov11_msgs/msg
[0.665s] -- Up-to-date: /home/jaehwan/rohang25_R1/install/yolov11_msgs/include/yolov11_msgs/yolov11_msgs/msg/detail
[0.666s] -- Up-to-date: /home/jaehwan/rohang25_R1/install/yolov11_msgs/include/yolov11_msgs/yolov11_msgs/msg/detail/dds_fastrtps
[0.666s] -- Up-to-date: /home/jaehwan/rohang25_R1/install/yolov11_msgs/include/yolov11_msgs/yolov11_msgs/msg/detail/detection__rosidl_typesupport_fastrtps_cpp.hpp
[0.666s] -- Up-to-date: /home/jaehwan/rohang25_R1/install/yolov11_msgs/include/yolov11_msgs/yolov11_msgs/msg/rosidl_typesupport_fastrtps_cpp__visibility_control.h
[0.666s] -- Up-to-date: /home/jaehwan/rohang25_R1/install/yolov11_msgs/lib/libyolov11_msgs__rosidl_typesupport_fastrtps_cpp.so
[0.666s] -- Up-to-date: /home/jaehwan/rohang25_R1/install/yolov11_msgs/include/yolov11_msgs/yolov11_msgs
[0.666s] -- Up-to-date: /home/jaehwan/rohang25_R1/install/yolov11_msgs/include/yolov11_msgs/yolov11_msgs/msg
[0.666s] -- Up-to-date: /home/jaehwan/rohang25_R1/install/yolov11_msgs/include/yolov11_msgs/yolov11_msgs/msg/detail
[0.666s] -- Up-to-date: /home/jaehwan/rohang25_R1/install/yolov11_msgs/include/yolov11_msgs/yolov11_msgs/msg/detail/detection__type_support.c
[0.666s] -- Up-to-date: /home/jaehwan/rohang25_R1/install/yolov11_msgs/include/yolov11_msgs/yolov11_msgs/msg/detail/detection__rosidl_typesupport_introspection_c.h
[0.666s] -- Up-to-date: /home/jaehwan/rohang25_R1/install/yolov11_msgs/include/yolov11_msgs/yolov11_msgs/msg/rosidl_typesupport_introspection_c__visibility_control.h
[0.667s] -- Up-to-date: /home/jaehwan/rohang25_R1/install/yolov11_msgs/lib/libyolov11_msgs__rosidl_typesupport_introspection_c.so
[0.667s] -- Up-to-date: /home/jaehwan/rohang25_R1/install/yolov11_msgs/lib/libyolov11_msgs__rosidl_typesupport_c.so
[0.667s] -- Up-to-date: /home/jaehwan/rohang25_R1/install/yolov11_msgs/include/yolov11_msgs/yolov11_msgs
[0.667s] -- Up-to-date: /home/jaehwan/rohang25_R1/install/yolov11_msgs/include/yolov11_msgs/yolov11_msgs/msg
[0.667s] -- Up-to-date: /home/jaehwan/rohang25_R1/install/yolov11_msgs/include/yolov11_msgs/yolov11_msgs/msg/detail
[0.667s] -- Up-to-date: /home/jaehwan/rohang25_R1/install/yolov11_msgs/include/yolov11_msgs/yolov11_msgs/msg/detail/detection__rosidl_typesupport_introspection_cpp.hpp
[0.667s] -- Up-to-date: /home/jaehwan/rohang25_R1/install/yolov11_msgs/include/yolov11_msgs/yolov11_msgs/msg/detail/detection__type_support.cpp
[0.667s] -- Up-to-date: /home/jaehwan/rohang25_R1/install/yolov11_msgs/lib/libyolov11_msgs__rosidl_typesupport_introspection_cpp.so
[0.667s] -- Up-to-date: /home/jaehwan/rohang25_R1/install/yolov11_msgs/lib/libyolov11_msgs__rosidl_typesupport_cpp.so
[0.667s] -- Up-to-date: /home/jaehwan/rohang25_R1/install/yolov11_msgs/share/yolov11_msgs/environment/pythonpath.sh
[0.668s] -- Up-to-date: /home/jaehwan/rohang25_R1/install/yolov11_msgs/share/yolov11_msgs/environment/pythonpath.dsv
[0.668s] -- Up-to-date: /home/jaehwan/rohang25_R1/install/yolov11_msgs/local/lib/python3.10/dist-packages/yolov11_msgs-0.0.1-py3.10.egg-info
[0.668s] -- Installing: /home/jaehwan/rohang25_R1/install/yolov11_msgs/local/lib/python3.10/dist-packages/yolov11_msgs-0.0.1-py3.10.egg-info/PKG-INFO
[0.668s] -- Installing: /home/jaehwan/rohang25_R1/install/yolov11_msgs/local/lib/python3.10/dist-packages/yolov11_msgs-0.0.1-py3.10.egg-info/dependency_links.txt
[0.668s] -- Installing: /home/jaehwan/rohang25_R1/install/yolov11_msgs/local/lib/python3.10/dist-packages/yolov11_msgs-0.0.1-py3.10.egg-info/SOURCES.txt
[0.668s] -- Installing: /home/jaehwan/rohang25_R1/install/yolov11_msgs/local/lib/python3.10/dist-packages/yolov11_msgs-0.0.1-py3.10.egg-info/top_level.txt
[0.668s] -- Up-to-date: /home/jaehwan/rohang25_R1/install/yolov11_msgs/local/lib/python3.10/dist-packages/yolov11_msgs
[0.669s] -- Up-to-date: /home/jaehwan/rohang25_R1/install/yolov11_msgs/local/lib/python3.10/dist-packages/yolov11_msgs/yolov11_msgs_s__rosidl_typesupport_introspection_c.cpython-310-x86_64-linux-gnu.so
[0.669s] -- Up-to-date: /home/jaehwan/rohang25_R1/install/yolov11_msgs/local/lib/python3.10/dist-packages/yolov11_msgs/_yolov11_msgs_s.ep.rosidl_typesupport_introspection_c.c
[0.669s] -- Up-to-date: /home/jaehwan/rohang25_R1/install/yolov11_msgs/local/lib/python3.10/dist-packages/yolov11_msgs/yolov11_msgs_s__rosidl_typesupport_fastrtps_c.cpython-310-x86_64-linux-gnu.so
[0.669s] -- Up-to-date: /home/jaehwan/rohang25_R1/install/yolov11_msgs/local/lib/python3.10/dist-packages/yolov11_msgs/libyolov11_msgs__rosidl_generator_py.so
[0.669s] -- Up-to-date: /home/jaehwan/rohang25_R1/install/yolov11_msgs/local/lib/python3.10/dist-packages/yolov11_msgs/_yolov11_msgs_s.ep.rosidl_typesupport_fastrtps_c.c
[0.669s] -- Up-to-date: /home/jaehwan/rohang25_R1/install/yolov11_msgs/local/lib/python3.10/dist-packages/yolov11_msgs/_yolov11_msgs_s.ep.rosidl_typesupport_c.c
[0.669s] -- Up-to-date: /home/jaehwan/rohang25_R1/install/yolov11_msgs/local/lib/python3.10/dist-packages/yolov11_msgs/msg
[0.669s] -- Up-to-date: /home/jaehwan/rohang25_R1/install/yolov11_msgs/local/lib/python3.10/dist-packages/yolov11_msgs/msg/_detection_s.c
[0.669s] -- Up-to-date: /home/jaehwan/rohang25_R1/install/yolov11_msgs/local/lib/python3.10/dist-packages/yolov11_msgs/msg/_detection.py
[0.669s] -- Up-to-date: /home/jaehwan/rohang25_R1/install/yolov11_msgs/local/lib/python3.10/dist-packages/yolov11_msgs/msg/__init__.py
[0.670s] -- Up-to-date: /home/jaehwan/rohang25_R1/install/yolov11_msgs/local/lib/python3.10/dist-packages/yolov11_msgs/yolov11_msgs_s__rosidl_typesupport_c.cpython-310-x86_64-linux-gnu.so
[0.670s] -- Up-to-date: /home/jaehwan/rohang25_R1/install/yolov11_msgs/local/lib/python3.10/dist-packages/yolov11_msgs/__init__.py
[0.718s] Listing '/home/jaehwan/rohang25_R1/install/yolov11_msgs/local/lib/python3.10/dist-packages/yolov11_msgs'...
[0.719s] Listing '/home/jaehwan/rohang25_R1/install/yolov11_msgs/local/lib/python3.10/dist-packages/yolov11_msgs/msg'...
[0.726s] -- Up-to-date: /home/jaehwan/rohang25_R1/install/yolov11_msgs/local/lib/python3.10/dist-packages/yolov11_msgs/yolov11_msgs_s__rosidl_typesupport_fastrtps_c.cpython-310-x86_64-linux-gnu.so
[0.727s] -- Up-to-date: /home/jaehwan/rohang25_R1/install/yolov11_msgs/local/lib/python3.10/dist-packages/yolov11_msgs/yolov11_msgs_s__rosidl_typesupport_introspection_c.cpython-310-x86_64-linux-gnu.so
[0.727s] -- Up-to-date: /home/jaehwan/rohang25_R1/install/yolov11_msgs/local/lib/python3.10/dist-packages/yolov11_msgs/yolov11_msgs_s__rosidl_typesupport_c.cpython-310-x86_64-linux-gnu.so
[0.727s] -- Up-to-date: /home/jaehwan/rohang25_R1/install/yolov11_msgs/lib/libyolov11_msgs__rosidl_generator_py.so
[0.727s] -- Up-to-date: /home/jaehwan/rohang25_R1/install/yolov11_msgs/share/yolov11_msgs/msg/Detection.idl
[0.727s] -- Up-to-date: /home/jaehwan/rohang25_R1/install/yolov11_msgs/share/yolov11_msgs/msg/Detection.msg
[0.727s] -- Up-to-date: /home/jaehwan/rohang25_R1/install/yolov11_msgs/share/ament_index/resource_index/package_run_dependencies/yolov11_msgs
[0.727s] -- Up-to-date: /home/jaehwan/rohang25_R1/install/yolov11_msgs/share/ament_index/resource_index/parent_prefix_path/yolov11_msgs
[0.728s] -- Up-to-date: /home/jaehwan/rohang25_R1/install/yolov11_msgs/share/yolov11_msgs/environment/ament_prefix_path.sh
[0.728s] -- Up-to-date: /home/jaehwan/rohang25_R1/install/yolov11_msgs/share/yolov11_msgs/environment/ament_prefix_path.dsv
[0.728s] -- Up-to-date: /home/jaehwan/rohang25_R1/install/yolov11_msgs/share/yolov11_msgs/environment/path.sh
[0.728s] -- Up-to-date: /home/jaehwan/rohang25_R1/install/yolov11_msgs/share/yolov11_msgs/environment/path.dsv
[0.728s] -- Up-to-date: /home/jaehwan/rohang25_R1/install/yolov11_msgs/share/yolov11_msgs/local_setup.bash
[0.728s] -- Up-to-date: /home/jaehwan/rohang25_R1/install/yolov11_msgs/share/yolov11_msgs/local_setup.sh
[0.728s] -- Up-to-date: /home/jaehwan/rohang25_R1/install/yolov11_msgs/share/yolov11_msgs/local_setup.zsh
[0.728s] -- Up-to-date: /home/jaehwan/rohang25_R1/install/yolov11_msgs/share/yolov11_msgs/local_setup.dsv
[0.728s] -- Installing: /home/jaehwan/rohang25_R1/install/yolov11_msgs/share/yolov11_msgs/package.dsv
[0.728s] -- Up-to-date: /home/jaehwan/rohang25_R1/install/yolov11_msgs/share/ament_index/resource_index/packages/yolov11_msgs
[0.728s] -- Up-to-date: /home/jaehwan/rohang25_R1/install/yolov11_msgs/share/yolov11_msgs/cmake/export_yolov11_msgs__rosidl_generator_cExport.cmake
[0.729s] -- Up-to-date: /home/jaehwan/rohang25_R1/install/yolov11_msgs/share/yolov11_msgs/cmake/export_yolov11_msgs__rosidl_generator_cExport-noconfig.cmake
[0.729s] -- Up-to-date: /home/jaehwan/rohang25_R1/install/yolov11_msgs/share/yolov11_msgs/cmake/export_yolov11_msgs__rosidl_typesupport_fastrtps_cExport.cmake
[0.731s] -- Up-to-date: /home/jaehwan/rohang25_R1/install/yolov11_msgs/share/yolov11_msgs/cmake/export_yolov11_msgs__rosidl_typesupport_fastrtps_cExport-noconfig.cmake
[0.732s] -- Up-to-date: /home/jaehwan/rohang25_R1/install/yolov11_msgs/share/yolov11_msgs/cmake/export_yolov11_msgs__rosidl_generator_cppExport.cmake
[0.733s] -- Up-to-date: /home/jaehwan/rohang25_R1/install/yolov11_msgs/share/yolov11_msgs/cmake/export_yolov11_msgs__rosidl_typesupport_fastrtps_cppExport.cmake
[0.733s] -- Up-to-date: /home/jaehwan/rohang25_R1/install/yolov11_msgs/share/yolov11_msgs/cmake/export_yolov11_msgs__rosidl_typesupport_fastrtps_cppExport-noconfig.cmake
[0.733s] -- Up-to-date: /home/jaehwan/rohang25_R1/install/yolov11_msgs/share/yolov11_msgs/cmake/yolov11_msgs__rosidl_typesupport_introspection_cExport.cmake
[0.733s] -- Up-to-date: /home/jaehwan/rohang25_R1/install/yolov11_msgs/share/yolov11_msgs/cmake/yolov11_msgs__rosidl_typesupport_introspection_cExport-noconfig.cmake
[0.733s] -- Up-to-date: /home/jaehwan/rohang25_R1/install/yolov11_msgs/share/yolov11_msgs/cmake/yolov11_msgs__rosidl_typesupport_cExport.cmake
[0.733s] -- Up-to-date: /home/jaehwan/rohang25_R1/install/yolov11_msgs/share/yolov11_msgs/cmake/yolov11_msgs__rosidl_typesupport_cExport-noconfig.cmake
[0.733s] -- Up-to-date: /home/jaehwan/rohang25_R1/install/yolov11_msgs/share/yolov11_msgs/cmake/yolov11_msgs__rosidl_typesupport_introspection_cppExport.cmake
[0.733s] -- Up-to-date: /home/jaehwan/rohang25_R1/install/yolov11_msgs/share/yolov11_msgs/cmake/yolov11_msgs__rosidl_typesupport_introspection_cppExport-noconfig.cmake
[0.734s] -- Up-to-date: /home/jaehwan/rohang25_R1/install/yolov11_msgs/share/yolov11_msgs/cmake/yolov11_msgs__rosidl_typesupport_cppExport.cmake
[0.734s] -- Up-to-date: /home/jaehwan/rohang25_R1/install/yolov11_msgs/share/yolov11_msgs/cmake/yolov11_msgs__rosidl_typesupport_cppExport-noconfig.cmake
[0.734s] -- Up-to-date: /home/jaehwan/rohang25_R1/install/yolov11_msgs/share/yolov11_msgs/cmake/export_yolov11_msgs__rosidl_generator_pyExport.cmake
[0.734s] -- Up-to-date: /home/jaehwan/rohang25_R1/install/yolov11_msgs/share/yolov11_msgs/cmake/export_yolov11_msgs__rosidl_generator_pyExport-noconfig.cmake
[0.734s] -- Up-to-date: /home/jaehwan/rohang25_R1/install/yolov11_msgs/share/yolov11_msgs/cmake/rosidl_cmake-extras.cmake
[0.734s] -- Up-to-date: /home/jaehwan/rohang25_R1/install/yolov11_msgs/share/yolov11_msgs/cmake/ament_cmake_export_dependencies-extras.cmake
[0.734s] -- Up-to-date: /home/jaehwan/rohang25_R1/install/yolov11_msgs/share/yolov11_msgs/cmake/ament_cmake_export_include_directories-extras.cmake
[0.734s] -- Up-to-date: /home/jaehwan/rohang25_R1/install/yolov11_msgs/share/yolov11_msgs/cmake/ament_cmake_export_libraries-extras.cmake
[0.734s] -- Up-to-date: /home/jaehwan/rohang25_R1/install/yolov11_msgs/share/yolov11_msgs/cmake/ament_cmake_export_targets-extras.cmake
[0.735s] -- Up-to-date: /home/jaehwan/rohang25_R1/install/yolov11_msgs/share/yolov11_msgs/cmake/rosidl_cmake_export_typesupport_targets-extras.cmake
[0.735s] -- Up-to-date: /home/jaehwan/rohang25_R1/install/yolov11_msgs/share/yolov11_msgs/cmake/rosidl_cmake_export_typesupport_libraries-extras.cmake
[0.735s] -- Up-to-date: /home/jaehwan/rohang25_R1/install/yolov11_msgs/share/yolov11_msgs/cmake/yolov11_msgsConfig.cmake
[0.735s] -- Up-to-date: /home/jaehwan/rohang25_R1/install/yolov11_msgs/share/yolov11_msgs/cmake/yolov11_msgsConfig-version.cmake
[0.735s] -- Up-to-date: /home/jaehwan/rohang25_R1/install/yolov11_msgs/share/yolov11_msgs/package.xml
[0.735s] Invoked command in '/home/jaehwan/rohang25_R1/build/yolov11_msgs' returned '0': CMAKE_PREFIX_PATH=${CMAKE_PREFIX_PATH}:/home/jaehwan/rohang25_R1/install/yolov11:/opt/ros/humble /usr/bin/cmake --install /home/jaehwan/rohang25_R1/build/yolov11_msgs
