[0.482s] Invoking command in '/home/jaehwan/rohang25_R1/src/yolov11/src/yolov11': AMENT_PREFIX_PATH=/home/jaehwan/rohang25_R1/install/yolov11_msgs:${AMENT_PREFIX_PATH} CMAKE_PREFIX_PATH=/home/jaehwan/rohang25_R1/install/yolov11_msgs LD_LIBRARY_PATH=/home/jaehwan/rohang25_R1/install/yolov11_msgs/lib:/home/jaehwan/ws_offboard_control/build/rohang25:/usr/lib/x86_64-linux-gnu/gazebo-11/plugins:/opt/ros/humble/opt/rviz_ogre_vendor/lib:/opt/ros/humble/lib/x86_64-linux-gnu:/opt/ros/humble/lib:/usr/share/gazebo/../../lib/x86_64-linux-gnu/gazebo-11/plugins PYTHONPATH=/home/jaehwan/rohang25_R1/build/yolov11/prefix_override:/usr/lib/python3/dist-packages/colcon_core/task/python/colcon_distutils_commands:/home/jaehwan/rohang25_R1/install/yolov11/lib/python3.10/site-packages:/home/jaehwan/rohang25_R1/install/yolov11_msgs/local/lib/python3.10/dist-packages:${PYTHONPATH} /usr/bin/python3 -W ignore:setup.py install is deprecated -W ignore:easy_install command is deprecated setup.py egg_info --egg-base ../../../../build/yolov11 build --build-base /home/jaehwan/rohang25_R1/build/yolov11/build install --record /home/jaehwan/rohang25_R1/build/yolov11/install.log --single-version-externally-managed install_data
[0.634s] /home/jaehwan/.local/lib/python3.10/site-packages/setuptools/_distutils/dist.py:270: UserWarning: Unknown distribution option: 'tests_require'
[0.634s]   warnings.warn(msg)
[0.736s] running egg_info
[0.738s] writing ../../../../build/yolov11/yolov11.egg-info/PKG-INFO
[0.738s] writing dependency_links to ../../../../build/yolov11/yolov11.egg-info/dependency_links.txt
[0.738s] writing entry points to ../../../../build/yolov11/yolov11.egg-info/entry_points.txt
[0.738s] writing requirements to ../../../../build/yolov11/yolov11.egg-info/requires.txt
[0.738s] writing top-level names to ../../../../build/yolov11/yolov11.egg-info/top_level.txt
[0.742s] reading manifest file '../../../../build/yolov11/yolov11.egg-info/SOURCES.txt'
[0.743s] writing manifest file '../../../../build/yolov11/yolov11.egg-info/SOURCES.txt'
[0.743s] running build
[0.743s] running build_py
[0.743s] copying yolov11/yolov11_node.py -> /home/jaehwan/rohang25_R1/build/yolov11/build/lib/yolov11
[0.743s] running install
[0.744s] running install_lib
[0.746s] running install_data
[0.746s] running install_egg_info
[0.748s] removing '/home/jaehwan/rohang25_R1/install/yolov11/lib/python3.10/site-packages/yolov11-0.0.1-py3.10.egg-info' (and everything under it)
[0.748s] Copying ../../../../build/yolov11/yolov11.egg-info to /home/jaehwan/rohang25_R1/install/yolov11/lib/python3.10/site-packages/yolov11-0.0.1-py3.10.egg-info
[0.748s] running install_scripts
[0.829s] Installing yolov11_node script to /home/jaehwan/rohang25_R1/install/yolov11/lib/yolov11
[0.829s] writing list of installed files to '/home/jaehwan/rohang25_R1/build/yolov11/install.log'
[0.902s] Invoked command in '/home/jaehwan/rohang25_R1/src/yolov11/src/yolov11' returned '0': AMENT_PREFIX_PATH=/home/jaehwan/rohang25_R1/install/yolov11_msgs:${AMENT_PREFIX_PATH} CMAKE_PREFIX_PATH=/home/jaehwan/rohang25_R1/install/yolov11_msgs LD_LIBRARY_PATH=/home/jaehwan/rohang25_R1/install/yolov11_msgs/lib:/home/jaehwan/ws_offboard_control/build/rohang25:/usr/lib/x86_64-linux-gnu/gazebo-11/plugins:/opt/ros/humble/opt/rviz_ogre_vendor/lib:/opt/ros/humble/lib/x86_64-linux-gnu:/opt/ros/humble/lib:/usr/share/gazebo/../../lib/x86_64-linux-gnu/gazebo-11/plugins PYTHONPATH=/home/jaehwan/rohang25_R1/build/yolov11/prefix_override:/usr/lib/python3/dist-packages/colcon_core/task/python/colcon_distutils_commands:/home/jaehwan/rohang25_R1/install/yolov11/lib/python3.10/site-packages:/home/jaehwan/rohang25_R1/install/yolov11_msgs/local/lib/python3.10/dist-packages:${PYTHONPATH} /usr/bin/python3 -W ignore:setup.py install is deprecated -W ignore:easy_install command is deprecated setup.py egg_info --egg-base ../../../../build/yolov11 build --build-base /home/jaehwan/rohang25_R1/build/yolov11/build install --record /home/jaehwan/rohang25_R1/build/yolov11/install.log --single-version-externally-managed install_data
