[0.027s] Invoking command in '/home/jaehwan/rohang25_R1/build/yolov11_msgs': CMAKE_PREFIX_PATH=${CMAKE_PREFIX_PATH}:/home/jaehwan/rohang25_R1/install/yolov11:/opt/ros/humble /usr/bin/cmake --build /home/jaehwan/rohang25_R1/build/yolov11_msgs -- -j12 -l12
[0.112s] [  9%] Built target yolov11_msgs__rosidl_generator_c
[0.129s] [  9%] Built target ament_cmake_python_copy_yolov11_msgs
[0.139s] [ 12%] Built target yolov11_msgs__cpp
[0.181s] [ 22%] Built target yolov11_msgs__rosidl_typesupport_fastrtps_c
[0.184s] [ 32%] Built target yolov11_msgs__rosidl_typesupport_c
[0.188s] [ 41%] Built target yolov11_msgs__rosidl_typesupport_introspection_c
[0.199s] [ 51%] Built target yolov11_msgs__rosidl_typesupport_introspection_cpp
[0.212s] [ 61%] Built target yolov11_msgs__rosidl_typesupport_cpp
[0.220s] [ 70%] Built target yolov11_msgs__rosidl_typesupport_fastrtps_cpp
[0.249s] [ 70%] Built target yolov11_msgs
[0.294s] [ 74%] Built target yolov11_msgs__py
[0.330s] [ 80%] Built target yolov11_msgs__rosidl_generator_py
[0.366s] [ 87%] Built target yolov11_msgs__rosidl_typesupport_fastrtps_c__pyext
[0.381s] [ 93%] Built target yolov11_msgs__rosidl_typesupport_c__pyext
[0.382s] [100%] Built target yolov11_msgs__rosidl_typesupport_introspection_c__pyext
[0.451s] running egg_info
[0.474s] writing yolov11_msgs.egg-info/PKG-INFO
[0.475s] writing dependency_links to yolov11_msgs.egg-info/dependency_links.txt
[0.476s] writing top-level names to yolov11_msgs.egg-info/top_level.txt
[0.541s] reading manifest file 'yolov11_msgs.egg-info/SOURCES.txt'
[0.542s] writing manifest file 'yolov11_msgs.egg-info/SOURCES.txt'
[0.610s] [100%] Built target ament_cmake_python_build_yolov11_msgs_egg
[0.624s] Invoked command in '/home/jaehwan/rohang25_R1/build/yolov11_msgs' returned '0': CMAKE_PREFIX_PATH=${CMAKE_PREFIX_PATH}:/home/jaehwan/rohang25_R1/install/yolov11:/opt/ros/humble /usr/bin/cmake --build /home/jaehwan/rohang25_R1/build/yolov11_msgs -- -j12 -l12
[0.624s] Invoking command in '/home/jaehwan/rohang25_R1/build/yolov11_msgs': CMAKE_PREFIX_PATH=${CMAKE_PREFIX_PATH}:/home/jaehwan/rohang25_R1/install/yolov11:/opt/ros/humble /usr/bin/cmake --install /home/jaehwan/rohang25_R1/build/yolov11_msgs
[0.634s] -- Install configuration: ""
[0.635s] -- Up-to-date: /home/jaehwan/rohang25_R1/install/yolov11_msgs/share/ament_index/resource_index/rosidl_interfaces/yolov11_msgs
[0.635s] -- Up-to-date: /home/jaehwan/rohang25_R1/install/yolov11_msgs/include/yolov11_msgs/yolov11_msgs
[0.635s] -- Up-to-date: /home/jaehwan/rohang25_R1/install/yolov11_msgs/include/yolov11_msgs/yolov11_msgs/msg
[0.635s] -- Up-to-date: /home/jaehwan/rohang25_R1/install/yolov11_msgs/include/yolov11_msgs/yolov11_msgs/msg/detail
[0.635s] -- Up-to-date: /home/jaehwan/rohang25_R1/install/yolov11_msgs/include/yolov11_msgs/yolov11_msgs/msg/detail/detection__functions.c
[0.636s] -- Up-to-date: /home/jaehwan/rohang25_R1/install/yolov11_msgs/include/yolov11_msgs/yolov11_msgs/msg/detail/detection__functions.h
[0.636s] -- Up-to-date: /home/jaehwan/rohang25_R1/install/yolov11_msgs/include/yolov11_msgs/yolov11_msgs/msg/detail/detection__struct.h
[0.636s] -- Up-to-date: /home/jaehwan/rohang25_R1/install/yolov11_msgs/include/yolov11_msgs/yolov11_msgs/msg/detail/detection__type_support.h
[0.636s] -- Up-to-date: /home/jaehwan/rohang25_R1/install/yolov11_msgs/include/yolov11_msgs/yolov11_msgs/msg/rosidl_generator_c__visibility_control.h
[0.636s] -- Up-to-date: /home/jaehwan/rohang25_R1/install/yolov11_msgs/include/yolov11_msgs/yolov11_msgs/msg/detection.h
[0.637s] -- Up-to-date: /home/jaehwan/rohang25_R1/install/yolov11_msgs/share/yolov11_msgs/environment/library_path.sh
[0.637s] -- Up-to-date: /home/jaehwan/rohang25_R1/install/yolov11_msgs/share/yolov11_msgs/environment/library_path.dsv
[0.637s] -- Up-to-date: /home/jaehwan/rohang25_R1/install/yolov11_msgs/lib/libyolov11_msgs__rosidl_generator_c.so
[0.637s] -- Up-to-date: /home/jaehwan/rohang25_R1/install/yolov11_msgs/include/yolov11_msgs/yolov11_msgs
[0.637s] -- Up-to-date: /home/jaehwan/rohang25_R1/install/yolov11_msgs/include/yolov11_msgs/yolov11_msgs/msg
[0.637s] -- Up-to-date: /home/jaehwan/rohang25_R1/install/yolov11_msgs/include/yolov11_msgs/yolov11_msgs/msg/detail
[0.637s] -- Up-to-date: /home/jaehwan/rohang25_R1/install/yolov11_msgs/include/yolov11_msgs/yolov11_msgs/msg/detail/detection__rosidl_typesupport_fastrtps_c.h
[0.637s] -- Up-to-date: /home/jaehwan/rohang25_R1/install/yolov11_msgs/include/yolov11_msgs/yolov11_msgs/msg/rosidl_typesupport_fastrtps_c__visibility_control.h
[0.637s] -- Up-to-date: /home/jaehwan/rohang25_R1/install/yolov11_msgs/lib/libyolov11_msgs__rosidl_typesupport_fastrtps_c.so
[0.637s] -- Up-to-date: /home/jaehwan/rohang25_R1/install/yolov11_msgs/include/yolov11_msgs/yolov11_msgs
[0.637s] -- Up-to-date: /home/jaehwan/rohang25_R1/install/yolov11_msgs/include/yolov11_msgs/yolov11_msgs/msg
[0.637s] -- Up-to-date: /home/jaehwan/rohang25_R1/install/yolov11_msgs/include/yolov11_msgs/yolov11_msgs/msg/rosidl_generator_cpp__visibility_control.hpp
[0.637s] -- Up-to-date: /home/jaehwan/rohang25_R1/install/yolov11_msgs/include/yolov11_msgs/yolov11_msgs/msg/detail
[0.638s] -- Up-to-date: /home/jaehwan/rohang25_R1/install/yolov11_msgs/include/yolov11_msgs/yolov11_msgs/msg/detail/detection__struct.hpp
[0.638s] -- Up-to-date: /home/jaehwan/rohang25_R1/install/yolov11_msgs/include/yolov11_msgs/yolov11_msgs/msg/detail/detection__traits.hpp
[0.638s] -- Up-to-date: /home/jaehwan/rohang25_R1/install/yolov11_msgs/include/yolov11_msgs/yolov11_msgs/msg/detail/detection__builder.hpp
[0.638s] -- Up-to-date: /home/jaehwan/rohang25_R1/install/yolov11_msgs/include/yolov11_msgs/yolov11_msgs/msg/detail/detection__type_support.hpp
[0.638s] -- Up-to-date: /home/jaehwan/rohang25_R1/install/yolov11_msgs/include/yolov11_msgs/yolov11_msgs/msg/detection.hpp
[0.638s] -- Up-to-date: /home/jaehwan/rohang25_R1/install/yolov11_msgs/include/yolov11_msgs/yolov11_msgs
[0.638s] -- Up-to-date: /home/jaehwan/rohang25_R1/install/yolov11_msgs/include/yolov11_msgs/yolov11_msgs/msg
[0.638s] -- Up-to-date: /home/jaehwan/rohang25_R1/install/yolov11_msgs/include/yolov11_msgs/yolov11_msgs/msg/detail
[0.638s] -- Up-to-date: /home/jaehwan/rohang25_R1/install/yolov11_msgs/include/yolov11_msgs/yolov11_msgs/msg/detail/dds_fastrtps
[0.638s] -- Up-to-date: /home/jaehwan/rohang25_R1/install/yolov11_msgs/include/yolov11_msgs/yolov11_msgs/msg/detail/detection__rosidl_typesupport_fastrtps_cpp.hpp
[0.638s] -- Up-to-date: /home/jaehwan/rohang25_R1/install/yolov11_msgs/include/yolov11_msgs/yolov11_msgs/msg/rosidl_typesupport_fastrtps_cpp__visibility_control.h
[0.638s] -- Up-to-date: /home/jaehwan/rohang25_R1/install/yolov11_msgs/lib/libyolov11_msgs__rosidl_typesupport_fastrtps_cpp.so
[0.638s] -- Up-to-date: /home/jaehwan/rohang25_R1/install/yolov11_msgs/include/yolov11_msgs/yolov11_msgs
[0.638s] -- Up-to-date: /home/jaehwan/rohang25_R1/install/yolov11_msgs/include/yolov11_msgs/yolov11_msgs/msg
[0.638s] -- Up-to-date: /home/jaehwan/rohang25_R1/install/yolov11_msgs/include/yolov11_msgs/yolov11_msgs/msg/detail
[0.639s] -- Up-to-date: /home/jaehwan/rohang25_R1/install/yolov11_msgs/include/yolov11_msgs/yolov11_msgs/msg/detail/detection__type_support.c
[0.639s] -- Up-to-date: /home/jaehwan/rohang25_R1/install/yolov11_msgs/include/yolov11_msgs/yolov11_msgs/msg/detail/detection__rosidl_typesupport_introspection_c.h
[0.639s] -- Up-to-date: /home/jaehwan/rohang25_R1/install/yolov11_msgs/include/yolov11_msgs/yolov11_msgs/msg/rosidl_typesupport_introspection_c__visibility_control.h
[0.639s] -- Up-to-date: /home/jaehwan/rohang25_R1/install/yolov11_msgs/lib/libyolov11_msgs__rosidl_typesupport_introspection_c.so
[0.639s] -- Up-to-date: /home/jaehwan/rohang25_R1/install/yolov11_msgs/lib/libyolov11_msgs__rosidl_typesupport_c.so
[0.639s] -- Up-to-date: /home/jaehwan/rohang25_R1/install/yolov11_msgs/include/yolov11_msgs/yolov11_msgs
[0.639s] -- Up-to-date: /home/jaehwan/rohang25_R1/install/yolov11_msgs/include/yolov11_msgs/yolov11_msgs/msg
[0.639s] -- Up-to-date: /home/jaehwan/rohang25_R1/install/yolov11_msgs/include/yolov11_msgs/yolov11_msgs/msg/detail
[0.639s] -- Up-to-date: /home/jaehwan/rohang25_R1/install/yolov11_msgs/include/yolov11_msgs/yolov11_msgs/msg/detail/detection__rosidl_typesupport_introspection_cpp.hpp
[0.639s] -- Up-to-date: /home/jaehwan/rohang25_R1/install/yolov11_msgs/include/yolov11_msgs/yolov11_msgs/msg/detail/detection__type_support.cpp
[0.639s] -- Up-to-date: /home/jaehwan/rohang25_R1/install/yolov11_msgs/lib/libyolov11_msgs__rosidl_typesupport_introspection_cpp.so
[0.639s] -- Up-to-date: /home/jaehwan/rohang25_R1/install/yolov11_msgs/lib/libyolov11_msgs__rosidl_typesupport_cpp.so
[0.640s] -- Up-to-date: /home/jaehwan/rohang25_R1/install/yolov11_msgs/share/yolov11_msgs/environment/pythonpath.sh
[0.640s] -- Up-to-date: /home/jaehwan/rohang25_R1/install/yolov11_msgs/share/yolov11_msgs/environment/pythonpath.dsv
[0.640s] -- Up-to-date: /home/jaehwan/rohang25_R1/install/yolov11_msgs/local/lib/python3.10/dist-packages/yolov11_msgs-0.0.1-py3.10.egg-info
[0.640s] -- Installing: /home/jaehwan/rohang25_R1/install/yolov11_msgs/local/lib/python3.10/dist-packages/yolov11_msgs-0.0.1-py3.10.egg-info/PKG-INFO
[0.640s] -- Installing: /home/jaehwan/rohang25_R1/install/yolov11_msgs/local/lib/python3.10/dist-packages/yolov11_msgs-0.0.1-py3.10.egg-info/dependency_links.txt
[0.640s] -- Installing: /home/jaehwan/rohang25_R1/install/yolov11_msgs/local/lib/python3.10/dist-packages/yolov11_msgs-0.0.1-py3.10.egg-info/SOURCES.txt
[0.640s] -- Installing: /home/jaehwan/rohang25_R1/install/yolov11_msgs/local/lib/python3.10/dist-packages/yolov11_msgs-0.0.1-py3.10.egg-info/top_level.txt
[0.640s] -- Up-to-date: /home/jaehwan/rohang25_R1/install/yolov11_msgs/local/lib/python3.10/dist-packages/yolov11_msgs
[0.640s] -- Up-to-date: /home/jaehwan/rohang25_R1/install/yolov11_msgs/local/lib/python3.10/dist-packages/yolov11_msgs/yolov11_msgs_s__rosidl_typesupport_introspection_c.cpython-310-x86_64-linux-gnu.so
[0.640s] -- Up-to-date: /home/jaehwan/rohang25_R1/install/yolov11_msgs/local/lib/python3.10/dist-packages/yolov11_msgs/_yolov11_msgs_s.ep.rosidl_typesupport_introspection_c.c
[0.641s] -- Up-to-date: /home/jaehwan/rohang25_R1/install/yolov11_msgs/local/lib/python3.10/dist-packages/yolov11_msgs/yolov11_msgs_s__rosidl_typesupport_fastrtps_c.cpython-310-x86_64-linux-gnu.so
[0.641s] -- Up-to-date: /home/jaehwan/rohang25_R1/install/yolov11_msgs/local/lib/python3.10/dist-packages/yolov11_msgs/libyolov11_msgs__rosidl_generator_py.so
[0.641s] -- Up-to-date: /home/jaehwan/rohang25_R1/install/yolov11_msgs/local/lib/python3.10/dist-packages/yolov11_msgs/_yolov11_msgs_s.ep.rosidl_typesupport_fastrtps_c.c
[0.641s] -- Up-to-date: /home/jaehwan/rohang25_R1/install/yolov11_msgs/local/lib/python3.10/dist-packages/yolov11_msgs/_yolov11_msgs_s.ep.rosidl_typesupport_c.c
[0.641s] -- Up-to-date: /home/jaehwan/rohang25_R1/install/yolov11_msgs/local/lib/python3.10/dist-packages/yolov11_msgs/msg
[0.641s] -- Up-to-date: /home/jaehwan/rohang25_R1/install/yolov11_msgs/local/lib/python3.10/dist-packages/yolov11_msgs/msg/_detection_s.c
[0.641s] -- Up-to-date: /home/jaehwan/rohang25_R1/install/yolov11_msgs/local/lib/python3.10/dist-packages/yolov11_msgs/msg/_detection.py
[0.641s] -- Up-to-date: /home/jaehwan/rohang25_R1/install/yolov11_msgs/local/lib/python3.10/dist-packages/yolov11_msgs/msg/__init__.py
[0.641s] -- Up-to-date: /home/jaehwan/rohang25_R1/install/yolov11_msgs/local/lib/python3.10/dist-packages/yolov11_msgs/yolov11_msgs_s__rosidl_typesupport_c.cpython-310-x86_64-linux-gnu.so
[0.641s] -- Up-to-date: /home/jaehwan/rohang25_R1/install/yolov11_msgs/local/lib/python3.10/dist-packages/yolov11_msgs/__init__.py
[0.691s] Listing '/home/jaehwan/rohang25_R1/install/yolov11_msgs/local/lib/python3.10/dist-packages/yolov11_msgs'...
[0.691s] Listing '/home/jaehwan/rohang25_R1/install/yolov11_msgs/local/lib/python3.10/dist-packages/yolov11_msgs/msg'...
[0.696s] -- Up-to-date: /home/jaehwan/rohang25_R1/install/yolov11_msgs/local/lib/python3.10/dist-packages/yolov11_msgs/yolov11_msgs_s__rosidl_typesupport_fastrtps_c.cpython-310-x86_64-linux-gnu.so
[0.697s] -- Up-to-date: /home/jaehwan/rohang25_R1/install/yolov11_msgs/local/lib/python3.10/dist-packages/yolov11_msgs/yolov11_msgs_s__rosidl_typesupport_introspection_c.cpython-310-x86_64-linux-gnu.so
[0.698s] -- Up-to-date: /home/jaehwan/rohang25_R1/install/yolov11_msgs/local/lib/python3.10/dist-packages/yolov11_msgs/yolov11_msgs_s__rosidl_typesupport_c.cpython-310-x86_64-linux-gnu.so
[0.698s] -- Up-to-date: /home/jaehwan/rohang25_R1/install/yolov11_msgs/lib/libyolov11_msgs__rosidl_generator_py.so
[0.698s] -- Up-to-date: /home/jaehwan/rohang25_R1/install/yolov11_msgs/share/yolov11_msgs/msg/Detection.idl
[0.699s] -- Up-to-date: /home/jaehwan/rohang25_R1/install/yolov11_msgs/share/yolov11_msgs/msg/Detection.msg
[0.699s] -- Up-to-date: /home/jaehwan/rohang25_R1/install/yolov11_msgs/share/ament_index/resource_index/package_run_dependencies/yolov11_msgs
[0.699s] -- Up-to-date: /home/jaehwan/rohang25_R1/install/yolov11_msgs/share/ament_index/resource_index/parent_prefix_path/yolov11_msgs
[0.699s] -- Up-to-date: /home/jaehwan/rohang25_R1/install/yolov11_msgs/share/yolov11_msgs/environment/ament_prefix_path.sh
[0.699s] -- Up-to-date: /home/jaehwan/rohang25_R1/install/yolov11_msgs/share/yolov11_msgs/environment/ament_prefix_path.dsv
[0.699s] -- Up-to-date: /home/jaehwan/rohang25_R1/install/yolov11_msgs/share/yolov11_msgs/environment/path.sh
[0.699s] -- Up-to-date: /home/jaehwan/rohang25_R1/install/yolov11_msgs/share/yolov11_msgs/environment/path.dsv
[0.699s] -- Up-to-date: /home/jaehwan/rohang25_R1/install/yolov11_msgs/share/yolov11_msgs/local_setup.bash
[0.699s] -- Up-to-date: /home/jaehwan/rohang25_R1/install/yolov11_msgs/share/yolov11_msgs/local_setup.sh
[0.699s] -- Up-to-date: /home/jaehwan/rohang25_R1/install/yolov11_msgs/share/yolov11_msgs/local_setup.zsh
[0.699s] -- Up-to-date: /home/jaehwan/rohang25_R1/install/yolov11_msgs/share/yolov11_msgs/local_setup.dsv
[0.699s] -- Installing: /home/jaehwan/rohang25_R1/install/yolov11_msgs/share/yolov11_msgs/package.dsv
[0.699s] -- Up-to-date: /home/jaehwan/rohang25_R1/install/yolov11_msgs/share/ament_index/resource_index/packages/yolov11_msgs
[0.699s] -- Up-to-date: /home/jaehwan/rohang25_R1/install/yolov11_msgs/share/yolov11_msgs/cmake/export_yolov11_msgs__rosidl_generator_cExport.cmake
[0.699s] -- Up-to-date: /home/jaehwan/rohang25_R1/install/yolov11_msgs/share/yolov11_msgs/cmake/export_yolov11_msgs__rosidl_generator_cExport-noconfig.cmake
[0.700s] -- Up-to-date: /home/jaehwan/rohang25_R1/install/yolov11_msgs/share/yolov11_msgs/cmake/export_yolov11_msgs__rosidl_typesupport_fastrtps_cExport.cmake
[0.700s] -- Up-to-date: /home/jaehwan/rohang25_R1/install/yolov11_msgs/share/yolov11_msgs/cmake/export_yolov11_msgs__rosidl_typesupport_fastrtps_cExport-noconfig.cmake
[0.700s] -- Up-to-date: /home/jaehwan/rohang25_R1/install/yolov11_msgs/share/yolov11_msgs/cmake/export_yolov11_msgs__rosidl_generator_cppExport.cmake
[0.700s] -- Up-to-date: /home/jaehwan/rohang25_R1/install/yolov11_msgs/share/yolov11_msgs/cmake/export_yolov11_msgs__rosidl_typesupport_fastrtps_cppExport.cmake
[0.700s] -- Up-to-date: /home/jaehwan/rohang25_R1/install/yolov11_msgs/share/yolov11_msgs/cmake/export_yolov11_msgs__rosidl_typesupport_fastrtps_cppExport-noconfig.cmake
[0.700s] -- Up-to-date: /home/jaehwan/rohang25_R1/install/yolov11_msgs/share/yolov11_msgs/cmake/yolov11_msgs__rosidl_typesupport_introspection_cExport.cmake
[0.700s] -- Up-to-date: /home/jaehwan/rohang25_R1/install/yolov11_msgs/share/yolov11_msgs/cmake/yolov11_msgs__rosidl_typesupport_introspection_cExport-noconfig.cmake
[0.700s] -- Up-to-date: /home/jaehwan/rohang25_R1/install/yolov11_msgs/share/yolov11_msgs/cmake/yolov11_msgs__rosidl_typesupport_cExport.cmake
[0.700s] -- Up-to-date: /home/jaehwan/rohang25_R1/install/yolov11_msgs/share/yolov11_msgs/cmake/yolov11_msgs__rosidl_typesupport_cExport-noconfig.cmake
[0.700s] -- Up-to-date: /home/jaehwan/rohang25_R1/install/yolov11_msgs/share/yolov11_msgs/cmake/yolov11_msgs__rosidl_typesupport_introspection_cppExport.cmake
[0.700s] -- Up-to-date: /home/jaehwan/rohang25_R1/install/yolov11_msgs/share/yolov11_msgs/cmake/yolov11_msgs__rosidl_typesupport_introspection_cppExport-noconfig.cmake
[0.700s] -- Up-to-date: /home/jaehwan/rohang25_R1/install/yolov11_msgs/share/yolov11_msgs/cmake/yolov11_msgs__rosidl_typesupport_cppExport.cmake
[0.701s] -- Up-to-date: /home/jaehwan/rohang25_R1/install/yolov11_msgs/share/yolov11_msgs/cmake/yolov11_msgs__rosidl_typesupport_cppExport-noconfig.cmake
[0.701s] -- Up-to-date: /home/jaehwan/rohang25_R1/install/yolov11_msgs/share/yolov11_msgs/cmake/export_yolov11_msgs__rosidl_generator_pyExport.cmake
[0.701s] -- Up-to-date: /home/jaehwan/rohang25_R1/install/yolov11_msgs/share/yolov11_msgs/cmake/export_yolov11_msgs__rosidl_generator_pyExport-noconfig.cmake
[0.701s] -- Up-to-date: /home/jaehwan/rohang25_R1/install/yolov11_msgs/share/yolov11_msgs/cmake/rosidl_cmake-extras.cmake
[0.701s] -- Up-to-date: /home/jaehwan/rohang25_R1/install/yolov11_msgs/share/yolov11_msgs/cmake/ament_cmake_export_dependencies-extras.cmake
[0.701s] -- Up-to-date: /home/jaehwan/rohang25_R1/install/yolov11_msgs/share/yolov11_msgs/cmake/ament_cmake_export_include_directories-extras.cmake
[0.701s] -- Up-to-date: /home/jaehwan/rohang25_R1/install/yolov11_msgs/share/yolov11_msgs/cmake/ament_cmake_export_libraries-extras.cmake
[0.701s] -- Up-to-date: /home/jaehwan/rohang25_R1/install/yolov11_msgs/share/yolov11_msgs/cmake/ament_cmake_export_targets-extras.cmake
[0.703s] -- Up-to-date: /home/jaehwan/rohang25_R1/install/yolov11_msgs/share/yolov11_msgs/cmake/rosidl_cmake_export_typesupport_targets-extras.cmake
[0.703s] -- Up-to-date: /home/jaehwan/rohang25_R1/install/yolov11_msgs/share/yolov11_msgs/cmake/rosidl_cmake_export_typesupport_libraries-extras.cmake
[0.703s] -- Up-to-date: /home/jaehwan/rohang25_R1/install/yolov11_msgs/share/yolov11_msgs/cmake/yolov11_msgsConfig.cmake
[0.703s] -- Up-to-date: /home/jaehwan/rohang25_R1/install/yolov11_msgs/share/yolov11_msgs/cmake/yolov11_msgsConfig-version.cmake
[0.703s] -- Up-to-date: /home/jaehwan/rohang25_R1/install/yolov11_msgs/share/yolov11_msgs/package.xml
[0.705s] Invoked command in '/home/jaehwan/rohang25_R1/build/yolov11_msgs' returned '0': CMAKE_PREFIX_PATH=${CMAKE_PREFIX_PATH}:/home/jaehwan/rohang25_R1/install/yolov11:/opt/ros/humble /usr/bin/cmake --install /home/jaehwan/rohang25_R1/build/yolov11_msgs
