[35m[1mConsolidate compiler generated dependencies of target CONTROL[0m
[ 40%] Built target CUSTOMLIB
[ 60%] Built target LOG
[ 80%] Built target CONTROL
[35m[1mConsolidate compiler generated dependencies of target offboard_control[0m
[100%] Built target offboard_control
-- Install configuration: ""
-- Up-to-date: /home/jaehwan/rohang25_R1/install/rohang25/lib/rohang25/offboard_control
-- Up-to-date: /home/jaehwan/rohang25_R1/install/rohang25/include/rohang25
-- Up-to-date: /home/jaehwan/rohang25_R1/install/rohang25/include/rohang25/mission.h
-- Up-to-date: /home/jaehwan/rohang25_R1/install/rohang25/include/rohang25/algebra.h
-- Up-to-date: /home/jaehwan/rohang25_R1/install/rohang25/include/rohang25/guidance.h
-- Up-to-date: /home/jaehwan/rohang25_R1/install/rohang25/include/rohang25/frame.h
-- Up-to-date: /home/jaehwan/rohang25_R1/install/rohang25/include/rohang25/config.h
-- Up-to-date: /home/jaehwan/rohang25_R1/install/rohang25/include/rohang25/log.h
-- Up-to-date: /home/jaehwan/rohang25_R1/install/rohang25/include/rohang25/control.h
-- Up-to-date: /home/jaehwan/rohang25_R1/install/rohang25/include/rohang25/global_def.h
-- Up-to-date: /home/jaehwan/rohang25_R1/install/rohang25/share/ament_index/resource_index/package_run_dependencies/rohang25
-- Up-to-date: /home/jaehwan/rohang25_R1/install/rohang25/share/ament_index/resource_index/parent_prefix_path/rohang25
-- Up-to-date: /home/jaehwan/rohang25_R1/install/rohang25/share/rohang25/environment/ament_prefix_path.sh
-- Up-to-date: /home/jaehwan/rohang25_R1/install/rohang25/share/rohang25/environment/ament_prefix_path.dsv
-- Up-to-date: /home/jaehwan/rohang25_R1/install/rohang25/share/rohang25/environment/path.sh
-- Up-to-date: /home/jaehwan/rohang25_R1/install/rohang25/share/rohang25/environment/path.dsv
-- Up-to-date: /home/jaehwan/rohang25_R1/install/rohang25/share/rohang25/local_setup.bash
-- Up-to-date: /home/jaehwan/rohang25_R1/install/rohang25/share/rohang25/local_setup.sh
-- Up-to-date: /home/jaehwan/rohang25_R1/install/rohang25/share/rohang25/local_setup.zsh
-- Up-to-date: /home/jaehwan/rohang25_R1/install/rohang25/share/rohang25/local_setup.dsv
-- Installing: /home/jaehwan/rohang25_R1/install/rohang25/share/rohang25/package.dsv
-- Up-to-date: /home/jaehwan/rohang25_R1/install/rohang25/share/ament_index/resource_index/packages/rohang25
-- Up-to-date: /home/jaehwan/rohang25_R1/install/rohang25/share/rohang25/cmake/rohang25Config.cmake
-- Up-to-date: /home/jaehwan/rohang25_R1/install/rohang25/share/rohang25/cmake/rohang25Config-version.cmake
-- Up-to-date: /home/jaehwan/rohang25_R1/install/rohang25/share/rohang25/package.xml
