[0.033s] Invoking command in '/home/jaehwan/rohang25_R1/build/geolocation_kf_25': CMAKE_PREFIX_PATH=/home/jaehwan/rohang25_R1/install/yolov11_msgs:/home/jaehwan/rohang25_R1/install/px4_msgs:/home/jaehwan/rohang25_R1/install/rohang25_test:/home/jaehwan/rohang25_R1/install/gimbal_control_25:/home/jaehwan/rohang25_R1/install/geolocation_kf_25:/home/jaehwan/rohang25_R1/install/rohang25:/home/jaehwan/rohang25_R1/install/gscam:/home/jaehwan/rohang25_R1/install/yolov11:/opt/ros/humble LD_LIBRARY_PATH=/home/jaehwan/rohang25_R1/install/yolov11_msgs/lib:/home/jaehwan/rohang25_R1/install/px4_msgs/lib:/home/jaehwan/rohang25_R1/install/rohang25_test/lib:/home/jaehwan/rohang25_R1/install/geolocation_kf_25/lib:/home/jaehwan/rohang25_R1/install/gscam/lib:/home/jaehwan/ws_offboard_control/build/rohang25:/usr/lib/x86_64-linux-gnu/gazebo-11/plugins:/opt/ros/humble/opt/rviz_ogre_vendor/lib:/opt/ros/humble/lib/x86_64-linux-gnu:/opt/ros/humble/lib:/usr/share/gazebo/../../lib/x86_64-linux-gnu/gazebo-11/plugins /usr/bin/cmake --build /home/jaehwan/rohang25_R1/build/geolocation_kf_25 -- -j12 -l12
[0.138s] [ 50%] Built target KALMANFILTER
[0.213s] [100%] Built target geolocation
[0.242s] Invoked command in '/home/jaehwan/rohang25_R1/build/geolocation_kf_25' returned '0': CMAKE_PREFIX_PATH=/home/jaehwan/rohang25_R1/install/yolov11_msgs:/home/jaehwan/rohang25_R1/install/px4_msgs:/home/jaehwan/rohang25_R1/install/rohang25_test:/home/jaehwan/rohang25_R1/install/gimbal_control_25:/home/jaehwan/rohang25_R1/install/geolocation_kf_25:/home/jaehwan/rohang25_R1/install/rohang25:/home/jaehwan/rohang25_R1/install/gscam:/home/jaehwan/rohang25_R1/install/yolov11:/opt/ros/humble LD_LIBRARY_PATH=/home/jaehwan/rohang25_R1/install/yolov11_msgs/lib:/home/jaehwan/rohang25_R1/install/px4_msgs/lib:/home/jaehwan/rohang25_R1/install/rohang25_test/lib:/home/jaehwan/rohang25_R1/install/geolocation_kf_25/lib:/home/jaehwan/rohang25_R1/install/gscam/lib:/home/jaehwan/ws_offboard_control/build/rohang25:/usr/lib/x86_64-linux-gnu/gazebo-11/plugins:/opt/ros/humble/opt/rviz_ogre_vendor/lib:/opt/ros/humble/lib/x86_64-linux-gnu:/opt/ros/humble/lib:/usr/share/gazebo/../../lib/x86_64-linux-gnu/gazebo-11/plugins /usr/bin/cmake --build /home/jaehwan/rohang25_R1/build/geolocation_kf_25 -- -j12 -l12
[0.243s] Invoking command in '/home/jaehwan/rohang25_R1/build/geolocation_kf_25': CMAKE_PREFIX_PATH=/home/jaehwan/rohang25_R1/install/yolov11_msgs:/home/jaehwan/rohang25_R1/install/px4_msgs:/home/jaehwan/rohang25_R1/install/rohang25_test:/home/jaehwan/rohang25_R1/install/gimbal_control_25:/home/jaehwan/rohang25_R1/install/geolocation_kf_25:/home/jaehwan/rohang25_R1/install/rohang25:/home/jaehwan/rohang25_R1/install/gscam:/home/jaehwan/rohang25_R1/install/yolov11:/opt/ros/humble LD_LIBRARY_PATH=/home/jaehwan/rohang25_R1/install/yolov11_msgs/lib:/home/jaehwan/rohang25_R1/install/px4_msgs/lib:/home/jaehwan/rohang25_R1/install/rohang25_test/lib:/home/jaehwan/rohang25_R1/install/geolocation_kf_25/lib:/home/jaehwan/rohang25_R1/install/gscam/lib:/home/jaehwan/ws_offboard_control/build/rohang25:/usr/lib/x86_64-linux-gnu/gazebo-11/plugins:/opt/ros/humble/opt/rviz_ogre_vendor/lib:/opt/ros/humble/lib/x86_64-linux-gnu:/opt/ros/humble/lib:/usr/share/gazebo/../../lib/x86_64-linux-gnu/gazebo-11/plugins /usr/bin/cmake --install /home/jaehwan/rohang25_R1/build/geolocation_kf_25
[0.256s] -- Install configuration: ""
[0.257s] -- Up-to-date: /home/jaehwan/rohang25_R1/install/geolocation_kf_25/lib/libKALMANFILTER.so
[0.257s] -- Up-to-date: /home/jaehwan/rohang25_R1/install/geolocation_kf_25/lib/geolocation_kf_25/geolocation
[0.257s] -- Up-to-date: /home/jaehwan/rohang25_R1/install/geolocation_kf_25/include/geolocation_kf_25
[0.258s] -- Up-to-date: /home/jaehwan/rohang25_R1/install/geolocation_kf_25/include/geolocation_kf_25/uav_manage.h
[0.258s] -- Up-to-date: /home/jaehwan/rohang25_R1/install/geolocation_kf_25/include/geolocation_kf_25/console_color_definition.h
[0.258s] -- Up-to-date: /home/jaehwan/rohang25_R1/install/geolocation_kf_25/include/geolocation_kf_25/console_print.h
[0.258s] -- Up-to-date: /home/jaehwan/rohang25_R1/install/geolocation_kf_25/include/geolocation_kf_25/uav_status.h
[0.258s] -- Up-to-date: /home/jaehwan/rohang25_R1/install/geolocation_kf_25/include/geolocation_kf_25/kalmanfilter.h
[0.258s] -- Up-to-date: /home/jaehwan/rohang25_R1/install/geolocation_kf_25/share/ament_index/resource_index/package_run_dependencies/geolocation_kf_25
[0.258s] -- Up-to-date: /home/jaehwan/rohang25_R1/install/geolocation_kf_25/share/ament_index/resource_index/parent_prefix_path/geolocation_kf_25
[0.258s] -- Up-to-date: /home/jaehwan/rohang25_R1/install/geolocation_kf_25/share/geolocation_kf_25/environment/ament_prefix_path.sh
[0.258s] -- Up-to-date: /home/jaehwan/rohang25_R1/install/geolocation_kf_25/share/geolocation_kf_25/environment/ament_prefix_path.dsv
[0.258s] -- Up-to-date: /home/jaehwan/rohang25_R1/install/geolocation_kf_25/share/geolocation_kf_25/environment/path.sh
[0.258s] -- Up-to-date: /home/jaehwan/rohang25_R1/install/geolocation_kf_25/share/geolocation_kf_25/environment/path.dsv
[0.262s] -- Up-to-date: /home/jaehwan/rohang25_R1/install/geolocation_kf_25/share/geolocation_kf_25/local_setup.bash
[0.264s] -- Up-to-date: /home/jaehwan/rohang25_R1/install/geolocation_kf_25/share/geolocation_kf_25/local_setup.sh
[0.264s] -- Up-to-date: /home/jaehwan/rohang25_R1/install/geolocation_kf_25/share/geolocation_kf_25/local_setup.zsh
[0.264s] -- Up-to-date: /home/jaehwan/rohang25_R1/install/geolocation_kf_25/share/geolocation_kf_25/local_setup.dsv
[0.264s] -- Installing: /home/jaehwan/rohang25_R1/install/geolocation_kf_25/share/geolocation_kf_25/package.dsv
[0.264s] -- Up-to-date: /home/jaehwan/rohang25_R1/install/geolocation_kf_25/share/ament_index/resource_index/packages/geolocation_kf_25
[0.264s] -- Up-to-date: /home/jaehwan/rohang25_R1/install/geolocation_kf_25/share/geolocation_kf_25/cmake/geolocation_kf_25Config.cmake
[0.264s] -- Up-to-date: /home/jaehwan/rohang25_R1/install/geolocation_kf_25/share/geolocation_kf_25/cmake/geolocation_kf_25Config-version.cmake
[0.264s] -- Up-to-date: /home/jaehwan/rohang25_R1/install/geolocation_kf_25/share/geolocation_kf_25/package.xml
[0.265s] Invoked command in '/home/jaehwan/rohang25_R1/build/geolocation_kf_25' returned '0': CMAKE_PREFIX_PATH=/home/jaehwan/rohang25_R1/install/yolov11_msgs:/home/jaehwan/rohang25_R1/install/px4_msgs:/home/jaehwan/rohang25_R1/install/rohang25_test:/home/jaehwan/rohang25_R1/install/gimbal_control_25:/home/jaehwan/rohang25_R1/install/geolocation_kf_25:/home/jaehwan/rohang25_R1/install/rohang25:/home/jaehwan/rohang25_R1/install/gscam:/home/jaehwan/rohang25_R1/install/yolov11:/opt/ros/humble LD_LIBRARY_PATH=/home/jaehwan/rohang25_R1/install/yolov11_msgs/lib:/home/jaehwan/rohang25_R1/install/px4_msgs/lib:/home/jaehwan/rohang25_R1/install/rohang25_test/lib:/home/jaehwan/rohang25_R1/install/geolocation_kf_25/lib:/home/jaehwan/rohang25_R1/install/gscam/lib:/home/jaehwan/ws_offboard_control/build/rohang25:/usr/lib/x86_64-linux-gnu/gazebo-11/plugins:/opt/ros/humble/opt/rviz_ogre_vendor/lib:/opt/ros/humble/lib/x86_64-linux-gnu:/opt/ros/humble/lib:/usr/share/gazebo/../../lib/x86_64-linux-gnu/gazebo-11/plugins /usr/bin/cmake --install /home/jaehwan/rohang25_R1/build/geolocation_kf_25
