[0.012s] Invoking command in '/home/jaehwan/rohang25_R1/build/gimbal_control_25': CMAKE_PREFIX_PATH=/home/jaehwan/rohang25_R1/install/yolov11_msgs:/home/jaehwan/rohang25_R1/install/px4_msgs:/home/jaehwan/rohang25_R1/install/rohang25_test:/home/jaehwan/rohang25_R1/install/gimbal_control_25:/home/jaehwan/rohang25_R1/install/geolocation_kf_25:/home/jaehwan/rohang25_R1/install/rohang25:/home/jaehwan/rohang25_R1/install/gscam:/home/jaehwan/rohang25_R1/install/yolov11:/opt/ros/humble LD_LIBRARY_PATH=/home/jaehwan/rohang25_R1/install/yolov11_msgs/lib:/home/jaehwan/rohang25_R1/install/px4_msgs/lib:/home/jaehwan/rohang25_R1/install/rohang25_test/lib:/home/jaehwan/rohang25_R1/install/geolocation_kf_25/lib:/home/jaehwan/rohang25_R1/install/gscam/lib:/home/jaehwan/ws_offboard_control/build/rohang25:/usr/lib/x86_64-linux-gnu/gazebo-11/plugins:/opt/ros/humble/opt/rviz_ogre_vendor/lib:/opt/ros/humble/lib/x86_64-linux-gnu:/opt/ros/humble/lib:/usr/share/gazebo/../../lib/x86_64-linux-gnu/gazebo-11/plugins /usr/bin/cmake --build /home/jaehwan/rohang25_R1/build/gimbal_control_25 -- -j12 -l12
[0.049s] [35m[1mConsolidate compiler generated dependencies of target gimbal_control_node[0m
[0.061s] [ 50%] Built target gimbal_status_node
[0.072s] [ 75%] [32mBuilding CXX object CMakeFiles/gimbal_control_node.dir/src/gimbal_control_node_real.cpp.o[0m
[2.065s] [01m[K/home/jaehwan/rohang25_R1/src/gimbal_control_25/src/gimbal_control_node_real.cpp:[m[K In member function ‘[01m[Kvoid GimbalControlNode::control_loop()[m[K’:
[2.066s] [01m[K/home/jaehwan/rohang25_R1/src/gimbal_control_25/src/gimbal_control_node_real.cpp:187:16:[m[K [01;35m[Kwarning: [m[Kunused variable ‘[01m[Kpan_rad[m[K’ [[01;35m[K]8;;https://gcc.gnu.org/onlinedocs/gcc/Warning-Options.html#index-Wunused-variable-Wunused-variable]8;;[m[K]
[2.066s]   187 |         double [01;35m[Kpan_rad[m[K  = last_pan_deg_  * M_PI / 180.0;
[2.066s]       |                [01;35m[K^~~~~~~[m[K
[2.066s] [01m[K/home/jaehwan/rohang25_R1/src/gimbal_control_25/src/gimbal_control_node_real.cpp:188:16:[m[K [01;35m[Kwarning: [m[Kunused variable ‘[01m[Ktilt_rad[m[K’ [[01;35m[K]8;;https://gcc.gnu.org/onlinedocs/gcc/Warning-Options.html#index-Wunused-variable-Wunused-variable]8;;[m[K]
[2.066s]   188 |         double [01;35m[Ktilt_rad[m[K = last_tilt_deg_ * M_PI / 180.0;
[2.066s]       |                [01;35m[K^~~~~~~~[m[K
[7.370s] [100%] [32m[1mLinking CXX executable gimbal_control_node[0m
[7.709s] [100%] Built target gimbal_control_node
[7.718s] Invoked command in '/home/jaehwan/rohang25_R1/build/gimbal_control_25' returned '0': CMAKE_PREFIX_PATH=/home/jaehwan/rohang25_R1/install/yolov11_msgs:/home/jaehwan/rohang25_R1/install/px4_msgs:/home/jaehwan/rohang25_R1/install/rohang25_test:/home/jaehwan/rohang25_R1/install/gimbal_control_25:/home/jaehwan/rohang25_R1/install/geolocation_kf_25:/home/jaehwan/rohang25_R1/install/rohang25:/home/jaehwan/rohang25_R1/install/gscam:/home/jaehwan/rohang25_R1/install/yolov11:/opt/ros/humble LD_LIBRARY_PATH=/home/jaehwan/rohang25_R1/install/yolov11_msgs/lib:/home/jaehwan/rohang25_R1/install/px4_msgs/lib:/home/jaehwan/rohang25_R1/install/rohang25_test/lib:/home/jaehwan/rohang25_R1/install/geolocation_kf_25/lib:/home/jaehwan/rohang25_R1/install/gscam/lib:/home/jaehwan/ws_offboard_control/build/rohang25:/usr/lib/x86_64-linux-gnu/gazebo-11/plugins:/opt/ros/humble/opt/rviz_ogre_vendor/lib:/opt/ros/humble/lib/x86_64-linux-gnu:/opt/ros/humble/lib:/usr/share/gazebo/../../lib/x86_64-linux-gnu/gazebo-11/plugins /usr/bin/cmake --build /home/jaehwan/rohang25_R1/build/gimbal_control_25 -- -j12 -l12
[7.719s] Invoking command in '/home/jaehwan/rohang25_R1/build/gimbal_control_25': CMAKE_PREFIX_PATH=/home/jaehwan/rohang25_R1/install/yolov11_msgs:/home/jaehwan/rohang25_R1/install/px4_msgs:/home/jaehwan/rohang25_R1/install/rohang25_test:/home/jaehwan/rohang25_R1/install/gimbal_control_25:/home/jaehwan/rohang25_R1/install/geolocation_kf_25:/home/jaehwan/rohang25_R1/install/rohang25:/home/jaehwan/rohang25_R1/install/gscam:/home/jaehwan/rohang25_R1/install/yolov11:/opt/ros/humble LD_LIBRARY_PATH=/home/jaehwan/rohang25_R1/install/yolov11_msgs/lib:/home/jaehwan/rohang25_R1/install/px4_msgs/lib:/home/jaehwan/rohang25_R1/install/rohang25_test/lib:/home/jaehwan/rohang25_R1/install/geolocation_kf_25/lib:/home/jaehwan/rohang25_R1/install/gscam/lib:/home/jaehwan/ws_offboard_control/build/rohang25:/usr/lib/x86_64-linux-gnu/gazebo-11/plugins:/opt/ros/humble/opt/rviz_ogre_vendor/lib:/opt/ros/humble/lib/x86_64-linux-gnu:/opt/ros/humble/lib:/usr/share/gazebo/../../lib/x86_64-linux-gnu/gazebo-11/plugins /usr/bin/cmake --install /home/jaehwan/rohang25_R1/build/gimbal_control_25
[7.724s] -- Install configuration: ""
[7.724s] -- Up-to-date: /home/jaehwan/rohang25_R1/install/gimbal_control_25/lib/gimbal_control_25/gimbal_status_node
[7.724s] -- Installing: /home/jaehwan/rohang25_R1/install/gimbal_control_25/lib/gimbal_control_25/gimbal_control_node
[7.726s] -- Set runtime path of "/home/jaehwan/rohang25_R1/install/gimbal_control_25/lib/gimbal_control_25/gimbal_control_node" to ""
[7.726s] -- Up-to-date: /home/jaehwan/rohang25_R1/install/gimbal_control_25/share/ament_index/resource_index/package_run_dependencies/gimbal_control_25
[7.726s] -- Up-to-date: /home/jaehwan/rohang25_R1/install/gimbal_control_25/share/ament_index/resource_index/parent_prefix_path/gimbal_control_25
[7.727s] -- Up-to-date: /home/jaehwan/rohang25_R1/install/gimbal_control_25/share/gimbal_control_25/environment/ament_prefix_path.sh
[7.727s] -- Up-to-date: /home/jaehwan/rohang25_R1/install/gimbal_control_25/share/gimbal_control_25/environment/ament_prefix_path.dsv
[7.727s] -- Up-to-date: /home/jaehwan/rohang25_R1/install/gimbal_control_25/share/gimbal_control_25/environment/path.sh
[7.727s] -- Up-to-date: /home/jaehwan/rohang25_R1/install/gimbal_control_25/share/gimbal_control_25/environment/path.dsv
[7.727s] -- Up-to-date: /home/jaehwan/rohang25_R1/install/gimbal_control_25/share/gimbal_control_25/local_setup.bash
[7.727s] -- Up-to-date: /home/jaehwan/rohang25_R1/install/gimbal_control_25/share/gimbal_control_25/local_setup.sh
[7.727s] -- Up-to-date: /home/jaehwan/rohang25_R1/install/gimbal_control_25/share/gimbal_control_25/local_setup.zsh
[7.727s] -- Up-to-date: /home/jaehwan/rohang25_R1/install/gimbal_control_25/share/gimbal_control_25/local_setup.dsv
[7.727s] -- Installing: /home/jaehwan/rohang25_R1/install/gimbal_control_25/share/gimbal_control_25/package.dsv
[7.727s] -- Up-to-date: /home/jaehwan/rohang25_R1/install/gimbal_control_25/share/ament_index/resource_index/packages/gimbal_control_25
[7.727s] -- Up-to-date: /home/jaehwan/rohang25_R1/install/gimbal_control_25/share/gimbal_control_25/cmake/gimbal_control_25Config.cmake
[7.727s] -- Up-to-date: /home/jaehwan/rohang25_R1/install/gimbal_control_25/share/gimbal_control_25/cmake/gimbal_control_25Config-version.cmake
[7.727s] -- Up-to-date: /home/jaehwan/rohang25_R1/install/gimbal_control_25/share/gimbal_control_25/package.xml
[7.728s] Invoked command in '/home/jaehwan/rohang25_R1/build/gimbal_control_25' returned '0': CMAKE_PREFIX_PATH=/home/jaehwan/rohang25_R1/install/yolov11_msgs:/home/jaehwan/rohang25_R1/install/px4_msgs:/home/jaehwan/rohang25_R1/install/rohang25_test:/home/jaehwan/rohang25_R1/install/gimbal_control_25:/home/jaehwan/rohang25_R1/install/geolocation_kf_25:/home/jaehwan/rohang25_R1/install/rohang25:/home/jaehwan/rohang25_R1/install/gscam:/home/jaehwan/rohang25_R1/install/yolov11:/opt/ros/humble LD_LIBRARY_PATH=/home/jaehwan/rohang25_R1/install/yolov11_msgs/lib:/home/jaehwan/rohang25_R1/install/px4_msgs/lib:/home/jaehwan/rohang25_R1/install/rohang25_test/lib:/home/jaehwan/rohang25_R1/install/geolocation_kf_25/lib:/home/jaehwan/rohang25_R1/install/gscam/lib:/home/jaehwan/ws_offboard_control/build/rohang25:/usr/lib/x86_64-linux-gnu/gazebo-11/plugins:/opt/ros/humble/opt/rviz_ogre_vendor/lib:/opt/ros/humble/lib/x86_64-linux-gnu:/opt/ros/humble/lib:/usr/share/gazebo/../../lib/x86_64-linux-gnu/gazebo-11/plugins /usr/bin/cmake --install /home/jaehwan/rohang25_R1/build/gimbal_control_25
