[0.028s] Invoking command in '/home/jaehwan/rohang25_R1/build/gimbal_control_25': CMAKE_PREFIX_PATH=/home/jaehwan/rohang25_R1/install/yolov11_msgs:/home/jaehwan/rohang25_R1/install/px4_msgs:/home/jaehwan/rohang25_R1/install/rohang25_test:/home/jaehwan/rohang25_R1/install/gimbal_control_25:/home/jaehwan/rohang25_R1/install/geolocation_kf_25:/home/jaehwan/rohang25_R1/install/rohang25:/home/jaehwan/rohang25_R1/install/gscam:/home/jaehwan/rohang25_R1/install/yolov11:/opt/ros/humble LD_LIBRARY_PATH=/home/jaehwan/rohang25_R1/install/yolov11_msgs/lib:/home/jaehwan/rohang25_R1/install/px4_msgs/lib:/home/jaehwan/rohang25_R1/install/rohang25_test/lib:/home/jaehwan/rohang25_R1/install/geolocation_kf_25/lib:/home/jaehwan/rohang25_R1/install/gscam/lib:/home/jaehwan/ws_offboard_control/build/rohang25:/usr/lib/x86_64-linux-gnu/gazebo-11/plugins:/opt/ros/humble/opt/rviz_ogre_vendor/lib:/opt/ros/humble/lib/x86_64-linux-gnu:/opt/ros/humble/lib:/usr/share/gazebo/../../lib/x86_64-linux-gnu/gazebo-11/plugins /usr/bin/cmake --build /home/jaehwan/rohang25_R1/build/gimbal_control_25 -- -j12 -l12
[0.110s] [35m[1mConsolidate compiler generated dependencies of target gimbal_control_node[0m
[0.152s] [ 50%] Built target gimbal_status_node
[0.162s] [ 75%] [32mBuilding CXX object CMakeFiles/gimbal_control_node.dir/src/gimbal_control_node_real.cpp.o[0m
[5.005s] [01m[K/home/jaehwan/rohang25_R1/src/gimbal_control_25/src/gimbal_control_node_real.cpp:[m[K In constructor ‘[01m[KGimbalControlNode::GimbalControlNode()[m[K’:
[5.005s] [01m[K/home/jaehwan/rohang25_R1/src/gimbal_control_25/src/gimbal_control_node_real.cpp:57:33:[m[K [01;35m[Kwarning: [m[Kunused variable ‘[01m[KDEAD_BAND_DEG[m[K’ [[01;35m[K]8;;https://gcc.gnu.org/onlinedocs/gcc/Warning-Options.html#index-Wunused-variable-Wunused-variable]8;;[m[K]
[5.005s]    57 |         static constexpr double [01;35m[KDEAD_BAND_DEG[m[K = 2.0; // 2도 이하는 무시
[5.005s]       |                                 [01;35m[K^~~~~~~~~~~~~[m[K
[5.044s] [01m[K/home/jaehwan/rohang25_R1/src/gimbal_control_25/src/gimbal_control_node_real.cpp:[m[K In member function ‘[01m[Kvoid GimbalControlNode::control_loop()[m[K’:
[5.045s] [01m[K/home/jaehwan/rohang25_R1/src/gimbal_control_25/src/gimbal_control_node_real.cpp:199:51:[m[K [01;31m[Kerror: [m[K‘[01m[KDEAD_BAND_DEG[m[K’ was not declared in this scope
[5.045s]   199 |         if (std::fabs(new_pan - last_pan_deg_)  < [01;31m[KDEAD_BAND_DEG[m[K)  new_pan  = last_pan_deg_;
[5.045s]       |                                                   [01;31m[K^~~~~~~~~~~~~[m[K
[5.062s] [01m[K/home/jaehwan/rohang25_R1/src/gimbal_control_25/src/gimbal_control_node_real.cpp:200:52:[m[K [01;31m[Kerror: [m[K‘[01m[KDEAD_BAND_DEG[m[K’ was not declared in this scope
[5.062s]   200 |         if (std::fabs(new_tilt - last_tilt_deg_) < [01;31m[KDEAD_BAND_DEG[m[K) new_tilt = last_tilt_deg_
[5.062s]       |                                                    [01;31m[K^~~~~~~~~~~~~[m[K
[5.063s] [01m[K/home/jaehwan/rohang25_R1/src/gimbal_control_25/src/gimbal_control_node_real.cpp:202:9:[m[K [01;31m[Kerror: [m[Kexpected ‘[01m[K;[m[K’ before ‘[01m[Kencode_attitude[m[K’
[5.063s]   202 |         [01;31m[Kencode_attitude[m[K(new_pan, new_tilt, yaw_hex_, pitch_hex_);
[5.063s]       |         [01;31m[K^~~~~~~~~~~~~~~[m[K
[10.297s] gmake[2]: *** [CMakeFiles/gimbal_control_node.dir/build.make:76: CMakeFiles/gimbal_control_node.dir/src/gimbal_control_node_real.cpp.o] Error 1
[10.297s] gmake[1]: *** [CMakeFiles/Makefile2:139: CMakeFiles/gimbal_control_node.dir/all] Error 2
[10.297s] gmake: *** [Makefile:146: all] Error 2
[10.300s] Invoked command in '/home/jaehwan/rohang25_R1/build/gimbal_control_25' returned '2': CMAKE_PREFIX_PATH=/home/jaehwan/rohang25_R1/install/yolov11_msgs:/home/jaehwan/rohang25_R1/install/px4_msgs:/home/jaehwan/rohang25_R1/install/rohang25_test:/home/jaehwan/rohang25_R1/install/gimbal_control_25:/home/jaehwan/rohang25_R1/install/geolocation_kf_25:/home/jaehwan/rohang25_R1/install/rohang25:/home/jaehwan/rohang25_R1/install/gscam:/home/jaehwan/rohang25_R1/install/yolov11:/opt/ros/humble LD_LIBRARY_PATH=/home/jaehwan/rohang25_R1/install/yolov11_msgs/lib:/home/jaehwan/rohang25_R1/install/px4_msgs/lib:/home/jaehwan/rohang25_R1/install/rohang25_test/lib:/home/jaehwan/rohang25_R1/install/geolocation_kf_25/lib:/home/jaehwan/rohang25_R1/install/gscam/lib:/home/jaehwan/ws_offboard_control/build/rohang25:/usr/lib/x86_64-linux-gnu/gazebo-11/plugins:/opt/ros/humble/opt/rviz_ogre_vendor/lib:/opt/ros/humble/lib/x86_64-linux-gnu:/opt/ros/humble/lib:/usr/share/gazebo/../../lib/x86_64-linux-gnu/gazebo-11/plugins /usr/bin/cmake --build /home/jaehwan/rohang25_R1/build/gimbal_control_25 -- -j12 -l12
