[0.038s] Invoking command in '/home/jaehwan/rohang25_R1/build/rohang25': CMAKE_PREFIX_PATH=/home/jaehwan/rohang25_R1/install/px4_msgs:/home/jaehwan/rohang25_R1/install/rohang25_test:/home/jaehwan/rohang25_R1/install/gimbal_control_25:/home/jaehwan/rohang25_R1/install/geolocation_kf_25:/home/jaehwan/rohang25_R1/install/yolov11_msgs:/home/jaehwan/rohang25_R1/install/rohang25:/home/jaehwan/rohang25_R1/install/gscam:/home/jaehwan/rohang25_R1/install/yolov11:/opt/ros/humble LD_LIBRARY_PATH=/home/jaehwan/rohang25_R1/install/px4_msgs/lib:/home/jaehwan/rohang25_R1/install/rohang25_test/lib:/home/jaehwan/rohang25_R1/install/geolocation_kf_25/lib:/home/jaehwan/rohang25_R1/install/yolov11_msgs/lib:/home/jaehwan/rohang25_R1/install/gscam/lib:/home/jaehwan/ws_offboard_control/build/rohang25:/usr/lib/x86_64-linux-gnu/gazebo-11/plugins:/opt/ros/humble/opt/rviz_ogre_vendor/lib:/opt/ros/humble/lib/x86_64-linux-gnu:/opt/ros/humble/lib:/usr/share/gazebo/../../lib/x86_64-linux-gnu/gazebo-11/plugins /usr/bin/cmake --build /home/jaehwan/rohang25_R1/build/rohang25 -- -j12 -l12
[0.142s] [ 20%] Built target LOG
[0.154s] [ 40%] Built target CONTROL
[0.160s] [ 80%] Built target CUSTOMLIB
[0.234s] [100%] Built target offboard_control
[0.303s] Invoked command in '/home/jaehwan/rohang25_R1/build/rohang25' returned '0': CMAKE_PREFIX_PATH=/home/jaehwan/rohang25_R1/install/px4_msgs:/home/jaehwan/rohang25_R1/install/rohang25_test:/home/jaehwan/rohang25_R1/install/gimbal_control_25:/home/jaehwan/rohang25_R1/install/geolocation_kf_25:/home/jaehwan/rohang25_R1/install/yolov11_msgs:/home/jaehwan/rohang25_R1/install/rohang25:/home/jaehwan/rohang25_R1/install/gscam:/home/jaehwan/rohang25_R1/install/yolov11:/opt/ros/humble LD_LIBRARY_PATH=/home/jaehwan/rohang25_R1/install/px4_msgs/lib:/home/jaehwan/rohang25_R1/install/rohang25_test/lib:/home/jaehwan/rohang25_R1/install/geolocation_kf_25/lib:/home/jaehwan/rohang25_R1/install/yolov11_msgs/lib:/home/jaehwan/rohang25_R1/install/gscam/lib:/home/jaehwan/ws_offboard_control/build/rohang25:/usr/lib/x86_64-linux-gnu/gazebo-11/plugins:/opt/ros/humble/opt/rviz_ogre_vendor/lib:/opt/ros/humble/lib/x86_64-linux-gnu:/opt/ros/humble/lib:/usr/share/gazebo/../../lib/x86_64-linux-gnu/gazebo-11/plugins /usr/bin/cmake --build /home/jaehwan/rohang25_R1/build/rohang25 -- -j12 -l12
[0.304s] Invoking command in '/home/jaehwan/rohang25_R1/build/rohang25': CMAKE_PREFIX_PATH=/home/jaehwan/rohang25_R1/install/px4_msgs:/home/jaehwan/rohang25_R1/install/rohang25_test:/home/jaehwan/rohang25_R1/install/gimbal_control_25:/home/jaehwan/rohang25_R1/install/geolocation_kf_25:/home/jaehwan/rohang25_R1/install/yolov11_msgs:/home/jaehwan/rohang25_R1/install/rohang25:/home/jaehwan/rohang25_R1/install/gscam:/home/jaehwan/rohang25_R1/install/yolov11:/opt/ros/humble LD_LIBRARY_PATH=/home/jaehwan/rohang25_R1/install/px4_msgs/lib:/home/jaehwan/rohang25_R1/install/rohang25_test/lib:/home/jaehwan/rohang25_R1/install/geolocation_kf_25/lib:/home/jaehwan/rohang25_R1/install/yolov11_msgs/lib:/home/jaehwan/rohang25_R1/install/gscam/lib:/home/jaehwan/ws_offboard_control/build/rohang25:/usr/lib/x86_64-linux-gnu/gazebo-11/plugins:/opt/ros/humble/opt/rviz_ogre_vendor/lib:/opt/ros/humble/lib/x86_64-linux-gnu:/opt/ros/humble/lib:/usr/share/gazebo/../../lib/x86_64-linux-gnu/gazebo-11/plugins /usr/bin/cmake --install /home/jaehwan/rohang25_R1/build/rohang25
[0.313s] -- Install configuration: ""
[0.314s] -- Up-to-date: /home/jaehwan/rohang25_R1/install/rohang25/lib/rohang25/offboard_control
[0.314s] -- Up-to-date: /home/jaehwan/rohang25_R1/install/rohang25/include/rohang25
[0.316s] -- Up-to-date: /home/jaehwan/rohang25_R1/install/rohang25/include/rohang25/mission.h
[0.316s] -- Up-to-date: /home/jaehwan/rohang25_R1/install/rohang25/include/rohang25/algebra.h
[0.316s] -- Up-to-date: /home/jaehwan/rohang25_R1/install/rohang25/include/rohang25/guidance.h
[0.316s] -- Up-to-date: /home/jaehwan/rohang25_R1/install/rohang25/include/rohang25/frame.h
[0.316s] -- Up-to-date: /home/jaehwan/rohang25_R1/install/rohang25/include/rohang25/config.h
[0.316s] -- Up-to-date: /home/jaehwan/rohang25_R1/install/rohang25/include/rohang25/log.h
[0.316s] -- Up-to-date: /home/jaehwan/rohang25_R1/install/rohang25/include/rohang25/control.h
[0.316s] -- Up-to-date: /home/jaehwan/rohang25_R1/install/rohang25/include/rohang25/global_def.h
[0.316s] -- Up-to-date: /home/jaehwan/rohang25_R1/install/rohang25/share/ament_index/resource_index/package_run_dependencies/rohang25
[0.316s] -- Up-to-date: /home/jaehwan/rohang25_R1/install/rohang25/share/ament_index/resource_index/parent_prefix_path/rohang25
[0.317s] -- Up-to-date: /home/jaehwan/rohang25_R1/install/rohang25/share/rohang25/environment/ament_prefix_path.sh
[0.317s] -- Up-to-date: /home/jaehwan/rohang25_R1/install/rohang25/share/rohang25/environment/ament_prefix_path.dsv
[0.318s] -- Up-to-date: /home/jaehwan/rohang25_R1/install/rohang25/share/rohang25/environment/path.sh
[0.318s] -- Up-to-date: /home/jaehwan/rohang25_R1/install/rohang25/share/rohang25/environment/path.dsv
[0.318s] -- Up-to-date: /home/jaehwan/rohang25_R1/install/rohang25/share/rohang25/local_setup.bash
[0.318s] -- Up-to-date: /home/jaehwan/rohang25_R1/install/rohang25/share/rohang25/local_setup.sh
[0.318s] -- Up-to-date: /home/jaehwan/rohang25_R1/install/rohang25/share/rohang25/local_setup.zsh
[0.318s] -- Up-to-date: /home/jaehwan/rohang25_R1/install/rohang25/share/rohang25/local_setup.dsv
[0.319s] -- Installing: /home/jaehwan/rohang25_R1/install/rohang25/share/rohang25/package.dsv
[0.319s] -- Up-to-date: /home/jaehwan/rohang25_R1/install/rohang25/share/ament_index/resource_index/packages/rohang25
[0.319s] -- Up-to-date: /home/jaehwan/rohang25_R1/install/rohang25/share/rohang25/cmake/rohang25Config.cmake
[0.319s] -- Up-to-date: /home/jaehwan/rohang25_R1/install/rohang25/share/rohang25/cmake/rohang25Config-version.cmake
[0.321s] -- Up-to-date: /home/jaehwan/rohang25_R1/install/rohang25/share/rohang25/package.xml
[0.322s] Invoked command in '/home/jaehwan/rohang25_R1/build/rohang25' returned '0': CMAKE_PREFIX_PATH=/home/jaehwan/rohang25_R1/install/px4_msgs:/home/jaehwan/rohang25_R1/install/rohang25_test:/home/jaehwan/rohang25_R1/install/gimbal_control_25:/home/jaehwan/rohang25_R1/install/geolocation_kf_25:/home/jaehwan/rohang25_R1/install/yolov11_msgs:/home/jaehwan/rohang25_R1/install/rohang25:/home/jaehwan/rohang25_R1/install/gscam:/home/jaehwan/rohang25_R1/install/yolov11:/opt/ros/humble LD_LIBRARY_PATH=/home/jaehwan/rohang25_R1/install/px4_msgs/lib:/home/jaehwan/rohang25_R1/install/rohang25_test/lib:/home/jaehwan/rohang25_R1/install/geolocation_kf_25/lib:/home/jaehwan/rohang25_R1/install/yolov11_msgs/lib:/home/jaehwan/rohang25_R1/install/gscam/lib:/home/jaehwan/ws_offboard_control/build/rohang25:/usr/lib/x86_64-linux-gnu/gazebo-11/plugins:/opt/ros/humble/opt/rviz_ogre_vendor/lib:/opt/ros/humble/lib/x86_64-linux-gnu:/opt/ros/humble/lib:/usr/share/gazebo/../../lib/x86_64-linux-gnu/gazebo-11/plugins /usr/bin/cmake --install /home/jaehwan/rohang25_R1/build/rohang25
