-- Found ament_cmake: 1.3.11 (/opt/ros/humble/share/ament_cmake/cmake)
-- Found builtin_interfaces: 1.2.1 (/opt/ros/humble/share/builtin_interfaces/cmake)
-- Found rosidl_generator_c: 3.1.6 (/opt/ros/humble/share/rosidl_generator_c/cmake)
-- Found rosidl_adapter: 3.1.6 (/opt/ros/humble/share/rosidl_adapter/cmake)
-- Found rosidl_generator_cpp: 3.1.6 (/opt/ros/humble/share/rosidl_generator_cpp/cmake)
-- Using all available rosidl_typesupport_c: rosidl_typesupport_fastrtps_c;rosidl_typesupport_introspection_c
-- Using all available rosidl_typesupport_cpp: rosidl_typesupport_fastrtps_cpp;rosidl_typesupport_introspection_cpp
-- Found rclcpp: 16.0.11 (/opt/ros/humble/share/rclcpp/cmake)
-- Found rmw_implementation_cmake: 6.1.2 (/opt/ros/humble/share/rmw_implementation_cmake/cmake)
-- Found rmw_fastrtps_cpp: 6.2.7 (/opt/ros/humble/share/rmw_fastrtps_cpp/cmake)
-- Using RMW implementation 'rmw_fastrtps_cpp' as default
-- Found geometry_msgs: 4.2.4 (/opt/ros/humble/share/geometry_msgs/cmake)
-- Found px4_msgs: 2.0.1 (/home/jaehwan/rohang25_R1/install/px4_msgs/share/px4_msgs/cmake)
-- Found yolov11_msgs: 0.0.1 (/home/jaehwan/rohang25_R1/install/yolov11_msgs/share/yolov11_msgs/cmake)
-- Found rclpy: 3.3.15 (/opt/ros/humble/share/rclpy/cmake)
-- Found ament_lint_auto: 0.12.11 (/opt/ros/humble/share/ament_lint_auto/cmake)
-- Added test 'cppcheck' to perform static code analysis on C / C++ code
-- Configured cppcheck include dirs: /home/jaehwan/rohang25_R1/src/geolocation_kf_25/include;$<BUILD_INTERFACE:/home/jaehwan/rohang25_R1/src/geolocation_kf_25/include/geolocation_kf_25>
-- Configured cppcheck exclude dirs and/or files: 
-- Added test 'lint_cmake' to check CMake code style
-- Added test 'uncrustify' to check C / C++ code style
-- Configured uncrustify additional arguments: 
-- Added test 'xmllint' to check XML markup files
-- Configuring done
-- Generating done
-- Build files have been written to: /home/jaehwan/rohang25_R1/build/geolocation_kf_25
[35m[1mConsolidate compiler generated dependencies of target KALMANFILTER[0m
[ 50%] Built target KALMANFILTER
[35m[1mConsolidate compiler generated dependencies of target geolocation[0m
[ 75%] [32mBuilding CXX object CMakeFiles/geolocation.dir/src/geolocation_kf_node.cpp.o[0m
[100%] [32m[1mLinking CXX executable geolocation[0m
[100%] Built target geolocation
-- Install configuration: ""
-- Up-to-date: /home/jaehwan/rohang25_R1/install/geolocation_kf_25/lib/libKALMANFILTER.so
-- Installing: /home/jaehwan/rohang25_R1/install/geolocation_kf_25/lib/geolocation_kf_25/geolocation
-- Set runtime path of "/home/jaehwan/rohang25_R1/install/geolocation_kf_25/lib/geolocation_kf_25/geolocation" to ""
-- Up-to-date: /home/jaehwan/rohang25_R1/install/geolocation_kf_25/include/geolocation_kf_25
-- Up-to-date: /home/jaehwan/rohang25_R1/install/geolocation_kf_25/include/geolocation_kf_25/uav_manage.h
-- Up-to-date: /home/jaehwan/rohang25_R1/install/geolocation_kf_25/include/geolocation_kf_25/console_color_definition.h
-- Up-to-date: /home/jaehwan/rohang25_R1/install/geolocation_kf_25/include/geolocation_kf_25/console_print.h
-- Up-to-date: /home/jaehwan/rohang25_R1/install/geolocation_kf_25/include/geolocation_kf_25/uav_status.h
-- Up-to-date: /home/jaehwan/rohang25_R1/install/geolocation_kf_25/include/geolocation_kf_25/kalmanfilter.h
-- Up-to-date: /home/jaehwan/rohang25_R1/install/geolocation_kf_25/share/ament_index/resource_index/package_run_dependencies/geolocation_kf_25
-- Installing: /home/jaehwan/rohang25_R1/install/geolocation_kf_25/share/ament_index/resource_index/parent_prefix_path/geolocation_kf_25
-- Up-to-date: /home/jaehwan/rohang25_R1/install/geolocation_kf_25/share/geolocation_kf_25/environment/ament_prefix_path.sh
-- Installing: /home/jaehwan/rohang25_R1/install/geolocation_kf_25/share/geolocation_kf_25/environment/ament_prefix_path.dsv
-- Up-to-date: /home/jaehwan/rohang25_R1/install/geolocation_kf_25/share/geolocation_kf_25/environment/path.sh
-- Installing: /home/jaehwan/rohang25_R1/install/geolocation_kf_25/share/geolocation_kf_25/environment/path.dsv
-- Up-to-date: /home/jaehwan/rohang25_R1/install/geolocation_kf_25/share/geolocation_kf_25/local_setup.bash
-- Up-to-date: /home/jaehwan/rohang25_R1/install/geolocation_kf_25/share/geolocation_kf_25/local_setup.sh
-- Up-to-date: /home/jaehwan/rohang25_R1/install/geolocation_kf_25/share/geolocation_kf_25/local_setup.zsh
-- Installing: /home/jaehwan/rohang25_R1/install/geolocation_kf_25/share/geolocation_kf_25/local_setup.dsv
-- Installing: /home/jaehwan/rohang25_R1/install/geolocation_kf_25/share/geolocation_kf_25/package.dsv
-- Up-to-date: /home/jaehwan/rohang25_R1/install/geolocation_kf_25/share/ament_index/resource_index/packages/geolocation_kf_25
-- Up-to-date: /home/jaehwan/rohang25_R1/install/geolocation_kf_25/share/geolocation_kf_25/cmake/geolocation_kf_25Config.cmake
-- Up-to-date: /home/jaehwan/rohang25_R1/install/geolocation_kf_25/share/geolocation_kf_25/cmake/geolocation_kf_25Config-version.cmake
-- Up-to-date: /home/jaehwan/rohang25_R1/install/geolocation_kf_25/share/geolocation_kf_25/package.xml
