[0.066s] DEBUG:colcon:Command line arguments: ['/usr/bin/colcon', 'build']
[0.066s] DEBUG:colcon:Parsed command line arguments: Namespace(log_base=None, log_level=None, verb_name='build', build_base='build', install_base='install', merge_install=False, symlink_install=False, test_result_base=None, continue_on_error=False, executor='parallel', parallel_workers=12, event_handlers=None, ignore_user_meta=False, metas=['./colcon.meta'], base_paths=['.'], packages_ignore=None, packages_ignore_regex=None, paths=None, packages_up_to=None, packages_up_to_regex=None, packages_above=None, packages_above_and_dependencies=None, packages_above_depth=None, packages_select_by_dep=None, packages_skip_by_dep=None, packages_skip_up_to=None, packages_select_build_failed=False, packages_skip_build_finished=False, packages_select_test_failures=False, packages_skip_test_passed=False, packages_select=None, packages_skip=None, packages_select_regex=None, packages_skip_regex=None, packages_start=None, packages_end=None, allow_overriding=[], cmake_args=None, cmake_target=None, cmake_target_skip_unavailable=False, cmake_clean_cache=False, cmake_clean_first=False, cmake_force_configure=False, ament_cmake_args=None, catkin_cmake_args=None, catkin_skip_building_tests=False, verb_parser=<colcon_defaults.argument_parser.defaults.DefaultArgumentsDecorator object at 0x7b1849851360>, verb_extension=<colcon_core.verb.build.BuildVerb object at 0x7b1849850e80>, main=<bound method BuildVerb.main of <colcon_core.verb.build.BuildVerb object at 0x7b1849850e80>>)
[0.091s] Level 1:colcon.colcon_core.package_discovery:discover_packages(colcon_meta) check parameters
[0.091s] Level 1:colcon.colcon_core.package_discovery:discover_packages(recursive) check parameters
[0.091s] Level 1:colcon.colcon_core.package_discovery:discover_packages(ignore) check parameters
[0.091s] Level 1:colcon.colcon_core.package_discovery:discover_packages(path) check parameters
[0.091s] Level 1:colcon.colcon_core.package_discovery:discover_packages(colcon_meta) discover
[0.091s] Level 1:colcon.colcon_core.package_discovery:discover_packages(recursive) discover
[0.091s] INFO:colcon.colcon_core.package_discovery:Crawling recursively for packages in '/home/jaehwan/rohang25_R1'
[0.091s] Level 1:colcon.colcon_core.package_identification:_identify(.) by extensions ['ignore', 'ignore_ament_install']
[0.091s] Level 1:colcon.colcon_core.package_identification:_identify(.) by extension 'ignore'
[0.091s] Level 1:colcon.colcon_core.package_identification:_identify(.) by extension 'ignore_ament_install'
[0.091s] Level 1:colcon.colcon_core.package_identification:_identify(.) by extensions ['colcon_pkg']
[0.091s] Level 1:colcon.colcon_core.package_identification:_identify(.) by extension 'colcon_pkg'
[0.091s] Level 1:colcon.colcon_core.package_identification:_identify(.) by extensions ['colcon_meta']
[0.091s] Level 1:colcon.colcon_core.package_identification:_identify(.) by extension 'colcon_meta'
[0.091s] Level 1:colcon.colcon_core.package_identification:_identify(.) by extensions ['ros']
[0.091s] Level 1:colcon.colcon_core.package_identification:_identify(.) by extension 'ros'
[0.101s] Level 1:colcon.colcon_core.package_identification:_identify(.) by extensions ['cmake', 'python']
[0.101s] Level 1:colcon.colcon_core.package_identification:_identify(.) by extension 'cmake'
[0.101s] Level 1:colcon.colcon_core.package_identification:_identify(.) by extension 'python'
[0.101s] Level 1:colcon.colcon_core.package_identification:_identify(.) by extensions ['python_setup_py']
[0.101s] Level 1:colcon.colcon_core.package_identification:_identify(.) by extension 'python_setup_py'
[0.101s] Level 1:colcon.colcon_core.package_identification:_identify(build) by extensions ['ignore', 'ignore_ament_install']
[0.101s] Level 1:colcon.colcon_core.package_identification:_identify(build) by extension 'ignore'
[0.101s] Level 1:colcon.colcon_core.package_identification:_identify(build) ignored
[0.101s] Level 1:colcon.colcon_core.package_identification:_identify(install) by extensions ['ignore', 'ignore_ament_install']
[0.101s] Level 1:colcon.colcon_core.package_identification:_identify(install) by extension 'ignore'
[0.101s] Level 1:colcon.colcon_core.package_identification:_identify(install) ignored
[0.102s] Level 1:colcon.colcon_core.package_identification:_identify(log) by extensions ['ignore', 'ignore_ament_install']
[0.102s] Level 1:colcon.colcon_core.package_identification:_identify(log) by extension 'ignore'
[0.102s] Level 1:colcon.colcon_core.package_identification:_identify(log) ignored
[0.102s] Level 1:colcon.colcon_core.package_identification:_identify(src) by extensions ['ignore', 'ignore_ament_install']
[0.102s] Level 1:colcon.colcon_core.package_identification:_identify(src) by extension 'ignore'
[0.102s] Level 1:colcon.colcon_core.package_identification:_identify(src) by extension 'ignore_ament_install'
[0.102s] Level 1:colcon.colcon_core.package_identification:_identify(src) by extensions ['colcon_pkg']
[0.102s] Level 1:colcon.colcon_core.package_identification:_identify(src) by extension 'colcon_pkg'
[0.102s] Level 1:colcon.colcon_core.package_identification:_identify(src) by extensions ['colcon_meta']
[0.102s] Level 1:colcon.colcon_core.package_identification:_identify(src) by extension 'colcon_meta'
[0.102s] Level 1:colcon.colcon_core.package_identification:_identify(src) by extensions ['ros']
[0.102s] Level 1:colcon.colcon_core.package_identification:_identify(src) by extension 'ros'
[0.102s] Level 1:colcon.colcon_core.package_identification:_identify(src) by extensions ['cmake', 'python']
[0.102s] Level 1:colcon.colcon_core.package_identification:_identify(src) by extension 'cmake'
[0.102s] Level 1:colcon.colcon_core.package_identification:_identify(src) by extension 'python'
[0.102s] Level 1:colcon.colcon_core.package_identification:_identify(src) by extensions ['python_setup_py']
[0.102s] Level 1:colcon.colcon_core.package_identification:_identify(src) by extension 'python_setup_py'
[0.102s] Level 1:colcon.colcon_core.package_identification:_identify(src/geolocation_kf_25) by extensions ['ignore', 'ignore_ament_install']
[0.102s] Level 1:colcon.colcon_core.package_identification:_identify(src/geolocation_kf_25) by extension 'ignore'
[0.102s] Level 1:colcon.colcon_core.package_identification:_identify(src/geolocation_kf_25) by extension 'ignore_ament_install'
[0.102s] Level 1:colcon.colcon_core.package_identification:_identify(src/geolocation_kf_25) by extensions ['colcon_pkg']
[0.102s] Level 1:colcon.colcon_core.package_identification:_identify(src/geolocation_kf_25) by extension 'colcon_pkg'
[0.102s] Level 1:colcon.colcon_core.package_identification:_identify(src/geolocation_kf_25) by extensions ['colcon_meta']
[0.102s] Level 1:colcon.colcon_core.package_identification:_identify(src/geolocation_kf_25) by extension 'colcon_meta'
[0.102s] Level 1:colcon.colcon_core.package_identification:_identify(src/geolocation_kf_25) by extensions ['ros']
[0.102s] Level 1:colcon.colcon_core.package_identification:_identify(src/geolocation_kf_25) by extension 'ros'
[0.104s] DEBUG:colcon.colcon_core.package_identification:Package 'src/geolocation_kf_25' with type 'ros.ament_cmake' and name 'geolocation_kf_25'
[0.104s] Level 1:colcon.colcon_core.package_identification:_identify(src/gimbal_control_25) by extensions ['ignore', 'ignore_ament_install']
[0.104s] Level 1:colcon.colcon_core.package_identification:_identify(src/gimbal_control_25) by extension 'ignore'
[0.104s] Level 1:colcon.colcon_core.package_identification:_identify(src/gimbal_control_25) by extension 'ignore_ament_install'
[0.104s] Level 1:colcon.colcon_core.package_identification:_identify(src/gimbal_control_25) by extensions ['colcon_pkg']
[0.104s] Level 1:colcon.colcon_core.package_identification:_identify(src/gimbal_control_25) by extension 'colcon_pkg'
[0.104s] Level 1:colcon.colcon_core.package_identification:_identify(src/gimbal_control_25) by extensions ['colcon_meta']
[0.104s] Level 1:colcon.colcon_core.package_identification:_identify(src/gimbal_control_25) by extension 'colcon_meta'
[0.104s] Level 1:colcon.colcon_core.package_identification:_identify(src/gimbal_control_25) by extensions ['ros']
[0.104s] Level 1:colcon.colcon_core.package_identification:_identify(src/gimbal_control_25) by extension 'ros'
[0.105s] DEBUG:colcon.colcon_core.package_identification:Package 'src/gimbal_control_25' with type 'ros.ament_cmake' and name 'gimbal_control_25'
[0.105s] Level 1:colcon.colcon_core.package_identification:_identify(src/gscam) by extensions ['ignore', 'ignore_ament_install']
[0.105s] Level 1:colcon.colcon_core.package_identification:_identify(src/gscam) by extension 'ignore'
[0.105s] Level 1:colcon.colcon_core.package_identification:_identify(src/gscam) by extension 'ignore_ament_install'
[0.105s] Level 1:colcon.colcon_core.package_identification:_identify(src/gscam) by extensions ['colcon_pkg']
[0.105s] Level 1:colcon.colcon_core.package_identification:_identify(src/gscam) by extension 'colcon_pkg'
[0.105s] Level 1:colcon.colcon_core.package_identification:_identify(src/gscam) by extensions ['colcon_meta']
[0.105s] Level 1:colcon.colcon_core.package_identification:_identify(src/gscam) by extension 'colcon_meta'
[0.105s] Level 1:colcon.colcon_core.package_identification:_identify(src/gscam) by extensions ['ros']
[0.105s] Level 1:colcon.colcon_core.package_identification:_identify(src/gscam) by extension 'ros'
[0.106s] DEBUG:colcon.colcon_core.package_identification:Package 'src/gscam' with type 'ros.ament_cmake' and name 'gscam'
[0.106s] Level 1:colcon.colcon_core.package_identification:_identify(src/px4_msgs) by extensions ['ignore', 'ignore_ament_install']
[0.106s] Level 1:colcon.colcon_core.package_identification:_identify(src/px4_msgs) by extension 'ignore'
[0.106s] Level 1:colcon.colcon_core.package_identification:_identify(src/px4_msgs) by extension 'ignore_ament_install'
[0.106s] Level 1:colcon.colcon_core.package_identification:_identify(src/px4_msgs) by extensions ['colcon_pkg']
[0.106s] Level 1:colcon.colcon_core.package_identification:_identify(src/px4_msgs) by extension 'colcon_pkg'
[0.106s] Level 1:colcon.colcon_core.package_identification:_identify(src/px4_msgs) by extensions ['colcon_meta']
[0.106s] Level 1:colcon.colcon_core.package_identification:_identify(src/px4_msgs) by extension 'colcon_meta'
[0.106s] Level 1:colcon.colcon_core.package_identification:_identify(src/px4_msgs) by extensions ['ros']
[0.106s] Level 1:colcon.colcon_core.package_identification:_identify(src/px4_msgs) by extension 'ros'
[0.107s] DEBUG:colcon.colcon_core.package_identification:Package 'src/px4_msgs' with type 'ros.ament_cmake' and name 'px4_msgs'
[0.107s] Level 1:colcon.colcon_core.package_identification:_identify(src/rohang25) by extensions ['ignore', 'ignore_ament_install']
[0.107s] Level 1:colcon.colcon_core.package_identification:_identify(src/rohang25) by extension 'ignore'
[0.107s] Level 1:colcon.colcon_core.package_identification:_identify(src/rohang25) by extension 'ignore_ament_install'
[0.107s] Level 1:colcon.colcon_core.package_identification:_identify(src/rohang25) by extensions ['colcon_pkg']
[0.107s] Level 1:colcon.colcon_core.package_identification:_identify(src/rohang25) by extension 'colcon_pkg'
[0.107s] Level 1:colcon.colcon_core.package_identification:_identify(src/rohang25) by extensions ['colcon_meta']
[0.107s] Level 1:colcon.colcon_core.package_identification:_identify(src/rohang25) by extension 'colcon_meta'
[0.107s] Level 1:colcon.colcon_core.package_identification:_identify(src/rohang25) by extensions ['ros']
[0.107s] Level 1:colcon.colcon_core.package_identification:_identify(src/rohang25) by extension 'ros'
[0.108s] DEBUG:colcon.colcon_core.package_identification:Package 'src/rohang25' with type 'ros.ament_cmake' and name 'rohang25'
[0.108s] Level 1:colcon.colcon_core.package_identification:_identify(src/rohang25_test) by extensions ['ignore', 'ignore_ament_install']
[0.108s] Level 1:colcon.colcon_core.package_identification:_identify(src/rohang25_test) by extension 'ignore'
[0.108s] Level 1:colcon.colcon_core.package_identification:_identify(src/rohang25_test) by extension 'ignore_ament_install'
[0.108s] Level 1:colcon.colcon_core.package_identification:_identify(src/rohang25_test) by extensions ['colcon_pkg']
[0.108s] Level 1:colcon.colcon_core.package_identification:_identify(src/rohang25_test) by extension 'colcon_pkg'
[0.108s] Level 1:colcon.colcon_core.package_identification:_identify(src/rohang25_test) by extensions ['colcon_meta']
[0.108s] Level 1:colcon.colcon_core.package_identification:_identify(src/rohang25_test) by extension 'colcon_meta'
[0.108s] Level 1:colcon.colcon_core.package_identification:_identify(src/rohang25_test) by extensions ['ros']
[0.108s] Level 1:colcon.colcon_core.package_identification:_identify(src/rohang25_test) by extension 'ros'
[0.109s] DEBUG:colcon.colcon_core.package_identification:Package 'src/rohang25_test' with type 'ros.ament_cmake' and name 'rohang25_test'
[0.109s] Level 1:colcon.colcon_core.package_identification:_identify(src/yolov11) by extensions ['ignore', 'ignore_ament_install']
[0.109s] Level 1:colcon.colcon_core.package_identification:_identify(src/yolov11) by extension 'ignore'
[0.109s] Level 1:colcon.colcon_core.package_identification:_identify(src/yolov11) by extension 'ignore_ament_install'
[0.109s] Level 1:colcon.colcon_core.package_identification:_identify(src/yolov11) by extensions ['colcon_pkg']
[0.109s] Level 1:colcon.colcon_core.package_identification:_identify(src/yolov11) by extension 'colcon_pkg'
[0.109s] Level 1:colcon.colcon_core.package_identification:_identify(src/yolov11) by extensions ['colcon_meta']
[0.109s] Level 1:colcon.colcon_core.package_identification:_identify(src/yolov11) by extension 'colcon_meta'
[0.109s] Level 1:colcon.colcon_core.package_identification:_identify(src/yolov11) by extensions ['ros']
[0.109s] Level 1:colcon.colcon_core.package_identification:_identify(src/yolov11) by extension 'ros'
[0.109s] Level 1:colcon.colcon_core.package_identification:_identify(src/yolov11) by extensions ['cmake', 'python']
[0.109s] Level 1:colcon.colcon_core.package_identification:_identify(src/yolov11) by extension 'cmake'
[0.109s] Level 1:colcon.colcon_core.package_identification:_identify(src/yolov11) by extension 'python'
[0.109s] Level 1:colcon.colcon_core.package_identification:_identify(src/yolov11) by extensions ['python_setup_py']
[0.109s] Level 1:colcon.colcon_core.package_identification:_identify(src/yolov11) by extension 'python_setup_py'
[0.109s] Level 1:colcon.colcon_core.package_identification:_identify(src/yolov11/src) by extensions ['ignore', 'ignore_ament_install']
[0.109s] Level 1:colcon.colcon_core.package_identification:_identify(src/yolov11/src) by extension 'ignore'
[0.109s] Level 1:colcon.colcon_core.package_identification:_identify(src/yolov11/src) by extension 'ignore_ament_install'
[0.109s] Level 1:colcon.colcon_core.package_identification:_identify(src/yolov11/src) by extensions ['colcon_pkg']
[0.109s] Level 1:colcon.colcon_core.package_identification:_identify(src/yolov11/src) by extension 'colcon_pkg'
[0.109s] Level 1:colcon.colcon_core.package_identification:_identify(src/yolov11/src) by extensions ['colcon_meta']
[0.109s] Level 1:colcon.colcon_core.package_identification:_identify(src/yolov11/src) by extension 'colcon_meta'
[0.109s] Level 1:colcon.colcon_core.package_identification:_identify(src/yolov11/src) by extensions ['ros']
[0.109s] Level 1:colcon.colcon_core.package_identification:_identify(src/yolov11/src) by extension 'ros'
[0.110s] Level 1:colcon.colcon_core.package_identification:_identify(src/yolov11/src) by extensions ['cmake', 'python']
[0.110s] Level 1:colcon.colcon_core.package_identification:_identify(src/yolov11/src) by extension 'cmake'
[0.110s] Level 1:colcon.colcon_core.package_identification:_identify(src/yolov11/src) by extension 'python'
[0.110s] Level 1:colcon.colcon_core.package_identification:_identify(src/yolov11/src) by extensions ['python_setup_py']
[0.110s] Level 1:colcon.colcon_core.package_identification:_identify(src/yolov11/src) by extension 'python_setup_py'
[0.110s] Level 1:colcon.colcon_core.package_identification:_identify(src/yolov11/src/yolov11) by extensions ['ignore', 'ignore_ament_install']
[0.110s] Level 1:colcon.colcon_core.package_identification:_identify(src/yolov11/src/yolov11) by extension 'ignore'
[0.110s] Level 1:colcon.colcon_core.package_identification:_identify(src/yolov11/src/yolov11) by extension 'ignore_ament_install'
[0.110s] Level 1:colcon.colcon_core.package_identification:_identify(src/yolov11/src/yolov11) by extensions ['colcon_pkg']
[0.110s] Level 1:colcon.colcon_core.package_identification:_identify(src/yolov11/src/yolov11) by extension 'colcon_pkg'
[0.110s] Level 1:colcon.colcon_core.package_identification:_identify(src/yolov11/src/yolov11) by extensions ['colcon_meta']
[0.110s] Level 1:colcon.colcon_core.package_identification:_identify(src/yolov11/src/yolov11) by extension 'colcon_meta'
[0.110s] Level 1:colcon.colcon_core.package_identification:_identify(src/yolov11/src/yolov11) by extensions ['ros']
[0.110s] Level 1:colcon.colcon_core.package_identification:_identify(src/yolov11/src/yolov11) by extension 'ros'
[0.110s] DEBUG:colcon.colcon_core.package_identification:Package 'src/yolov11/src/yolov11' with type 'ros.ament_python' and name 'yolov11'
[0.110s] Level 1:colcon.colcon_core.package_identification:_identify(src/yolov11/src/yolov11_msgs) by extensions ['ignore', 'ignore_ament_install']
[0.111s] Level 1:colcon.colcon_core.package_identification:_identify(src/yolov11/src/yolov11_msgs) by extension 'ignore'
[0.111s] Level 1:colcon.colcon_core.package_identification:_identify(src/yolov11/src/yolov11_msgs) by extension 'ignore_ament_install'
[0.111s] Level 1:colcon.colcon_core.package_identification:_identify(src/yolov11/src/yolov11_msgs) by extensions ['colcon_pkg']
[0.111s] Level 1:colcon.colcon_core.package_identification:_identify(src/yolov11/src/yolov11_msgs) by extension 'colcon_pkg'
[0.111s] Level 1:colcon.colcon_core.package_identification:_identify(src/yolov11/src/yolov11_msgs) by extensions ['colcon_meta']
[0.111s] Level 1:colcon.colcon_core.package_identification:_identify(src/yolov11/src/yolov11_msgs) by extension 'colcon_meta'
[0.111s] Level 1:colcon.colcon_core.package_identification:_identify(src/yolov11/src/yolov11_msgs) by extensions ['ros']
[0.111s] Level 1:colcon.colcon_core.package_identification:_identify(src/yolov11/src/yolov11_msgs) by extension 'ros'
[0.111s] DEBUG:colcon.colcon_core.package_identification:Package 'src/yolov11/src/yolov11_msgs' with type 'ros.ament_cmake' and name 'yolov11_msgs'
[0.111s] Level 1:colcon.colcon_core.package_discovery:discover_packages(recursive) using defaults
[0.111s] Level 1:colcon.colcon_core.package_discovery:discover_packages(ignore) discover
[0.111s] Level 1:colcon.colcon_core.package_discovery:discover_packages(ignore) using defaults
[0.111s] Level 1:colcon.colcon_core.package_discovery:discover_packages(path) discover
[0.111s] Level 1:colcon.colcon_core.package_discovery:discover_packages(path) using defaults
[0.125s] Level 1:colcon.colcon_core.package_discovery:discover_packages(prefix_path) check parameters
[0.125s] Level 1:colcon.colcon_core.package_discovery:discover_packages(prefix_path) discover
[0.126s] DEBUG:colcon.colcon_installed_package_information.package_discovery:Found 296 installed packages in /opt/ros/humble
[0.127s] Level 1:colcon.colcon_core.package_discovery:discover_packages(prefix_path) using defaults
[0.150s] Level 5:colcon.colcon_core.verb:set package 'gscam' build argument 'cmake_args' from command line to 'None'
[0.150s] Level 5:colcon.colcon_core.verb:set package 'gscam' build argument 'cmake_target' from command line to 'None'
[0.150s] Level 5:colcon.colcon_core.verb:set package 'gscam' build argument 'cmake_target_skip_unavailable' from command line to 'False'
[0.151s] Level 5:colcon.colcon_core.verb:set package 'gscam' build argument 'cmake_clean_cache' from command line to 'False'
[0.151s] Level 5:colcon.colcon_core.verb:set package 'gscam' build argument 'cmake_clean_first' from command line to 'False'
[0.151s] Level 5:colcon.colcon_core.verb:set package 'gscam' build argument 'cmake_force_configure' from command line to 'False'
[0.151s] Level 5:colcon.colcon_core.verb:set package 'gscam' build argument 'ament_cmake_args' from command line to 'None'
[0.151s] Level 5:colcon.colcon_core.verb:set package 'gscam' build argument 'catkin_cmake_args' from command line to 'None'
[0.151s] Level 5:colcon.colcon_core.verb:set package 'gscam' build argument 'catkin_skip_building_tests' from command line to 'False'
[0.151s] DEBUG:colcon.colcon_core.verb:Building package 'gscam' with the following arguments: {'ament_cmake_args': None, 'build_base': '/home/jaehwan/rohang25_R1/build/gscam', 'catkin_cmake_args': None, 'catkin_skip_building_tests': False, 'cmake_args': None, 'cmake_clean_cache': False, 'cmake_clean_first': False, 'cmake_force_configure': False, 'cmake_target': None, 'cmake_target_skip_unavailable': False, 'install_base': '/home/jaehwan/rohang25_R1/install/gscam', 'merge_install': False, 'path': '/home/jaehwan/rohang25_R1/src/gscam', 'symlink_install': False, 'test_result_base': None}
[0.151s] Level 5:colcon.colcon_core.verb:set package 'px4_msgs' build argument 'cmake_args' from command line to 'None'
[0.151s] Level 5:colcon.colcon_core.verb:set package 'px4_msgs' build argument 'cmake_target' from command line to 'None'
[0.151s] Level 5:colcon.colcon_core.verb:set package 'px4_msgs' build argument 'cmake_target_skip_unavailable' from command line to 'False'
[0.151s] Level 5:colcon.colcon_core.verb:set package 'px4_msgs' build argument 'cmake_clean_cache' from command line to 'False'
[0.151s] Level 5:colcon.colcon_core.verb:set package 'px4_msgs' build argument 'cmake_clean_first' from command line to 'False'
[0.151s] Level 5:colcon.colcon_core.verb:set package 'px4_msgs' build argument 'cmake_force_configure' from command line to 'False'
[0.151s] Level 5:colcon.colcon_core.verb:set package 'px4_msgs' build argument 'ament_cmake_args' from command line to 'None'
[0.151s] Level 5:colcon.colcon_core.verb:set package 'px4_msgs' build argument 'catkin_cmake_args' from command line to 'None'
[0.151s] Level 5:colcon.colcon_core.verb:set package 'px4_msgs' build argument 'catkin_skip_building_tests' from command line to 'False'
[0.151s] DEBUG:colcon.colcon_core.verb:Building package 'px4_msgs' with the following arguments: {'ament_cmake_args': None, 'build_base': '/home/jaehwan/rohang25_R1/build/px4_msgs', 'catkin_cmake_args': None, 'catkin_skip_building_tests': False, 'cmake_args': None, 'cmake_clean_cache': False, 'cmake_clean_first': False, 'cmake_force_configure': False, 'cmake_target': None, 'cmake_target_skip_unavailable': False, 'install_base': '/home/jaehwan/rohang25_R1/install/px4_msgs', 'merge_install': False, 'path': '/home/jaehwan/rohang25_R1/src/px4_msgs', 'symlink_install': False, 'test_result_base': None}
[0.151s] Level 5:colcon.colcon_core.verb:set package 'yolov11_msgs' build argument 'cmake_args' from command line to 'None'
[0.151s] Level 5:colcon.colcon_core.verb:set package 'yolov11_msgs' build argument 'cmake_target' from command line to 'None'
[0.151s] Level 5:colcon.colcon_core.verb:set package 'yolov11_msgs' build argument 'cmake_target_skip_unavailable' from command line to 'False'
[0.151s] Level 5:colcon.colcon_core.verb:set package 'yolov11_msgs' build argument 'cmake_clean_cache' from command line to 'False'
[0.151s] Level 5:colcon.colcon_core.verb:set package 'yolov11_msgs' build argument 'cmake_clean_first' from command line to 'False'
[0.151s] Level 5:colcon.colcon_core.verb:set package 'yolov11_msgs' build argument 'cmake_force_configure' from command line to 'False'
[0.151s] Level 5:colcon.colcon_core.verb:set package 'yolov11_msgs' build argument 'ament_cmake_args' from command line to 'None'
[0.151s] Level 5:colcon.colcon_core.verb:set package 'yolov11_msgs' build argument 'catkin_cmake_args' from command line to 'None'
[0.151s] Level 5:colcon.colcon_core.verb:set package 'yolov11_msgs' build argument 'catkin_skip_building_tests' from command line to 'False'
[0.151s] DEBUG:colcon.colcon_core.verb:Building package 'yolov11_msgs' with the following arguments: {'ament_cmake_args': None, 'build_base': '/home/jaehwan/rohang25_R1/build/yolov11_msgs', 'catkin_cmake_args': None, 'catkin_skip_building_tests': False, 'cmake_args': None, 'cmake_clean_cache': False, 'cmake_clean_first': False, 'cmake_force_configure': False, 'cmake_target': None, 'cmake_target_skip_unavailable': False, 'install_base': '/home/jaehwan/rohang25_R1/install/yolov11_msgs', 'merge_install': False, 'path': '/home/jaehwan/rohang25_R1/src/yolov11/src/yolov11_msgs', 'symlink_install': False, 'test_result_base': None}
[0.151s] Level 5:colcon.colcon_core.verb:set package 'geolocation_kf_25' build argument 'cmake_args' from command line to 'None'
[0.151s] Level 5:colcon.colcon_core.verb:set package 'geolocation_kf_25' build argument 'cmake_target' from command line to 'None'
[0.152s] Level 5:colcon.colcon_core.verb:set package 'geolocation_kf_25' build argument 'cmake_target_skip_unavailable' from command line to 'False'
[0.152s] Level 5:colcon.colcon_core.verb:set package 'geolocation_kf_25' build argument 'cmake_clean_cache' from command line to 'False'
[0.152s] Level 5:colcon.colcon_core.verb:set package 'geolocation_kf_25' build argument 'cmake_clean_first' from command line to 'False'
[0.152s] Level 5:colcon.colcon_core.verb:set package 'geolocation_kf_25' build argument 'cmake_force_configure' from command line to 'False'
[0.152s] Level 5:colcon.colcon_core.verb:set package 'geolocation_kf_25' build argument 'ament_cmake_args' from command line to 'None'
[0.152s] Level 5:colcon.colcon_core.verb:set package 'geolocation_kf_25' build argument 'catkin_cmake_args' from command line to 'None'
[0.152s] Level 5:colcon.colcon_core.verb:set package 'geolocation_kf_25' build argument 'catkin_skip_building_tests' from command line to 'False'
[0.152s] DEBUG:colcon.colcon_core.verb:Building package 'geolocation_kf_25' with the following arguments: {'ament_cmake_args': None, 'build_base': '/home/jaehwan/rohang25_R1/build/geolocation_kf_25', 'catkin_cmake_args': None, 'catkin_skip_building_tests': False, 'cmake_args': None, 'cmake_clean_cache': False, 'cmake_clean_first': False, 'cmake_force_configure': False, 'cmake_target': None, 'cmake_target_skip_unavailable': False, 'install_base': '/home/jaehwan/rohang25_R1/install/geolocation_kf_25', 'merge_install': False, 'path': '/home/jaehwan/rohang25_R1/src/geolocation_kf_25', 'symlink_install': False, 'test_result_base': None}
[0.152s] Level 5:colcon.colcon_core.verb:set package 'gimbal_control_25' build argument 'cmake_args' from command line to 'None'
[0.152s] Level 5:colcon.colcon_core.verb:set package 'gimbal_control_25' build argument 'cmake_target' from command line to 'None'
[0.152s] Level 5:colcon.colcon_core.verb:set package 'gimbal_control_25' build argument 'cmake_target_skip_unavailable' from command line to 'False'
[0.152s] Level 5:colcon.colcon_core.verb:set package 'gimbal_control_25' build argument 'cmake_clean_cache' from command line to 'False'
[0.152s] Level 5:colcon.colcon_core.verb:set package 'gimbal_control_25' build argument 'cmake_clean_first' from command line to 'False'
[0.152s] Level 5:colcon.colcon_core.verb:set package 'gimbal_control_25' build argument 'cmake_force_configure' from command line to 'False'
[0.152s] Level 5:colcon.colcon_core.verb:set package 'gimbal_control_25' build argument 'ament_cmake_args' from command line to 'None'
[0.152s] Level 5:colcon.colcon_core.verb:set package 'gimbal_control_25' build argument 'catkin_cmake_args' from command line to 'None'
[0.152s] Level 5:colcon.colcon_core.verb:set package 'gimbal_control_25' build argument 'catkin_skip_building_tests' from command line to 'False'
[0.152s] DEBUG:colcon.colcon_core.verb:Building package 'gimbal_control_25' with the following arguments: {'ament_cmake_args': None, 'build_base': '/home/jaehwan/rohang25_R1/build/gimbal_control_25', 'catkin_cmake_args': None, 'catkin_skip_building_tests': False, 'cmake_args': None, 'cmake_clean_cache': False, 'cmake_clean_first': False, 'cmake_force_configure': False, 'cmake_target': None, 'cmake_target_skip_unavailable': False, 'install_base': '/home/jaehwan/rohang25_R1/install/gimbal_control_25', 'merge_install': False, 'path': '/home/jaehwan/rohang25_R1/src/gimbal_control_25', 'symlink_install': False, 'test_result_base': None}
[0.152s] Level 5:colcon.colcon_core.verb:set package 'rohang25' build argument 'cmake_args' from command line to 'None'
[0.152s] Level 5:colcon.colcon_core.verb:set package 'rohang25' build argument 'cmake_target' from command line to 'None'
[0.152s] Level 5:colcon.colcon_core.verb:set package 'rohang25' build argument 'cmake_target_skip_unavailable' from command line to 'False'
[0.152s] Level 5:colcon.colcon_core.verb:set package 'rohang25' build argument 'cmake_clean_cache' from command line to 'False'
[0.152s] Level 5:colcon.colcon_core.verb:set package 'rohang25' build argument 'cmake_clean_first' from command line to 'False'
[0.152s] Level 5:colcon.colcon_core.verb:set package 'rohang25' build argument 'cmake_force_configure' from command line to 'False'
[0.152s] Level 5:colcon.colcon_core.verb:set package 'rohang25' build argument 'ament_cmake_args' from command line to 'None'
[0.152s] Level 5:colcon.colcon_core.verb:set package 'rohang25' build argument 'catkin_cmake_args' from command line to 'None'
[0.152s] Level 5:colcon.colcon_core.verb:set package 'rohang25' build argument 'catkin_skip_building_tests' from command line to 'False'
[0.152s] DEBUG:colcon.colcon_core.verb:Building package 'rohang25' with the following arguments: {'ament_cmake_args': None, 'build_base': '/home/jaehwan/rohang25_R1/build/rohang25', 'catkin_cmake_args': None, 'catkin_skip_building_tests': False, 'cmake_args': None, 'cmake_clean_cache': False, 'cmake_clean_first': False, 'cmake_force_configure': False, 'cmake_target': None, 'cmake_target_skip_unavailable': False, 'install_base': '/home/jaehwan/rohang25_R1/install/rohang25', 'merge_install': False, 'path': '/home/jaehwan/rohang25_R1/src/rohang25', 'symlink_install': False, 'test_result_base': None}
[0.152s] Level 5:colcon.colcon_core.verb:set package 'rohang25_test' build argument 'cmake_args' from command line to 'None'
[0.152s] Level 5:colcon.colcon_core.verb:set package 'rohang25_test' build argument 'cmake_target' from command line to 'None'
[0.152s] Level 5:colcon.colcon_core.verb:set package 'rohang25_test' build argument 'cmake_target_skip_unavailable' from command line to 'False'
[0.152s] Level 5:colcon.colcon_core.verb:set package 'rohang25_test' build argument 'cmake_clean_cache' from command line to 'False'
[0.153s] Level 5:colcon.colcon_core.verb:set package 'rohang25_test' build argument 'cmake_clean_first' from command line to 'False'
[0.153s] Level 5:colcon.colcon_core.verb:set package 'rohang25_test' build argument 'cmake_force_configure' from command line to 'False'
[0.153s] Level 5:colcon.colcon_core.verb:set package 'rohang25_test' build argument 'ament_cmake_args' from command line to 'None'
[0.153s] Level 5:colcon.colcon_core.verb:set package 'rohang25_test' build argument 'catkin_cmake_args' from command line to 'None'
[0.153s] Level 5:colcon.colcon_core.verb:set package 'rohang25_test' build argument 'catkin_skip_building_tests' from command line to 'False'
[0.153s] DEBUG:colcon.colcon_core.verb:Building package 'rohang25_test' with the following arguments: {'ament_cmake_args': None, 'build_base': '/home/jaehwan/rohang25_R1/build/rohang25_test', 'catkin_cmake_args': None, 'catkin_skip_building_tests': False, 'cmake_args': None, 'cmake_clean_cache': False, 'cmake_clean_first': False, 'cmake_force_configure': False, 'cmake_target': None, 'cmake_target_skip_unavailable': False, 'install_base': '/home/jaehwan/rohang25_R1/install/rohang25_test', 'merge_install': False, 'path': '/home/jaehwan/rohang25_R1/src/rohang25_test', 'symlink_install': False, 'test_result_base': None}
[0.153s] Level 5:colcon.colcon_core.verb:set package 'yolov11' build argument 'cmake_args' from command line to 'None'
[0.153s] Level 5:colcon.colcon_core.verb:set package 'yolov11' build argument 'cmake_target' from command line to 'None'
[0.153s] Level 5:colcon.colcon_core.verb:set package 'yolov11' build argument 'cmake_target_skip_unavailable' from command line to 'False'
[0.153s] Level 5:colcon.colcon_core.verb:set package 'yolov11' build argument 'cmake_clean_cache' from command line to 'False'
[0.153s] Level 5:colcon.colcon_core.verb:set package 'yolov11' build argument 'cmake_clean_first' from command line to 'False'
[0.153s] Level 5:colcon.colcon_core.verb:set package 'yolov11' build argument 'cmake_force_configure' from command line to 'False'
[0.153s] Level 5:colcon.colcon_core.verb:set package 'yolov11' build argument 'ament_cmake_args' from command line to 'None'
[0.153s] Level 5:colcon.colcon_core.verb:set package 'yolov11' build argument 'catkin_cmake_args' from command line to 'None'
[0.153s] Level 5:colcon.colcon_core.verb:set package 'yolov11' build argument 'catkin_skip_building_tests' from command line to 'False'
[0.153s] DEBUG:colcon.colcon_core.verb:Building package 'yolov11' with the following arguments: {'ament_cmake_args': None, 'build_base': '/home/jaehwan/rohang25_R1/build/yolov11', 'catkin_cmake_args': None, 'catkin_skip_building_tests': False, 'cmake_args': None, 'cmake_clean_cache': False, 'cmake_clean_first': False, 'cmake_force_configure': False, 'cmake_target': None, 'cmake_target_skip_unavailable': False, 'install_base': '/home/jaehwan/rohang25_R1/install/yolov11', 'merge_install': False, 'path': '/home/jaehwan/rohang25_R1/src/yolov11/src/yolov11', 'symlink_install': False, 'test_result_base': None}
[0.153s] INFO:colcon.colcon_core.executor:Executing jobs using 'parallel' executor
[0.154s] DEBUG:colcon.colcon_parallel_executor.executor.parallel:run_until_complete
[0.154s] INFO:colcon.colcon_ros.task.ament_cmake.build:Building ROS package in '/home/jaehwan/rohang25_R1/src/px4_msgs' with build type 'ament_cmake'
[0.154s] INFO:colcon.colcon_cmake.task.cmake.build:Building CMake package in '/home/jaehwan/rohang25_R1/src/px4_msgs'
[0.155s] INFO:colcon.colcon_core.plugin_system:Skipping extension 'colcon_core.shell.bat': Not used on non-Windows systems
[0.155s] INFO:colcon.colcon_core.shell:Skip shell extension 'powershell' for command environment: Not usable outside of PowerShell
[0.155s] DEBUG:colcon.colcon_core.shell:Skip shell extension 'dsv' for command environment
[0.157s] INFO:colcon.colcon_ros.task.ament_cmake.build:Building ROS package in '/home/jaehwan/rohang25_R1/src/yolov11/src/yolov11_msgs' with build type 'ament_cmake'
[0.157s] INFO:colcon.colcon_cmake.task.cmake.build:Building CMake package in '/home/jaehwan/rohang25_R1/src/yolov11/src/yolov11_msgs'
[0.157s] INFO:colcon.colcon_core.shell:Skip shell extension 'powershell' for command environment: Not usable outside of PowerShell
[0.157s] DEBUG:colcon.colcon_core.shell:Skip shell extension 'dsv' for command environment
[0.159s] INFO:colcon.colcon_ros.task.ament_cmake.build:Building ROS package in '/home/jaehwan/rohang25_R1/src/gscam' with build type 'ament_cmake'
[0.159s] INFO:colcon.colcon_cmake.task.cmake.build:Building CMake package in '/home/jaehwan/rohang25_R1/src/gscam'
[0.159s] INFO:colcon.colcon_core.shell:Skip shell extension 'powershell' for command environment: Not usable outside of PowerShell
[0.159s] DEBUG:colcon.colcon_core.shell:Skip shell extension 'dsv' for command environment
[0.164s] DEBUG:colcon.colcon_core.event_handler.log_command:Invoking command in '/home/jaehwan/rohang25_R1/build/px4_msgs': CMAKE_PREFIX_PATH=/opt/ros/humble /usr/bin/cmake --build /home/jaehwan/rohang25_R1/build/px4_msgs -- -j12 -l12
[0.166s] DEBUG:colcon.colcon_core.event_handler.log_command:Invoking command in '/home/jaehwan/rohang25_R1/build/yolov11_msgs': CMAKE_PREFIX_PATH=/opt/ros/humble /usr/bin/cmake --build /home/jaehwan/rohang25_R1/build/yolov11_msgs -- -j12 -l12
[0.168s] DEBUG:colcon.colcon_core.event_handler.log_command:Invoking command in '/home/jaehwan/rohang25_R1/build/gscam': CMAKE_PREFIX_PATH=/opt/ros/humble /usr/bin/cmake --build /home/jaehwan/rohang25_R1/build/gscam -- -j12 -l12
[0.219s] DEBUG:colcon.colcon_core.event_handler.log_command:Invoked command in '/home/jaehwan/rohang25_R1/build/gscam' returned '0': CMAKE_PREFIX_PATH=/opt/ros/humble /usr/bin/cmake --build /home/jaehwan/rohang25_R1/build/gscam -- -j12 -l12
[0.228s] DEBUG:colcon.colcon_core.event_handler.log_command:Invoking command in '/home/jaehwan/rohang25_R1/build/gscam': CMAKE_PREFIX_PATH=/opt/ros/humble /usr/bin/cmake --install /home/jaehwan/rohang25_R1/build/gscam
[0.235s] Level 1:colcon.colcon_core.environment:create_environment_scripts_only(gscam)
[0.235s] DEBUG:colcon.colcon_core.event_handler.log_command:Invoked command in '/home/jaehwan/rohang25_R1/build/gscam' returned '0': CMAKE_PREFIX_PATH=/opt/ros/humble /usr/bin/cmake --install /home/jaehwan/rohang25_R1/build/gscam
[0.237s] Level 1:colcon.colcon_core.environment:checking '/home/jaehwan/rohang25_R1/install/gscam' for CMake module files
[0.237s] Level 1:colcon.colcon_core.environment:checking '/home/jaehwan/rohang25_R1/install/gscam' for CMake config files
[0.237s] Level 1:colcon.colcon_core.shell:create_environment_hook('gscam', 'cmake_prefix_path')
[0.237s] INFO:colcon.colcon_core.shell:Creating environment hook '/home/jaehwan/rohang25_R1/install/gscam/share/gscam/hook/cmake_prefix_path.ps1'
[0.238s] INFO:colcon.colcon_core.shell:Creating environment descriptor '/home/jaehwan/rohang25_R1/install/gscam/share/gscam/hook/cmake_prefix_path.dsv'
[0.238s] INFO:colcon.colcon_core.shell:Creating environment hook '/home/jaehwan/rohang25_R1/install/gscam/share/gscam/hook/cmake_prefix_path.sh'
[0.239s] Level 1:colcon.colcon_core.environment:checking '/home/jaehwan/rohang25_R1/install/gscam/lib'
[0.239s] Level 1:colcon.colcon_core.shell:create_environment_hook('gscam', 'ld_library_path_lib')
[0.239s] INFO:colcon.colcon_core.shell:Creating environment hook '/home/jaehwan/rohang25_R1/install/gscam/share/gscam/hook/ld_library_path_lib.ps1'
[0.239s] INFO:colcon.colcon_core.shell:Creating environment descriptor '/home/jaehwan/rohang25_R1/install/gscam/share/gscam/hook/ld_library_path_lib.dsv'
[0.239s] INFO:colcon.colcon_core.shell:Creating environment hook '/home/jaehwan/rohang25_R1/install/gscam/share/gscam/hook/ld_library_path_lib.sh'
[0.240s] Level 1:colcon.colcon_core.environment:checking '/home/jaehwan/rohang25_R1/install/gscam/bin'
[0.240s] Level 1:colcon.colcon_core.environment:checking '/home/jaehwan/rohang25_R1/install/gscam/lib/pkgconfig/gscam.pc'
[0.240s] Level 1:colcon.colcon_core.environment:checking '/home/jaehwan/rohang25_R1/install/gscam/lib/python3.10/site-packages'
[0.240s] Level 1:colcon.colcon_core.environment:checking '/home/jaehwan/rohang25_R1/install/gscam/bin'
[0.240s] INFO:colcon.colcon_core.shell:Creating package script '/home/jaehwan/rohang25_R1/install/gscam/share/gscam/package.ps1'
[0.241s] INFO:colcon.colcon_core.shell:Creating package descriptor '/home/jaehwan/rohang25_R1/install/gscam/share/gscam/package.dsv'
[0.241s] INFO:colcon.colcon_core.shell:Creating package script '/home/jaehwan/rohang25_R1/install/gscam/share/gscam/package.sh'
[0.242s] INFO:colcon.colcon_core.shell:Creating package script '/home/jaehwan/rohang25_R1/install/gscam/share/gscam/package.bash'
[0.242s] INFO:colcon.colcon_core.shell:Creating package script '/home/jaehwan/rohang25_R1/install/gscam/share/gscam/package.zsh'
[0.243s] Level 1:colcon.colcon_core.environment:create_file_with_runtime_dependencies(/home/jaehwan/rohang25_R1/install/gscam/share/colcon-core/packages/gscam)
[0.243s] Level 1:colcon.colcon_core.environment:create_environment_scripts_only(gscam)
[0.243s] Level 1:colcon.colcon_core.environment:checking '/home/jaehwan/rohang25_R1/install/gscam' for CMake module files
[0.244s] Level 1:colcon.colcon_core.environment:checking '/home/jaehwan/rohang25_R1/install/gscam' for CMake config files
[0.244s] Level 1:colcon.colcon_core.shell:create_environment_hook('gscam', 'cmake_prefix_path')
[0.244s] INFO:colcon.colcon_core.shell:Creating environment hook '/home/jaehwan/rohang25_R1/install/gscam/share/gscam/hook/cmake_prefix_path.ps1'
[0.244s] INFO:colcon.colcon_core.shell:Creating environment descriptor '/home/jaehwan/rohang25_R1/install/gscam/share/gscam/hook/cmake_prefix_path.dsv'
[0.244s] INFO:colcon.colcon_core.shell:Creating environment hook '/home/jaehwan/rohang25_R1/install/gscam/share/gscam/hook/cmake_prefix_path.sh'
[0.245s] Level 1:colcon.colcon_core.environment:checking '/home/jaehwan/rohang25_R1/install/gscam/lib'
[0.245s] Level 1:colcon.colcon_core.shell:create_environment_hook('gscam', 'ld_library_path_lib')
[0.245s] INFO:colcon.colcon_core.shell:Creating environment hook '/home/jaehwan/rohang25_R1/install/gscam/share/gscam/hook/ld_library_path_lib.ps1'
[0.245s] INFO:colcon.colcon_core.shell:Creating environment descriptor '/home/jaehwan/rohang25_R1/install/gscam/share/gscam/hook/ld_library_path_lib.dsv'
[0.245s] INFO:colcon.colcon_core.shell:Creating environment hook '/home/jaehwan/rohang25_R1/install/gscam/share/gscam/hook/ld_library_path_lib.sh'
[0.246s] Level 1:colcon.colcon_core.environment:checking '/home/jaehwan/rohang25_R1/install/gscam/bin'
[0.246s] Level 1:colcon.colcon_core.environment:checking '/home/jaehwan/rohang25_R1/install/gscam/lib/pkgconfig/gscam.pc'
[0.246s] Level 1:colcon.colcon_core.environment:checking '/home/jaehwan/rohang25_R1/install/gscam/lib/python3.10/site-packages'
[0.246s] Level 1:colcon.colcon_core.environment:checking '/home/jaehwan/rohang25_R1/install/gscam/bin'
[0.246s] INFO:colcon.colcon_core.shell:Creating package script '/home/jaehwan/rohang25_R1/install/gscam/share/gscam/package.ps1'
[0.246s] INFO:colcon.colcon_core.shell:Creating package descriptor '/home/jaehwan/rohang25_R1/install/gscam/share/gscam/package.dsv'
[0.247s] INFO:colcon.colcon_core.shell:Creating package script '/home/jaehwan/rohang25_R1/install/gscam/share/gscam/package.sh'
[0.247s] INFO:colcon.colcon_core.shell:Creating package script '/home/jaehwan/rohang25_R1/install/gscam/share/gscam/package.bash'
[0.247s] INFO:colcon.colcon_core.shell:Creating package script '/home/jaehwan/rohang25_R1/install/gscam/share/gscam/package.zsh'
[0.248s] Level 1:colcon.colcon_core.environment:create_file_with_runtime_dependencies(/home/jaehwan/rohang25_R1/install/gscam/share/colcon-core/packages/gscam)
[0.428s] DEBUG:colcon.colcon_core.event_handler.log_command:Invoked command in '/home/jaehwan/rohang25_R1/build/yolov11_msgs' returned '0': CMAKE_PREFIX_PATH=/opt/ros/humble /usr/bin/cmake --build /home/jaehwan/rohang25_R1/build/yolov11_msgs -- -j12 -l12
[0.429s] DEBUG:colcon.colcon_core.event_handler.log_command:Invoking command in '/home/jaehwan/rohang25_R1/build/yolov11_msgs': CMAKE_PREFIX_PATH=/opt/ros/humble /usr/bin/cmake --install /home/jaehwan/rohang25_R1/build/yolov11_msgs
[0.464s] Level 1:colcon.colcon_core.environment:create_environment_scripts_only(yolov11_msgs)
[0.464s] Level 1:colcon.colcon_core.environment:checking '/home/jaehwan/rohang25_R1/install/yolov11_msgs' for CMake module files
[0.464s] DEBUG:colcon.colcon_core.event_handler.log_command:Invoked command in '/home/jaehwan/rohang25_R1/build/yolov11_msgs' returned '0': CMAKE_PREFIX_PATH=/opt/ros/humble /usr/bin/cmake --install /home/jaehwan/rohang25_R1/build/yolov11_msgs
[0.465s] Level 1:colcon.colcon_core.environment:checking '/home/jaehwan/rohang25_R1/install/yolov11_msgs' for CMake config files
[0.465s] Level 1:colcon.colcon_core.shell:create_environment_hook('yolov11_msgs', 'cmake_prefix_path')
[0.465s] INFO:colcon.colcon_core.shell:Creating environment hook '/home/jaehwan/rohang25_R1/install/yolov11_msgs/share/yolov11_msgs/hook/cmake_prefix_path.ps1'
[0.465s] INFO:colcon.colcon_core.shell:Creating environment descriptor '/home/jaehwan/rohang25_R1/install/yolov11_msgs/share/yolov11_msgs/hook/cmake_prefix_path.dsv'
[0.466s] INFO:colcon.colcon_core.shell:Creating environment hook '/home/jaehwan/rohang25_R1/install/yolov11_msgs/share/yolov11_msgs/hook/cmake_prefix_path.sh'
[0.466s] Level 1:colcon.colcon_core.environment:checking '/home/jaehwan/rohang25_R1/install/yolov11_msgs/lib'
[0.466s] Level 1:colcon.colcon_core.shell:create_environment_hook('yolov11_msgs', 'ld_library_path_lib')
[0.466s] INFO:colcon.colcon_core.shell:Creating environment hook '/home/jaehwan/rohang25_R1/install/yolov11_msgs/share/yolov11_msgs/hook/ld_library_path_lib.ps1'
[0.466s] INFO:colcon.colcon_core.shell:Creating environment descriptor '/home/jaehwan/rohang25_R1/install/yolov11_msgs/share/yolov11_msgs/hook/ld_library_path_lib.dsv'
[0.467s] INFO:colcon.colcon_core.shell:Creating environment hook '/home/jaehwan/rohang25_R1/install/yolov11_msgs/share/yolov11_msgs/hook/ld_library_path_lib.sh'
[0.467s] Level 1:colcon.colcon_core.environment:checking '/home/jaehwan/rohang25_R1/install/yolov11_msgs/bin'
[0.467s] Level 1:colcon.colcon_core.environment:checking '/home/jaehwan/rohang25_R1/install/yolov11_msgs/lib/pkgconfig/yolov11_msgs.pc'
[0.467s] Level 1:colcon.colcon_core.environment:checking '/home/jaehwan/rohang25_R1/install/yolov11_msgs/lib/python3.10/site-packages'
[0.467s] Level 1:colcon.colcon_core.environment:checking '/home/jaehwan/rohang25_R1/install/yolov11_msgs/bin'
[0.467s] INFO:colcon.colcon_core.shell:Creating package script '/home/jaehwan/rohang25_R1/install/yolov11_msgs/share/yolov11_msgs/package.ps1'
[0.468s] INFO:colcon.colcon_core.shell:Creating package descriptor '/home/jaehwan/rohang25_R1/install/yolov11_msgs/share/yolov11_msgs/package.dsv'
[0.468s] INFO:colcon.colcon_core.shell:Creating package script '/home/jaehwan/rohang25_R1/install/yolov11_msgs/share/yolov11_msgs/package.sh'
[0.468s] INFO:colcon.colcon_core.shell:Creating package script '/home/jaehwan/rohang25_R1/install/yolov11_msgs/share/yolov11_msgs/package.bash'
[0.468s] INFO:colcon.colcon_core.shell:Creating package script '/home/jaehwan/rohang25_R1/install/yolov11_msgs/share/yolov11_msgs/package.zsh'
[0.469s] Level 1:colcon.colcon_core.environment:create_file_with_runtime_dependencies(/home/jaehwan/rohang25_R1/install/yolov11_msgs/share/colcon-core/packages/yolov11_msgs)
[0.469s] Level 1:colcon.colcon_core.environment:create_environment_scripts_only(yolov11_msgs)
[0.469s] Level 1:colcon.colcon_core.environment:checking '/home/jaehwan/rohang25_R1/install/yolov11_msgs' for CMake module files
[0.469s] Level 1:colcon.colcon_core.environment:checking '/home/jaehwan/rohang25_R1/install/yolov11_msgs' for CMake config files
[0.469s] Level 1:colcon.colcon_core.shell:create_environment_hook('yolov11_msgs', 'cmake_prefix_path')
[0.470s] INFO:colcon.colcon_core.shell:Creating environment hook '/home/jaehwan/rohang25_R1/install/yolov11_msgs/share/yolov11_msgs/hook/cmake_prefix_path.ps1'
[0.470s] INFO:colcon.colcon_core.shell:Creating environment descriptor '/home/jaehwan/rohang25_R1/install/yolov11_msgs/share/yolov11_msgs/hook/cmake_prefix_path.dsv'
[0.470s] INFO:colcon.colcon_core.shell:Creating environment hook '/home/jaehwan/rohang25_R1/install/yolov11_msgs/share/yolov11_msgs/hook/cmake_prefix_path.sh'
[0.470s] Level 1:colcon.colcon_core.environment:checking '/home/jaehwan/rohang25_R1/install/yolov11_msgs/lib'
[0.470s] Level 1:colcon.colcon_core.shell:create_environment_hook('yolov11_msgs', 'ld_library_path_lib')
[0.470s] INFO:colcon.colcon_core.shell:Creating environment hook '/home/jaehwan/rohang25_R1/install/yolov11_msgs/share/yolov11_msgs/hook/ld_library_path_lib.ps1'
[0.471s] INFO:colcon.colcon_core.shell:Creating environment descriptor '/home/jaehwan/rohang25_R1/install/yolov11_msgs/share/yolov11_msgs/hook/ld_library_path_lib.dsv'
[0.471s] INFO:colcon.colcon_core.shell:Creating environment hook '/home/jaehwan/rohang25_R1/install/yolov11_msgs/share/yolov11_msgs/hook/ld_library_path_lib.sh'
[0.471s] Level 1:colcon.colcon_core.environment:checking '/home/jaehwan/rohang25_R1/install/yolov11_msgs/bin'
[0.471s] Level 1:colcon.colcon_core.environment:checking '/home/jaehwan/rohang25_R1/install/yolov11_msgs/lib/pkgconfig/yolov11_msgs.pc'
[0.471s] Level 1:colcon.colcon_core.environment:checking '/home/jaehwan/rohang25_R1/install/yolov11_msgs/lib/python3.10/site-packages'
[0.471s] Level 1:colcon.colcon_core.environment:checking '/home/jaehwan/rohang25_R1/install/yolov11_msgs/bin'
[0.472s] INFO:colcon.colcon_core.shell:Creating package script '/home/jaehwan/rohang25_R1/install/yolov11_msgs/share/yolov11_msgs/package.ps1'
[0.472s] INFO:colcon.colcon_core.shell:Creating package descriptor '/home/jaehwan/rohang25_R1/install/yolov11_msgs/share/yolov11_msgs/package.dsv'
[0.472s] INFO:colcon.colcon_core.shell:Creating package script '/home/jaehwan/rohang25_R1/install/yolov11_msgs/share/yolov11_msgs/package.sh'
[0.472s] INFO:colcon.colcon_core.shell:Creating package script '/home/jaehwan/rohang25_R1/install/yolov11_msgs/share/yolov11_msgs/package.bash'
[0.473s] INFO:colcon.colcon_core.shell:Creating package script '/home/jaehwan/rohang25_R1/install/yolov11_msgs/share/yolov11_msgs/package.zsh'
[0.473s] Level 1:colcon.colcon_core.environment:create_file_with_runtime_dependencies(/home/jaehwan/rohang25_R1/install/yolov11_msgs/share/colcon-core/packages/yolov11_msgs)
[0.473s] INFO:colcon.colcon_ros.task.ament_python.build:Building ROS package in '/home/jaehwan/rohang25_R1/src/yolov11/src/yolov11' with build type 'ament_python'
[0.473s] Level 1:colcon.colcon_core.shell:create_environment_hook('yolov11', 'ament_prefix_path')
[0.473s] INFO:colcon.colcon_core.shell:Creating environment hook '/home/jaehwan/rohang25_R1/install/yolov11/share/yolov11/hook/ament_prefix_path.ps1'
[0.474s] INFO:colcon.colcon_core.shell:Creating environment descriptor '/home/jaehwan/rohang25_R1/install/yolov11/share/yolov11/hook/ament_prefix_path.dsv'
[0.474s] INFO:colcon.colcon_core.shell:Creating environment hook '/home/jaehwan/rohang25_R1/install/yolov11/share/yolov11/hook/ament_prefix_path.sh'
[0.474s] INFO:colcon.colcon_core.shell:Skip shell extension 'powershell' for command environment: Not usable outside of PowerShell
[0.474s] DEBUG:colcon.colcon_core.shell:Skip shell extension 'dsv' for command environment
[0.616s] INFO:colcon.colcon_core.task.python.build:Building Python package in '/home/jaehwan/rohang25_R1/src/yolov11/src/yolov11'
[0.616s] INFO:colcon.colcon_core.shell:Skip shell extension 'powershell' for command environment: Not usable outside of PowerShell
[0.616s] DEBUG:colcon.colcon_core.shell:Skip shell extension 'dsv' for command environment
[0.962s] DEBUG:colcon.colcon_core.event_handler.log_command:Invoking command in '/home/jaehwan/rohang25_R1/src/yolov11/src/yolov11': AMENT_PREFIX_PATH=/home/jaehwan/rohang25_R1/install/yolov11_msgs:${AMENT_PREFIX_PATH} CMAKE_PREFIX_PATH=/home/jaehwan/rohang25_R1/install/yolov11_msgs LD_LIBRARY_PATH=/home/jaehwan/rohang25_R1/install/yolov11_msgs/lib:/home/jaehwan/ws_offboard_control/build/rohang25:/usr/lib/x86_64-linux-gnu/gazebo-11/plugins:/opt/ros/humble/opt/rviz_ogre_vendor/lib:/opt/ros/humble/lib/x86_64-linux-gnu:/opt/ros/humble/lib:/usr/share/gazebo/../../lib/x86_64-linux-gnu/gazebo-11/plugins PYTHONPATH=/home/jaehwan/rohang25_R1/build/yolov11/prefix_override:/usr/lib/python3/dist-packages/colcon_core/task/python/colcon_distutils_commands:/home/jaehwan/rohang25_R1/install/yolov11/lib/python3.10/site-packages:/home/jaehwan/rohang25_R1/install/yolov11_msgs/local/lib/python3.10/dist-packages:${PYTHONPATH} /usr/bin/python3 -W ignore:setup.py install is deprecated -W ignore:easy_install command is deprecated setup.py egg_info --egg-base ../../../../build/yolov11 build --build-base /home/jaehwan/rohang25_R1/build/yolov11/build install --record /home/jaehwan/rohang25_R1/build/yolov11/install.log --single-version-externally-managed install_data
[1.049s] DEBUG:colcon.colcon_core.event_handler.log_command:Invoked command in '/home/jaehwan/rohang25_R1/build/px4_msgs' returned '0': CMAKE_PREFIX_PATH=/opt/ros/humble /usr/bin/cmake --build /home/jaehwan/rohang25_R1/build/px4_msgs -- -j12 -l12
[1.050s] DEBUG:colcon.colcon_core.event_handler.log_command:Invoking command in '/home/jaehwan/rohang25_R1/build/px4_msgs': CMAKE_PREFIX_PATH=/opt/ros/humble /usr/bin/cmake --install /home/jaehwan/rohang25_R1/build/px4_msgs
[1.237s] Level 1:colcon.colcon_core.environment:create_environment_scripts_only(px4_msgs)
[1.238s] Level 1:colcon.colcon_core.environment:checking '/home/jaehwan/rohang25_R1/install/px4_msgs' for CMake module files
[1.238s] DEBUG:colcon.colcon_core.event_handler.log_command:Invoked command in '/home/jaehwan/rohang25_R1/build/px4_msgs' returned '0': CMAKE_PREFIX_PATH=/opt/ros/humble /usr/bin/cmake --install /home/jaehwan/rohang25_R1/build/px4_msgs
[1.238s] Level 1:colcon.colcon_core.environment:checking '/home/jaehwan/rohang25_R1/install/px4_msgs' for CMake config files
[1.238s] Level 1:colcon.colcon_core.shell:create_environment_hook('px4_msgs', 'cmake_prefix_path')
[1.239s] INFO:colcon.colcon_core.shell:Creating environment hook '/home/jaehwan/rohang25_R1/install/px4_msgs/share/px4_msgs/hook/cmake_prefix_path.ps1'
[1.239s] INFO:colcon.colcon_core.shell:Creating environment descriptor '/home/jaehwan/rohang25_R1/install/px4_msgs/share/px4_msgs/hook/cmake_prefix_path.dsv'
[1.239s] INFO:colcon.colcon_core.shell:Creating environment hook '/home/jaehwan/rohang25_R1/install/px4_msgs/share/px4_msgs/hook/cmake_prefix_path.sh'
[1.239s] Level 1:colcon.colcon_core.environment:checking '/home/jaehwan/rohang25_R1/install/px4_msgs/lib'
[1.240s] Level 1:colcon.colcon_core.shell:create_environment_hook('px4_msgs', 'ld_library_path_lib')
[1.240s] INFO:colcon.colcon_core.shell:Creating environment hook '/home/jaehwan/rohang25_R1/install/px4_msgs/share/px4_msgs/hook/ld_library_path_lib.ps1'
[1.240s] INFO:colcon.colcon_core.shell:Creating environment descriptor '/home/jaehwan/rohang25_R1/install/px4_msgs/share/px4_msgs/hook/ld_library_path_lib.dsv'
[1.240s] INFO:colcon.colcon_core.shell:Creating environment hook '/home/jaehwan/rohang25_R1/install/px4_msgs/share/px4_msgs/hook/ld_library_path_lib.sh'
[1.240s] Level 1:colcon.colcon_core.environment:checking '/home/jaehwan/rohang25_R1/install/px4_msgs/bin'
[1.240s] Level 1:colcon.colcon_core.environment:checking '/home/jaehwan/rohang25_R1/install/px4_msgs/lib/pkgconfig/px4_msgs.pc'
[1.241s] Level 1:colcon.colcon_core.environment:checking '/home/jaehwan/rohang25_R1/install/px4_msgs/lib/python3.10/site-packages'
[1.241s] Level 1:colcon.colcon_core.environment:checking '/home/jaehwan/rohang25_R1/install/px4_msgs/bin'
[1.241s] INFO:colcon.colcon_core.shell:Creating package script '/home/jaehwan/rohang25_R1/install/px4_msgs/share/px4_msgs/package.ps1'
[1.241s] INFO:colcon.colcon_core.shell:Creating package descriptor '/home/jaehwan/rohang25_R1/install/px4_msgs/share/px4_msgs/package.dsv'
[1.241s] INFO:colcon.colcon_core.shell:Creating package script '/home/jaehwan/rohang25_R1/install/px4_msgs/share/px4_msgs/package.sh'
[1.242s] INFO:colcon.colcon_core.shell:Creating package script '/home/jaehwan/rohang25_R1/install/px4_msgs/share/px4_msgs/package.bash'
[1.242s] INFO:colcon.colcon_core.shell:Creating package script '/home/jaehwan/rohang25_R1/install/px4_msgs/share/px4_msgs/package.zsh'
[1.242s] Level 1:colcon.colcon_core.environment:create_file_with_runtime_dependencies(/home/jaehwan/rohang25_R1/install/px4_msgs/share/colcon-core/packages/px4_msgs)
[1.242s] Level 1:colcon.colcon_core.environment:create_environment_scripts_only(px4_msgs)
[1.243s] Level 1:colcon.colcon_core.environment:checking '/home/jaehwan/rohang25_R1/install/px4_msgs' for CMake module files
[1.243s] Level 1:colcon.colcon_core.environment:checking '/home/jaehwan/rohang25_R1/install/px4_msgs' for CMake config files
[1.243s] Level 1:colcon.colcon_core.shell:create_environment_hook('px4_msgs', 'cmake_prefix_path')
[1.243s] INFO:colcon.colcon_core.shell:Creating environment hook '/home/jaehwan/rohang25_R1/install/px4_msgs/share/px4_msgs/hook/cmake_prefix_path.ps1'
[1.243s] INFO:colcon.colcon_core.shell:Creating environment descriptor '/home/jaehwan/rohang25_R1/install/px4_msgs/share/px4_msgs/hook/cmake_prefix_path.dsv'
[1.244s] INFO:colcon.colcon_core.shell:Creating environment hook '/home/jaehwan/rohang25_R1/install/px4_msgs/share/px4_msgs/hook/cmake_prefix_path.sh'
[1.244s] Level 1:colcon.colcon_core.environment:checking '/home/jaehwan/rohang25_R1/install/px4_msgs/lib'
[1.244s] Level 1:colcon.colcon_core.shell:create_environment_hook('px4_msgs', 'ld_library_path_lib')
[1.244s] INFO:colcon.colcon_core.shell:Creating environment hook '/home/jaehwan/rohang25_R1/install/px4_msgs/share/px4_msgs/hook/ld_library_path_lib.ps1'
[1.244s] INFO:colcon.colcon_core.shell:Creating environment descriptor '/home/jaehwan/rohang25_R1/install/px4_msgs/share/px4_msgs/hook/ld_library_path_lib.dsv'
[1.244s] INFO:colcon.colcon_core.shell:Creating environment hook '/home/jaehwan/rohang25_R1/install/px4_msgs/share/px4_msgs/hook/ld_library_path_lib.sh'
[1.245s] Level 1:colcon.colcon_core.environment:checking '/home/jaehwan/rohang25_R1/install/px4_msgs/bin'
[1.245s] Level 1:colcon.colcon_core.environment:checking '/home/jaehwan/rohang25_R1/install/px4_msgs/lib/pkgconfig/px4_msgs.pc'
[1.245s] Level 1:colcon.colcon_core.environment:checking '/home/jaehwan/rohang25_R1/install/px4_msgs/lib/python3.10/site-packages'
[1.245s] Level 1:colcon.colcon_core.environment:checking '/home/jaehwan/rohang25_R1/install/px4_msgs/bin'
[1.245s] INFO:colcon.colcon_core.shell:Creating package script '/home/jaehwan/rohang25_R1/install/px4_msgs/share/px4_msgs/package.ps1'
[1.245s] INFO:colcon.colcon_core.shell:Creating package descriptor '/home/jaehwan/rohang25_R1/install/px4_msgs/share/px4_msgs/package.dsv'
[1.246s] INFO:colcon.colcon_core.shell:Creating package script '/home/jaehwan/rohang25_R1/install/px4_msgs/share/px4_msgs/package.sh'
[1.246s] INFO:colcon.colcon_core.shell:Creating package script '/home/jaehwan/rohang25_R1/install/px4_msgs/share/px4_msgs/package.bash'
[1.246s] INFO:colcon.colcon_core.shell:Creating package script '/home/jaehwan/rohang25_R1/install/px4_msgs/share/px4_msgs/package.zsh'
[1.247s] Level 1:colcon.colcon_core.environment:create_file_with_runtime_dependencies(/home/jaehwan/rohang25_R1/install/px4_msgs/share/colcon-core/packages/px4_msgs)
[1.247s] INFO:colcon.colcon_ros.task.ament_cmake.build:Building ROS package in '/home/jaehwan/rohang25_R1/src/geolocation_kf_25' with build type 'ament_cmake'
[1.247s] INFO:colcon.colcon_cmake.task.cmake.build:Building CMake package in '/home/jaehwan/rohang25_R1/src/geolocation_kf_25'
[1.247s] INFO:colcon.colcon_core.shell:Skip shell extension 'powershell' for command environment: Not usable outside of PowerShell
[1.247s] DEBUG:colcon.colcon_core.shell:Skip shell extension 'dsv' for command environment
[1.249s] INFO:colcon.colcon_ros.task.ament_cmake.build:Building ROS package in '/home/jaehwan/rohang25_R1/src/gimbal_control_25' with build type 'ament_cmake'
[1.249s] INFO:colcon.colcon_cmake.task.cmake.build:Building CMake package in '/home/jaehwan/rohang25_R1/src/gimbal_control_25'
[1.249s] INFO:colcon.colcon_core.shell:Skip shell extension 'powershell' for command environment: Not usable outside of PowerShell
[1.249s] DEBUG:colcon.colcon_core.shell:Skip shell extension 'dsv' for command environment
[1.251s] INFO:colcon.colcon_ros.task.ament_cmake.build:Building ROS package in '/home/jaehwan/rohang25_R1/src/rohang25' with build type 'ament_cmake'
[1.251s] INFO:colcon.colcon_cmake.task.cmake.build:Building CMake package in '/home/jaehwan/rohang25_R1/src/rohang25'
[1.251s] INFO:colcon.colcon_core.shell:Skip shell extension 'powershell' for command environment: Not usable outside of PowerShell
[1.251s] DEBUG:colcon.colcon_core.shell:Skip shell extension 'dsv' for command environment
[1.252s] INFO:colcon.colcon_ros.task.ament_cmake.build:Building ROS package in '/home/jaehwan/rohang25_R1/src/rohang25_test' with build type 'ament_cmake'
[1.253s] INFO:colcon.colcon_cmake.task.cmake.build:Building CMake package in '/home/jaehwan/rohang25_R1/src/rohang25_test'
[1.253s] INFO:colcon.colcon_core.shell:Skip shell extension 'powershell' for command environment: Not usable outside of PowerShell
[1.253s] DEBUG:colcon.colcon_core.shell:Skip shell extension 'dsv' for command environment
[1.257s] DEBUG:colcon.colcon_core.event_handler.log_command:Invoking command in '/home/jaehwan/rohang25_R1/build/geolocation_kf_25': AMENT_PREFIX_PATH=/home/jaehwan/rohang25_R1/install/yolov11_msgs:/home/jaehwan/rohang25_R1/install/px4_msgs:${AMENT_PREFIX_PATH} CMAKE_PREFIX_PATH=/home/jaehwan/rohang25_R1/install/yolov11_msgs:/home/jaehwan/rohang25_R1/install/px4_msgs:/opt/ros/humble LD_LIBRARY_PATH=/home/jaehwan/rohang25_R1/install/yolov11_msgs/lib:/home/jaehwan/rohang25_R1/install/px4_msgs/lib:/home/jaehwan/ws_offboard_control/build/rohang25:/usr/lib/x86_64-linux-gnu/gazebo-11/plugins:/opt/ros/humble/opt/rviz_ogre_vendor/lib:/opt/ros/humble/lib/x86_64-linux-gnu:/opt/ros/humble/lib:/usr/share/gazebo/../../lib/x86_64-linux-gnu/gazebo-11/plugins PYTHONPATH=/home/jaehwan/rohang25_R1/install/yolov11_msgs/local/lib/python3.10/dist-packages:/home/jaehwan/rohang25_R1/install/px4_msgs/local/lib/python3.10/dist-packages:${PYTHONPATH} /usr/bin/cmake --build /home/jaehwan/rohang25_R1/build/geolocation_kf_25 -- -j12 -l12
[1.259s] DEBUG:colcon.colcon_core.event_handler.log_command:Invoking command in '/home/jaehwan/rohang25_R1/build/gimbal_control_25': AMENT_PREFIX_PATH=/home/jaehwan/rohang25_R1/install/yolov11_msgs:/home/jaehwan/rohang25_R1/install/px4_msgs:${AMENT_PREFIX_PATH} CMAKE_PREFIX_PATH=/home/jaehwan/rohang25_R1/install/yolov11_msgs:/home/jaehwan/rohang25_R1/install/px4_msgs:/opt/ros/humble LD_LIBRARY_PATH=/home/jaehwan/rohang25_R1/install/yolov11_msgs/lib:/home/jaehwan/rohang25_R1/install/px4_msgs/lib:/home/jaehwan/ws_offboard_control/build/rohang25:/usr/lib/x86_64-linux-gnu/gazebo-11/plugins:/opt/ros/humble/opt/rviz_ogre_vendor/lib:/opt/ros/humble/lib/x86_64-linux-gnu:/opt/ros/humble/lib:/usr/share/gazebo/../../lib/x86_64-linux-gnu/gazebo-11/plugins PYTHONPATH=/home/jaehwan/rohang25_R1/install/yolov11_msgs/local/lib/python3.10/dist-packages:/home/jaehwan/rohang25_R1/install/px4_msgs/local/lib/python3.10/dist-packages:${PYTHONPATH} /usr/bin/cmake --build /home/jaehwan/rohang25_R1/build/gimbal_control_25 -- -j12 -l12
[1.262s] DEBUG:colcon.colcon_core.event_handler.log_command:Invoking command in '/home/jaehwan/rohang25_R1/build/rohang25': AMENT_PREFIX_PATH=/home/jaehwan/rohang25_R1/install/px4_msgs:${AMENT_PREFIX_PATH} CMAKE_PREFIX_PATH=/home/jaehwan/rohang25_R1/install/px4_msgs:/opt/ros/humble LD_LIBRARY_PATH=/home/jaehwan/rohang25_R1/install/px4_msgs/lib:/home/jaehwan/ws_offboard_control/build/rohang25:/usr/lib/x86_64-linux-gnu/gazebo-11/plugins:/opt/ros/humble/opt/rviz_ogre_vendor/lib:/opt/ros/humble/lib/x86_64-linux-gnu:/opt/ros/humble/lib:/usr/share/gazebo/../../lib/x86_64-linux-gnu/gazebo-11/plugins PYTHONPATH=/home/jaehwan/rohang25_R1/install/px4_msgs/local/lib/python3.10/dist-packages:${PYTHONPATH} /usr/bin/cmake --build /home/jaehwan/rohang25_R1/build/rohang25 -- -j12 -l12
[1.265s] DEBUG:colcon.colcon_core.event_handler.log_command:Invoking command in '/home/jaehwan/rohang25_R1/build/rohang25_test': AMENT_PREFIX_PATH=/home/jaehwan/rohang25_R1/install/yolov11_msgs:/home/jaehwan/rohang25_R1/install/px4_msgs:${AMENT_PREFIX_PATH} CMAKE_PREFIX_PATH=/home/jaehwan/rohang25_R1/install/yolov11_msgs:/home/jaehwan/rohang25_R1/install/px4_msgs:/opt/ros/humble LD_LIBRARY_PATH=/home/jaehwan/rohang25_R1/install/yolov11_msgs/lib:/home/jaehwan/rohang25_R1/install/px4_msgs/lib:/home/jaehwan/ws_offboard_control/build/rohang25:/usr/lib/x86_64-linux-gnu/gazebo-11/plugins:/opt/ros/humble/opt/rviz_ogre_vendor/lib:/opt/ros/humble/lib/x86_64-linux-gnu:/opt/ros/humble/lib:/usr/share/gazebo/../../lib/x86_64-linux-gnu/gazebo-11/plugins PYTHONPATH=/home/jaehwan/rohang25_R1/install/yolov11_msgs/local/lib/python3.10/dist-packages:/home/jaehwan/rohang25_R1/install/px4_msgs/local/lib/python3.10/dist-packages:${PYTHONPATH} /usr/bin/cmake --build /home/jaehwan/rohang25_R1/build/rohang25_test -- -j12 -l12
[1.343s] DEBUG:colcon.colcon_core.event_handler.log_command:Invoked command in '/home/jaehwan/rohang25_R1/build/geolocation_kf_25' returned '0': AMENT_PREFIX_PATH=/home/jaehwan/rohang25_R1/install/yolov11_msgs:/home/jaehwan/rohang25_R1/install/px4_msgs:${AMENT_PREFIX_PATH} CMAKE_PREFIX_PATH=/home/jaehwan/rohang25_R1/install/yolov11_msgs:/home/jaehwan/rohang25_R1/install/px4_msgs:/opt/ros/humble LD_LIBRARY_PATH=/home/jaehwan/rohang25_R1/install/yolov11_msgs/lib:/home/jaehwan/rohang25_R1/install/px4_msgs/lib:/home/jaehwan/ws_offboard_control/build/rohang25:/usr/lib/x86_64-linux-gnu/gazebo-11/plugins:/opt/ros/humble/opt/rviz_ogre_vendor/lib:/opt/ros/humble/lib/x86_64-linux-gnu:/opt/ros/humble/lib:/usr/share/gazebo/../../lib/x86_64-linux-gnu/gazebo-11/plugins PYTHONPATH=/home/jaehwan/rohang25_R1/install/yolov11_msgs/local/lib/python3.10/dist-packages:/home/jaehwan/rohang25_R1/install/px4_msgs/local/lib/python3.10/dist-packages:${PYTHONPATH} /usr/bin/cmake --build /home/jaehwan/rohang25_R1/build/geolocation_kf_25 -- -j12 -l12
[1.345s] DEBUG:colcon.colcon_core.event_handler.log_command:Invoking command in '/home/jaehwan/rohang25_R1/build/geolocation_kf_25': AMENT_PREFIX_PATH=/home/jaehwan/rohang25_R1/install/yolov11_msgs:/home/jaehwan/rohang25_R1/install/px4_msgs:${AMENT_PREFIX_PATH} CMAKE_PREFIX_PATH=/home/jaehwan/rohang25_R1/install/yolov11_msgs:/home/jaehwan/rohang25_R1/install/px4_msgs:/opt/ros/humble LD_LIBRARY_PATH=/home/jaehwan/rohang25_R1/install/yolov11_msgs/lib:/home/jaehwan/rohang25_R1/install/px4_msgs/lib:/home/jaehwan/ws_offboard_control/build/rohang25:/usr/lib/x86_64-linux-gnu/gazebo-11/plugins:/opt/ros/humble/opt/rviz_ogre_vendor/lib:/opt/ros/humble/lib/x86_64-linux-gnu:/opt/ros/humble/lib:/usr/share/gazebo/../../lib/x86_64-linux-gnu/gazebo-11/plugins PYTHONPATH=/home/jaehwan/rohang25_R1/install/yolov11_msgs/local/lib/python3.10/dist-packages:/home/jaehwan/rohang25_R1/install/px4_msgs/local/lib/python3.10/dist-packages:${PYTHONPATH} /usr/bin/cmake --install /home/jaehwan/rohang25_R1/build/geolocation_kf_25
[1.354s] DEBUG:colcon.colcon_core.event_handler.log_command:Invoked command in '/home/jaehwan/rohang25_R1/build/rohang25' returned '0': AMENT_PREFIX_PATH=/home/jaehwan/rohang25_R1/install/px4_msgs:${AMENT_PREFIX_PATH} CMAKE_PREFIX_PATH=/home/jaehwan/rohang25_R1/install/px4_msgs:/opt/ros/humble LD_LIBRARY_PATH=/home/jaehwan/rohang25_R1/install/px4_msgs/lib:/home/jaehwan/ws_offboard_control/build/rohang25:/usr/lib/x86_64-linux-gnu/gazebo-11/plugins:/opt/ros/humble/opt/rviz_ogre_vendor/lib:/opt/ros/humble/lib/x86_64-linux-gnu:/opt/ros/humble/lib:/usr/share/gazebo/../../lib/x86_64-linux-gnu/gazebo-11/plugins PYTHONPATH=/home/jaehwan/rohang25_R1/install/px4_msgs/local/lib/python3.10/dist-packages:${PYTHONPATH} /usr/bin/cmake --build /home/jaehwan/rohang25_R1/build/rohang25 -- -j12 -l12
[1.356s] DEBUG:colcon.colcon_core.event_handler.log_command:Invoking command in '/home/jaehwan/rohang25_R1/build/rohang25': AMENT_PREFIX_PATH=/home/jaehwan/rohang25_R1/install/px4_msgs:${AMENT_PREFIX_PATH} CMAKE_PREFIX_PATH=/home/jaehwan/rohang25_R1/install/px4_msgs:/opt/ros/humble LD_LIBRARY_PATH=/home/jaehwan/rohang25_R1/install/px4_msgs/lib:/home/jaehwan/ws_offboard_control/build/rohang25:/usr/lib/x86_64-linux-gnu/gazebo-11/plugins:/opt/ros/humble/opt/rviz_ogre_vendor/lib:/opt/ros/humble/lib/x86_64-linux-gnu:/opt/ros/humble/lib:/usr/share/gazebo/../../lib/x86_64-linux-gnu/gazebo-11/plugins PYTHONPATH=/home/jaehwan/rohang25_R1/install/px4_msgs/local/lib/python3.10/dist-packages:${PYTHONPATH} /usr/bin/cmake --install /home/jaehwan/rohang25_R1/build/rohang25
[1.357s] Level 1:colcon.colcon_core.environment:create_environment_scripts_only(geolocation_kf_25)
[1.358s] Level 1:colcon.colcon_core.environment:checking '/home/jaehwan/rohang25_R1/install/geolocation_kf_25' for CMake module files
[1.358s] DEBUG:colcon.colcon_core.event_handler.log_command:Invoked command in '/home/jaehwan/rohang25_R1/build/geolocation_kf_25' returned '0': AMENT_PREFIX_PATH=/home/jaehwan/rohang25_R1/install/yolov11_msgs:/home/jaehwan/rohang25_R1/install/px4_msgs:${AMENT_PREFIX_PATH} CMAKE_PREFIX_PATH=/home/jaehwan/rohang25_R1/install/yolov11_msgs:/home/jaehwan/rohang25_R1/install/px4_msgs:/opt/ros/humble LD_LIBRARY_PATH=/home/jaehwan/rohang25_R1/install/yolov11_msgs/lib:/home/jaehwan/rohang25_R1/install/px4_msgs/lib:/home/jaehwan/ws_offboard_control/build/rohang25:/usr/lib/x86_64-linux-gnu/gazebo-11/plugins:/opt/ros/humble/opt/rviz_ogre_vendor/lib:/opt/ros/humble/lib/x86_64-linux-gnu:/opt/ros/humble/lib:/usr/share/gazebo/../../lib/x86_64-linux-gnu/gazebo-11/plugins PYTHONPATH=/home/jaehwan/rohang25_R1/install/yolov11_msgs/local/lib/python3.10/dist-packages:/home/jaehwan/rohang25_R1/install/px4_msgs/local/lib/python3.10/dist-packages:${PYTHONPATH} /usr/bin/cmake --install /home/jaehwan/rohang25_R1/build/geolocation_kf_25
[1.358s] Level 1:colcon.colcon_core.environment:checking '/home/jaehwan/rohang25_R1/install/geolocation_kf_25' for CMake config files
[1.358s] Level 1:colcon.colcon_core.shell:create_environment_hook('geolocation_kf_25', 'cmake_prefix_path')
[1.359s] INFO:colcon.colcon_core.shell:Creating environment hook '/home/jaehwan/rohang25_R1/install/geolocation_kf_25/share/geolocation_kf_25/hook/cmake_prefix_path.ps1'
[1.359s] INFO:colcon.colcon_core.shell:Creating environment descriptor '/home/jaehwan/rohang25_R1/install/geolocation_kf_25/share/geolocation_kf_25/hook/cmake_prefix_path.dsv'
[1.359s] INFO:colcon.colcon_core.shell:Creating environment hook '/home/jaehwan/rohang25_R1/install/geolocation_kf_25/share/geolocation_kf_25/hook/cmake_prefix_path.sh'
[1.360s] Level 1:colcon.colcon_core.environment:checking '/home/jaehwan/rohang25_R1/install/geolocation_kf_25/lib'
[1.360s] Level 1:colcon.colcon_core.shell:create_environment_hook('geolocation_kf_25', 'ld_library_path_lib')
[1.360s] INFO:colcon.colcon_core.shell:Creating environment hook '/home/jaehwan/rohang25_R1/install/geolocation_kf_25/share/geolocation_kf_25/hook/ld_library_path_lib.ps1'
[1.360s] INFO:colcon.colcon_core.shell:Creating environment descriptor '/home/jaehwan/rohang25_R1/install/geolocation_kf_25/share/geolocation_kf_25/hook/ld_library_path_lib.dsv'
[1.361s] INFO:colcon.colcon_core.shell:Creating environment hook '/home/jaehwan/rohang25_R1/install/geolocation_kf_25/share/geolocation_kf_25/hook/ld_library_path_lib.sh'
[1.361s] Level 1:colcon.colcon_core.environment:checking '/home/jaehwan/rohang25_R1/install/geolocation_kf_25/bin'
[1.361s] Level 1:colcon.colcon_core.environment:checking '/home/jaehwan/rohang25_R1/install/geolocation_kf_25/lib/pkgconfig/geolocation_kf_25.pc'
[1.361s] Level 1:colcon.colcon_core.environment:checking '/home/jaehwan/rohang25_R1/install/geolocation_kf_25/lib/python3.10/site-packages'
[1.361s] Level 1:colcon.colcon_core.environment:checking '/home/jaehwan/rohang25_R1/install/geolocation_kf_25/bin'
[1.362s] INFO:colcon.colcon_core.shell:Creating package script '/home/jaehwan/rohang25_R1/install/geolocation_kf_25/share/geolocation_kf_25/package.ps1'
[1.362s] INFO:colcon.colcon_core.shell:Creating package descriptor '/home/jaehwan/rohang25_R1/install/geolocation_kf_25/share/geolocation_kf_25/package.dsv'
[1.364s] INFO:colcon.colcon_core.shell:Creating package script '/home/jaehwan/rohang25_R1/install/geolocation_kf_25/share/geolocation_kf_25/package.sh'
[1.365s] INFO:colcon.colcon_core.shell:Creating package script '/home/jaehwan/rohang25_R1/install/geolocation_kf_25/share/geolocation_kf_25/package.bash'
[1.365s] INFO:colcon.colcon_core.shell:Creating package script '/home/jaehwan/rohang25_R1/install/geolocation_kf_25/share/geolocation_kf_25/package.zsh'
[1.365s] Level 1:colcon.colcon_core.environment:create_file_with_runtime_dependencies(/home/jaehwan/rohang25_R1/install/geolocation_kf_25/share/colcon-core/packages/geolocation_kf_25)
[1.366s] Level 1:colcon.colcon_core.environment:create_environment_scripts_only(geolocation_kf_25)
[1.366s] Level 1:colcon.colcon_core.environment:checking '/home/jaehwan/rohang25_R1/install/geolocation_kf_25' for CMake module files
[1.366s] Level 1:colcon.colcon_core.environment:checking '/home/jaehwan/rohang25_R1/install/geolocation_kf_25' for CMake config files
[1.366s] Level 1:colcon.colcon_core.shell:create_environment_hook('geolocation_kf_25', 'cmake_prefix_path')
[1.366s] INFO:colcon.colcon_core.shell:Creating environment hook '/home/jaehwan/rohang25_R1/install/geolocation_kf_25/share/geolocation_kf_25/hook/cmake_prefix_path.ps1'
[1.367s] INFO:colcon.colcon_core.shell:Creating environment descriptor '/home/jaehwan/rohang25_R1/install/geolocation_kf_25/share/geolocation_kf_25/hook/cmake_prefix_path.dsv'
[1.367s] INFO:colcon.colcon_core.shell:Creating environment hook '/home/jaehwan/rohang25_R1/install/geolocation_kf_25/share/geolocation_kf_25/hook/cmake_prefix_path.sh'
[1.367s] Level 1:colcon.colcon_core.environment:checking '/home/jaehwan/rohang25_R1/install/geolocation_kf_25/lib'
[1.367s] Level 1:colcon.colcon_core.shell:create_environment_hook('geolocation_kf_25', 'ld_library_path_lib')
[1.367s] INFO:colcon.colcon_core.shell:Creating environment hook '/home/jaehwan/rohang25_R1/install/geolocation_kf_25/share/geolocation_kf_25/hook/ld_library_path_lib.ps1'
[1.368s] INFO:colcon.colcon_core.shell:Creating environment descriptor '/home/jaehwan/rohang25_R1/install/geolocation_kf_25/share/geolocation_kf_25/hook/ld_library_path_lib.dsv'
[1.368s] INFO:colcon.colcon_core.shell:Creating environment hook '/home/jaehwan/rohang25_R1/install/geolocation_kf_25/share/geolocation_kf_25/hook/ld_library_path_lib.sh'
[1.368s] Level 1:colcon.colcon_core.environment:checking '/home/jaehwan/rohang25_R1/install/geolocation_kf_25/bin'
[1.368s] Level 1:colcon.colcon_core.environment:checking '/home/jaehwan/rohang25_R1/install/geolocation_kf_25/lib/pkgconfig/geolocation_kf_25.pc'
[1.368s] Level 1:colcon.colcon_core.environment:checking '/home/jaehwan/rohang25_R1/install/geolocation_kf_25/lib/python3.10/site-packages'
[1.368s] Level 1:colcon.colcon_core.environment:checking '/home/jaehwan/rohang25_R1/install/geolocation_kf_25/bin'
[1.369s] INFO:colcon.colcon_core.shell:Creating package script '/home/jaehwan/rohang25_R1/install/geolocation_kf_25/share/geolocation_kf_25/package.ps1'
[1.369s] INFO:colcon.colcon_core.shell:Creating package descriptor '/home/jaehwan/rohang25_R1/install/geolocation_kf_25/share/geolocation_kf_25/package.dsv'
[1.369s] INFO:colcon.colcon_core.shell:Creating package script '/home/jaehwan/rohang25_R1/install/geolocation_kf_25/share/geolocation_kf_25/package.sh'
[1.370s] INFO:colcon.colcon_core.shell:Creating package script '/home/jaehwan/rohang25_R1/install/geolocation_kf_25/share/geolocation_kf_25/package.bash'
[1.370s] INFO:colcon.colcon_core.shell:Creating package script '/home/jaehwan/rohang25_R1/install/geolocation_kf_25/share/geolocation_kf_25/package.zsh'
[1.370s] Level 1:colcon.colcon_core.environment:create_file_with_runtime_dependencies(/home/jaehwan/rohang25_R1/install/geolocation_kf_25/share/colcon-core/packages/geolocation_kf_25)
[1.371s] Level 1:colcon.colcon_core.environment:checking '/home/jaehwan/rohang25_R1/install/yolov11' for CMake module files
[1.372s] DEBUG:colcon.colcon_core.event_handler.log_command:Invoked command in '/home/jaehwan/rohang25_R1/src/yolov11/src/yolov11' returned '0': AMENT_PREFIX_PATH=/home/jaehwan/rohang25_R1/install/yolov11_msgs:${AMENT_PREFIX_PATH} CMAKE_PREFIX_PATH=/home/jaehwan/rohang25_R1/install/yolov11_msgs LD_LIBRARY_PATH=/home/jaehwan/rohang25_R1/install/yolov11_msgs/lib:/home/jaehwan/ws_offboard_control/build/rohang25:/usr/lib/x86_64-linux-gnu/gazebo-11/plugins:/opt/ros/humble/opt/rviz_ogre_vendor/lib:/opt/ros/humble/lib/x86_64-linux-gnu:/opt/ros/humble/lib:/usr/share/gazebo/../../lib/x86_64-linux-gnu/gazebo-11/plugins PYTHONPATH=/home/jaehwan/rohang25_R1/build/yolov11/prefix_override:/usr/lib/python3/dist-packages/colcon_core/task/python/colcon_distutils_commands:/home/jaehwan/rohang25_R1/install/yolov11/lib/python3.10/site-packages:/home/jaehwan/rohang25_R1/install/yolov11_msgs/local/lib/python3.10/dist-packages:${PYTHONPATH} /usr/bin/python3 -W ignore:setup.py install is deprecated -W ignore:easy_install command is deprecated setup.py egg_info --egg-base ../../../../build/yolov11 build --build-base /home/jaehwan/rohang25_R1/build/yolov11/build install --record /home/jaehwan/rohang25_R1/build/yolov11/install.log --single-version-externally-managed install_data
[1.372s] Level 1:colcon.colcon_core.environment:checking '/home/jaehwan/rohang25_R1/install/yolov11' for CMake config files
[1.372s] Level 1:colcon.colcon_core.environment:checking '/home/jaehwan/rohang25_R1/install/yolov11/lib'
[1.373s] Level 1:colcon.colcon_core.environment:checking '/home/jaehwan/rohang25_R1/install/yolov11/bin'
[1.373s] Level 1:colcon.colcon_core.environment:checking '/home/jaehwan/rohang25_R1/install/yolov11/lib/pkgconfig/yolov11.pc'
[1.373s] Level 1:colcon.colcon_core.environment:checking '/home/jaehwan/rohang25_R1/install/yolov11/lib/python3.10/site-packages'
[1.373s] Level 1:colcon.colcon_core.shell:create_environment_hook('yolov11', 'pythonpath')
[1.373s] INFO:colcon.colcon_core.shell:Creating environment hook '/home/jaehwan/rohang25_R1/install/yolov11/share/yolov11/hook/pythonpath.ps1'
[1.373s] INFO:colcon.colcon_core.shell:Creating environment descriptor '/home/jaehwan/rohang25_R1/install/yolov11/share/yolov11/hook/pythonpath.dsv'
[1.374s] INFO:colcon.colcon_core.shell:Creating environment hook '/home/jaehwan/rohang25_R1/install/yolov11/share/yolov11/hook/pythonpath.sh'
[1.374s] Level 1:colcon.colcon_core.environment:checking '/home/jaehwan/rohang25_R1/install/yolov11/bin'
[1.374s] Level 1:colcon.colcon_core.environment:create_environment_scripts_only(yolov11)
[1.374s] INFO:colcon.colcon_core.shell:Creating package script '/home/jaehwan/rohang25_R1/install/yolov11/share/yolov11/package.ps1'
[1.375s] INFO:colcon.colcon_core.shell:Creating package descriptor '/home/jaehwan/rohang25_R1/install/yolov11/share/yolov11/package.dsv'
[1.375s] INFO:colcon.colcon_core.shell:Creating package script '/home/jaehwan/rohang25_R1/install/yolov11/share/yolov11/package.sh'
[1.375s] INFO:colcon.colcon_core.shell:Creating package script '/home/jaehwan/rohang25_R1/install/yolov11/share/yolov11/package.bash'
[1.375s] INFO:colcon.colcon_core.shell:Creating package script '/home/jaehwan/rohang25_R1/install/yolov11/share/yolov11/package.zsh'
[1.376s] Level 1:colcon.colcon_core.environment:create_file_with_runtime_dependencies(/home/jaehwan/rohang25_R1/install/yolov11/share/colcon-core/packages/yolov11)
[1.376s] Level 1:colcon.colcon_core.environment:create_environment_scripts_only(rohang25)
[1.376s] Level 1:colcon.colcon_core.environment:checking '/home/jaehwan/rohang25_R1/install/rohang25' for CMake module files
[1.377s] DEBUG:colcon.colcon_core.event_handler.log_command:Invoked command in '/home/jaehwan/rohang25_R1/build/rohang25' returned '0': AMENT_PREFIX_PATH=/home/jaehwan/rohang25_R1/install/px4_msgs:${AMENT_PREFIX_PATH} CMAKE_PREFIX_PATH=/home/jaehwan/rohang25_R1/install/px4_msgs:/opt/ros/humble LD_LIBRARY_PATH=/home/jaehwan/rohang25_R1/install/px4_msgs/lib:/home/jaehwan/ws_offboard_control/build/rohang25:/usr/lib/x86_64-linux-gnu/gazebo-11/plugins:/opt/ros/humble/opt/rviz_ogre_vendor/lib:/opt/ros/humble/lib/x86_64-linux-gnu:/opt/ros/humble/lib:/usr/share/gazebo/../../lib/x86_64-linux-gnu/gazebo-11/plugins PYTHONPATH=/home/jaehwan/rohang25_R1/install/px4_msgs/local/lib/python3.10/dist-packages:${PYTHONPATH} /usr/bin/cmake --install /home/jaehwan/rohang25_R1/build/rohang25
[1.377s] Level 1:colcon.colcon_core.environment:checking '/home/jaehwan/rohang25_R1/install/rohang25' for CMake config files
[1.378s] Level 1:colcon.colcon_core.shell:create_environment_hook('rohang25', 'cmake_prefix_path')
[1.378s] INFO:colcon.colcon_core.shell:Creating environment hook '/home/jaehwan/rohang25_R1/install/rohang25/share/rohang25/hook/cmake_prefix_path.ps1'
[1.378s] INFO:colcon.colcon_core.shell:Creating environment descriptor '/home/jaehwan/rohang25_R1/install/rohang25/share/rohang25/hook/cmake_prefix_path.dsv'
[1.379s] INFO:colcon.colcon_core.shell:Creating environment hook '/home/jaehwan/rohang25_R1/install/rohang25/share/rohang25/hook/cmake_prefix_path.sh'
[1.379s] Level 1:colcon.colcon_core.environment:checking '/home/jaehwan/rohang25_R1/install/rohang25/lib'
[1.379s] Level 1:colcon.colcon_core.environment:checking '/home/jaehwan/rohang25_R1/install/rohang25/bin'
[1.379s] Level 1:colcon.colcon_core.environment:checking '/home/jaehwan/rohang25_R1/install/rohang25/lib/pkgconfig/rohang25.pc'
[1.379s] Level 1:colcon.colcon_core.environment:checking '/home/jaehwan/rohang25_R1/install/rohang25/lib/python3.10/site-packages'
[1.379s] Level 1:colcon.colcon_core.environment:checking '/home/jaehwan/rohang25_R1/install/rohang25/bin'
[1.380s] INFO:colcon.colcon_core.shell:Creating package script '/home/jaehwan/rohang25_R1/install/rohang25/share/rohang25/package.ps1'
[1.380s] INFO:colcon.colcon_core.shell:Creating package descriptor '/home/jaehwan/rohang25_R1/install/rohang25/share/rohang25/package.dsv'
[1.380s] INFO:colcon.colcon_core.shell:Creating package script '/home/jaehwan/rohang25_R1/install/rohang25/share/rohang25/package.sh'
[1.380s] INFO:colcon.colcon_core.shell:Creating package script '/home/jaehwan/rohang25_R1/install/rohang25/share/rohang25/package.bash'
[1.381s] INFO:colcon.colcon_core.shell:Creating package script '/home/jaehwan/rohang25_R1/install/rohang25/share/rohang25/package.zsh'
[1.381s] Level 1:colcon.colcon_core.environment:create_file_with_runtime_dependencies(/home/jaehwan/rohang25_R1/install/rohang25/share/colcon-core/packages/rohang25)
[1.381s] Level 1:colcon.colcon_core.environment:create_environment_scripts_only(rohang25)
[1.382s] Level 1:colcon.colcon_core.environment:checking '/home/jaehwan/rohang25_R1/install/rohang25' for CMake module files
[1.382s] Level 1:colcon.colcon_core.environment:checking '/home/jaehwan/rohang25_R1/install/rohang25' for CMake config files
[1.382s] Level 1:colcon.colcon_core.shell:create_environment_hook('rohang25', 'cmake_prefix_path')
[1.383s] INFO:colcon.colcon_core.shell:Creating environment hook '/home/jaehwan/rohang25_R1/install/rohang25/share/rohang25/hook/cmake_prefix_path.ps1'
[1.383s] INFO:colcon.colcon_core.shell:Creating environment descriptor '/home/jaehwan/rohang25_R1/install/rohang25/share/rohang25/hook/cmake_prefix_path.dsv'
[1.383s] INFO:colcon.colcon_core.shell:Creating environment hook '/home/jaehwan/rohang25_R1/install/rohang25/share/rohang25/hook/cmake_prefix_path.sh'
[1.384s] Level 1:colcon.colcon_core.environment:checking '/home/jaehwan/rohang25_R1/install/rohang25/lib'
[1.384s] Level 1:colcon.colcon_core.environment:checking '/home/jaehwan/rohang25_R1/install/rohang25/bin'
[1.384s] Level 1:colcon.colcon_core.environment:checking '/home/jaehwan/rohang25_R1/install/rohang25/lib/pkgconfig/rohang25.pc'
[1.384s] Level 1:colcon.colcon_core.environment:checking '/home/jaehwan/rohang25_R1/install/rohang25/lib/python3.10/site-packages'
[1.384s] Level 1:colcon.colcon_core.environment:checking '/home/jaehwan/rohang25_R1/install/rohang25/bin'
[1.384s] INFO:colcon.colcon_core.shell:Creating package script '/home/jaehwan/rohang25_R1/install/rohang25/share/rohang25/package.ps1'
[1.385s] INFO:colcon.colcon_core.shell:Creating package descriptor '/home/jaehwan/rohang25_R1/install/rohang25/share/rohang25/package.dsv'
[1.385s] INFO:colcon.colcon_core.shell:Creating package script '/home/jaehwan/rohang25_R1/install/rohang25/share/rohang25/package.sh'
[1.385s] INFO:colcon.colcon_core.shell:Creating package script '/home/jaehwan/rohang25_R1/install/rohang25/share/rohang25/package.bash'
[1.386s] INFO:colcon.colcon_core.shell:Creating package script '/home/jaehwan/rohang25_R1/install/rohang25/share/rohang25/package.zsh'
[1.386s] Level 1:colcon.colcon_core.environment:create_file_with_runtime_dependencies(/home/jaehwan/rohang25_R1/install/rohang25/share/colcon-core/packages/rohang25)
[1.564s] DEBUG:colcon.colcon_core.event_handler.log_command:Invoked command in '/home/jaehwan/rohang25_R1/build/rohang25_test' returned '0': AMENT_PREFIX_PATH=/home/jaehwan/rohang25_R1/install/yolov11_msgs:/home/jaehwan/rohang25_R1/install/px4_msgs:${AMENT_PREFIX_PATH} CMAKE_PREFIX_PATH=/home/jaehwan/rohang25_R1/install/yolov11_msgs:/home/jaehwan/rohang25_R1/install/px4_msgs:/opt/ros/humble LD_LIBRARY_PATH=/home/jaehwan/rohang25_R1/install/yolov11_msgs/lib:/home/jaehwan/rohang25_R1/install/px4_msgs/lib:/home/jaehwan/ws_offboard_control/build/rohang25:/usr/lib/x86_64-linux-gnu/gazebo-11/plugins:/opt/ros/humble/opt/rviz_ogre_vendor/lib:/opt/ros/humble/lib/x86_64-linux-gnu:/opt/ros/humble/lib:/usr/share/gazebo/../../lib/x86_64-linux-gnu/gazebo-11/plugins PYTHONPATH=/home/jaehwan/rohang25_R1/install/yolov11_msgs/local/lib/python3.10/dist-packages:/home/jaehwan/rohang25_R1/install/px4_msgs/local/lib/python3.10/dist-packages:${PYTHONPATH} /usr/bin/cmake --build /home/jaehwan/rohang25_R1/build/rohang25_test -- -j12 -l12
[1.565s] DEBUG:colcon.colcon_core.event_handler.log_command:Invoking command in '/home/jaehwan/rohang25_R1/build/rohang25_test': AMENT_PREFIX_PATH=/home/jaehwan/rohang25_R1/install/yolov11_msgs:/home/jaehwan/rohang25_R1/install/px4_msgs:${AMENT_PREFIX_PATH} CMAKE_PREFIX_PATH=/home/jaehwan/rohang25_R1/install/yolov11_msgs:/home/jaehwan/rohang25_R1/install/px4_msgs:/opt/ros/humble LD_LIBRARY_PATH=/home/jaehwan/rohang25_R1/install/yolov11_msgs/lib:/home/jaehwan/rohang25_R1/install/px4_msgs/lib:/home/jaehwan/ws_offboard_control/build/rohang25:/usr/lib/x86_64-linux-gnu/gazebo-11/plugins:/opt/ros/humble/opt/rviz_ogre_vendor/lib:/opt/ros/humble/lib/x86_64-linux-gnu:/opt/ros/humble/lib:/usr/share/gazebo/../../lib/x86_64-linux-gnu/gazebo-11/plugins PYTHONPATH=/home/jaehwan/rohang25_R1/install/yolov11_msgs/local/lib/python3.10/dist-packages:/home/jaehwan/rohang25_R1/install/px4_msgs/local/lib/python3.10/dist-packages:${PYTHONPATH} /usr/bin/cmake --install /home/jaehwan/rohang25_R1/build/rohang25_test
[1.602s] Level 1:colcon.colcon_core.environment:create_environment_scripts_only(rohang25_test)
[1.602s] Level 1:colcon.colcon_core.environment:checking '/home/jaehwan/rohang25_R1/install/rohang25_test' for CMake module files
[1.602s] DEBUG:colcon.colcon_core.event_handler.log_command:Invoked command in '/home/jaehwan/rohang25_R1/build/rohang25_test' returned '0': AMENT_PREFIX_PATH=/home/jaehwan/rohang25_R1/install/yolov11_msgs:/home/jaehwan/rohang25_R1/install/px4_msgs:${AMENT_PREFIX_PATH} CMAKE_PREFIX_PATH=/home/jaehwan/rohang25_R1/install/yolov11_msgs:/home/jaehwan/rohang25_R1/install/px4_msgs:/opt/ros/humble LD_LIBRARY_PATH=/home/jaehwan/rohang25_R1/install/yolov11_msgs/lib:/home/jaehwan/rohang25_R1/install/px4_msgs/lib:/home/jaehwan/ws_offboard_control/build/rohang25:/usr/lib/x86_64-linux-gnu/gazebo-11/plugins:/opt/ros/humble/opt/rviz_ogre_vendor/lib:/opt/ros/humble/lib/x86_64-linux-gnu:/opt/ros/humble/lib:/usr/share/gazebo/../../lib/x86_64-linux-gnu/gazebo-11/plugins PYTHONPATH=/home/jaehwan/rohang25_R1/install/yolov11_msgs/local/lib/python3.10/dist-packages:/home/jaehwan/rohang25_R1/install/px4_msgs/local/lib/python3.10/dist-packages:${PYTHONPATH} /usr/bin/cmake --install /home/jaehwan/rohang25_R1/build/rohang25_test
[1.603s] Level 1:colcon.colcon_core.environment:checking '/home/jaehwan/rohang25_R1/install/rohang25_test' for CMake config files
[1.603s] Level 1:colcon.colcon_core.shell:create_environment_hook('rohang25_test', 'cmake_prefix_path')
[1.603s] INFO:colcon.colcon_core.shell:Creating environment hook '/home/jaehwan/rohang25_R1/install/rohang25_test/share/rohang25_test/hook/cmake_prefix_path.ps1'
[1.603s] INFO:colcon.colcon_core.shell:Creating environment descriptor '/home/jaehwan/rohang25_R1/install/rohang25_test/share/rohang25_test/hook/cmake_prefix_path.dsv'
[1.604s] INFO:colcon.colcon_core.shell:Creating environment hook '/home/jaehwan/rohang25_R1/install/rohang25_test/share/rohang25_test/hook/cmake_prefix_path.sh'
[1.604s] Level 1:colcon.colcon_core.environment:checking '/home/jaehwan/rohang25_R1/install/rohang25_test/lib'
[1.604s] Level 1:colcon.colcon_core.shell:create_environment_hook('rohang25_test', 'ld_library_path_lib')
[1.604s] INFO:colcon.colcon_core.shell:Creating environment hook '/home/jaehwan/rohang25_R1/install/rohang25_test/share/rohang25_test/hook/ld_library_path_lib.ps1'
[1.604s] INFO:colcon.colcon_core.shell:Creating environment descriptor '/home/jaehwan/rohang25_R1/install/rohang25_test/share/rohang25_test/hook/ld_library_path_lib.dsv'
[1.605s] INFO:colcon.colcon_core.shell:Creating environment hook '/home/jaehwan/rohang25_R1/install/rohang25_test/share/rohang25_test/hook/ld_library_path_lib.sh'
[1.605s] Level 1:colcon.colcon_core.environment:checking '/home/jaehwan/rohang25_R1/install/rohang25_test/bin'
[1.605s] Level 1:colcon.colcon_core.environment:checking '/home/jaehwan/rohang25_R1/install/rohang25_test/lib/pkgconfig/rohang25_test.pc'
[1.605s] Level 1:colcon.colcon_core.environment:checking '/home/jaehwan/rohang25_R1/install/rohang25_test/lib/python3.10/site-packages'
[1.605s] Level 1:colcon.colcon_core.environment:checking '/home/jaehwan/rohang25_R1/install/rohang25_test/bin'
[1.605s] INFO:colcon.colcon_core.shell:Creating package script '/home/jaehwan/rohang25_R1/install/rohang25_test/share/rohang25_test/package.ps1'
[1.606s] INFO:colcon.colcon_core.shell:Creating package descriptor '/home/jaehwan/rohang25_R1/install/rohang25_test/share/rohang25_test/package.dsv'
[1.606s] INFO:colcon.colcon_core.shell:Creating package script '/home/jaehwan/rohang25_R1/install/rohang25_test/share/rohang25_test/package.sh'
[1.606s] INFO:colcon.colcon_core.shell:Creating package script '/home/jaehwan/rohang25_R1/install/rohang25_test/share/rohang25_test/package.bash'
[1.606s] INFO:colcon.colcon_core.shell:Creating package script '/home/jaehwan/rohang25_R1/install/rohang25_test/share/rohang25_test/package.zsh'
[1.607s] Level 1:colcon.colcon_core.environment:create_file_with_runtime_dependencies(/home/jaehwan/rohang25_R1/install/rohang25_test/share/colcon-core/packages/rohang25_test)
[1.607s] Level 1:colcon.colcon_core.environment:create_environment_scripts_only(rohang25_test)
[1.607s] Level 1:colcon.colcon_core.environment:checking '/home/jaehwan/rohang25_R1/install/rohang25_test' for CMake module files
[1.608s] Level 1:colcon.colcon_core.environment:checking '/home/jaehwan/rohang25_R1/install/rohang25_test' for CMake config files
[1.608s] Level 1:colcon.colcon_core.shell:create_environment_hook('rohang25_test', 'cmake_prefix_path')
[1.608s] INFO:colcon.colcon_core.shell:Creating environment hook '/home/jaehwan/rohang25_R1/install/rohang25_test/share/rohang25_test/hook/cmake_prefix_path.ps1'
[1.608s] INFO:colcon.colcon_core.shell:Creating environment descriptor '/home/jaehwan/rohang25_R1/install/rohang25_test/share/rohang25_test/hook/cmake_prefix_path.dsv'
[1.609s] INFO:colcon.colcon_core.shell:Creating environment hook '/home/jaehwan/rohang25_R1/install/rohang25_test/share/rohang25_test/hook/cmake_prefix_path.sh'
[1.609s] Level 1:colcon.colcon_core.environment:checking '/home/jaehwan/rohang25_R1/install/rohang25_test/lib'
[1.609s] Level 1:colcon.colcon_core.shell:create_environment_hook('rohang25_test', 'ld_library_path_lib')
[1.609s] INFO:colcon.colcon_core.shell:Creating environment hook '/home/jaehwan/rohang25_R1/install/rohang25_test/share/rohang25_test/hook/ld_library_path_lib.ps1'
[1.609s] INFO:colcon.colcon_core.shell:Creating environment descriptor '/home/jaehwan/rohang25_R1/install/rohang25_test/share/rohang25_test/hook/ld_library_path_lib.dsv'
[1.609s] INFO:colcon.colcon_core.shell:Creating environment hook '/home/jaehwan/rohang25_R1/install/rohang25_test/share/rohang25_test/hook/ld_library_path_lib.sh'
[1.610s] Level 1:colcon.colcon_core.environment:checking '/home/jaehwan/rohang25_R1/install/rohang25_test/bin'
[1.610s] Level 1:colcon.colcon_core.environment:checking '/home/jaehwan/rohang25_R1/install/rohang25_test/lib/pkgconfig/rohang25_test.pc'
[1.610s] Level 1:colcon.colcon_core.environment:checking '/home/jaehwan/rohang25_R1/install/rohang25_test/lib/python3.10/site-packages'
[1.610s] Level 1:colcon.colcon_core.environment:checking '/home/jaehwan/rohang25_R1/install/rohang25_test/bin'
[1.610s] INFO:colcon.colcon_core.shell:Creating package script '/home/jaehwan/rohang25_R1/install/rohang25_test/share/rohang25_test/package.ps1'
[1.611s] INFO:colcon.colcon_core.shell:Creating package descriptor '/home/jaehwan/rohang25_R1/install/rohang25_test/share/rohang25_test/package.dsv'
[1.619s] INFO:colcon.colcon_core.shell:Creating package script '/home/jaehwan/rohang25_R1/install/rohang25_test/share/rohang25_test/package.sh'
[1.620s] INFO:colcon.colcon_core.shell:Creating package script '/home/jaehwan/rohang25_R1/install/rohang25_test/share/rohang25_test/package.bash'
[1.620s] INFO:colcon.colcon_core.shell:Creating package script '/home/jaehwan/rohang25_R1/install/rohang25_test/share/rohang25_test/package.zsh'
[1.620s] Level 1:colcon.colcon_core.environment:create_file_with_runtime_dependencies(/home/jaehwan/rohang25_R1/install/rohang25_test/share/colcon-core/packages/rohang25_test)
[1.714s] DEBUG:colcon.colcon_core.event_handler.log_command:Invoked command in '/home/jaehwan/rohang25_R1/build/gimbal_control_25' returned '2': AMENT_PREFIX_PATH=/home/jaehwan/rohang25_R1/install/yolov11_msgs:/home/jaehwan/rohang25_R1/install/px4_msgs:${AMENT_PREFIX_PATH} CMAKE_PREFIX_PATH=/home/jaehwan/rohang25_R1/install/yolov11_msgs:/home/jaehwan/rohang25_R1/install/px4_msgs:/opt/ros/humble LD_LIBRARY_PATH=/home/jaehwan/rohang25_R1/install/yolov11_msgs/lib:/home/jaehwan/rohang25_R1/install/px4_msgs/lib:/home/jaehwan/ws_offboard_control/build/rohang25:/usr/lib/x86_64-linux-gnu/gazebo-11/plugins:/opt/ros/humble/opt/rviz_ogre_vendor/lib:/opt/ros/humble/lib/x86_64-linux-gnu:/opt/ros/humble/lib:/usr/share/gazebo/../../lib/x86_64-linux-gnu/gazebo-11/plugins PYTHONPATH=/home/jaehwan/rohang25_R1/install/yolov11_msgs/local/lib/python3.10/dist-packages:/home/jaehwan/rohang25_R1/install/px4_msgs/local/lib/python3.10/dist-packages:${PYTHONPATH} /usr/bin/cmake --build /home/jaehwan/rohang25_R1/build/gimbal_control_25 -- -j12 -l12
[1.714s] Level 1:colcon.colcon_core.environment:create_environment_scripts_only(gimbal_control_25)
[1.714s] Level 1:colcon.colcon_core.environment:checking '/home/jaehwan/rohang25_R1/install/gimbal_control_25' for CMake module files
[1.714s] Level 1:colcon.colcon_core.environment:checking '/home/jaehwan/rohang25_R1/install/gimbal_control_25' for CMake config files
[1.714s] Level 1:colcon.colcon_core.shell:create_environment_hook('gimbal_control_25', 'cmake_prefix_path')
[1.715s] INFO:colcon.colcon_core.shell:Creating environment hook '/home/jaehwan/rohang25_R1/install/gimbal_control_25/share/gimbal_control_25/hook/cmake_prefix_path.ps1'
[1.715s] INFO:colcon.colcon_core.shell:Creating environment descriptor '/home/jaehwan/rohang25_R1/install/gimbal_control_25/share/gimbal_control_25/hook/cmake_prefix_path.dsv'
[1.715s] INFO:colcon.colcon_core.shell:Creating environment hook '/home/jaehwan/rohang25_R1/install/gimbal_control_25/share/gimbal_control_25/hook/cmake_prefix_path.sh'
[1.715s] Level 1:colcon.colcon_core.environment:checking '/home/jaehwan/rohang25_R1/install/gimbal_control_25/lib'
[1.716s] Level 1:colcon.colcon_core.environment:checking '/home/jaehwan/rohang25_R1/install/gimbal_control_25/bin'
[1.716s] Level 1:colcon.colcon_core.environment:checking '/home/jaehwan/rohang25_R1/install/gimbal_control_25/lib/pkgconfig/gimbal_control_25.pc'
[1.716s] Level 1:colcon.colcon_core.environment:checking '/home/jaehwan/rohang25_R1/install/gimbal_control_25/lib/python3.10/site-packages'
[1.716s] Level 1:colcon.colcon_core.environment:checking '/home/jaehwan/rohang25_R1/install/gimbal_control_25/bin'
[1.716s] INFO:colcon.colcon_core.shell:Creating package script '/home/jaehwan/rohang25_R1/install/gimbal_control_25/share/gimbal_control_25/package.ps1'
[1.716s] INFO:colcon.colcon_core.shell:Creating package descriptor '/home/jaehwan/rohang25_R1/install/gimbal_control_25/share/gimbal_control_25/package.dsv'
[1.717s] INFO:colcon.colcon_core.shell:Creating package script '/home/jaehwan/rohang25_R1/install/gimbal_control_25/share/gimbal_control_25/package.sh'
[1.717s] INFO:colcon.colcon_core.shell:Creating package script '/home/jaehwan/rohang25_R1/install/gimbal_control_25/share/gimbal_control_25/package.bash'
[1.717s] INFO:colcon.colcon_core.shell:Creating package script '/home/jaehwan/rohang25_R1/install/gimbal_control_25/share/gimbal_control_25/package.zsh'
[1.717s] Level 1:colcon.colcon_core.environment:create_file_with_runtime_dependencies(/home/jaehwan/rohang25_R1/install/gimbal_control_25/share/colcon-core/packages/gimbal_control_25)
[1.728s] DEBUG:colcon.colcon_parallel_executor.executor.parallel:closing loop
[1.728s] DEBUG:colcon.colcon_parallel_executor.executor.parallel:loop closed
[1.728s] DEBUG:colcon.colcon_parallel_executor.executor.parallel:run_until_complete finished with '2'
[1.728s] DEBUG:colcon.colcon_core.event_reactor:joining thread
[1.732s] INFO:colcon.colcon_core.plugin_system:Skipping extension 'colcon_notification.desktop_notification.terminal_notifier': Not used on non-Darwin systems
[1.732s] INFO:colcon.colcon_core.plugin_system:Skipping extension 'colcon_notification.desktop_notification.win32': Not used on non-Windows systems
[1.732s] INFO:colcon.colcon_notification.desktop_notification:Sending desktop notification using 'notify2'
[1.738s] DEBUG:colcon.colcon_core.event_reactor:joined thread
[1.738s] INFO:colcon.colcon_core.shell:Creating prefix script '/home/jaehwan/rohang25_R1/install/local_setup.ps1'
[1.739s] INFO:colcon.colcon_core.shell:Creating prefix util module '/home/jaehwan/rohang25_R1/install/_local_setup_util_ps1.py'
[1.740s] INFO:colcon.colcon_core.shell:Creating prefix chain script '/home/jaehwan/rohang25_R1/install/setup.ps1'
[1.741s] INFO:colcon.colcon_core.shell:Creating prefix script '/home/jaehwan/rohang25_R1/install/local_setup.sh'
[1.741s] INFO:colcon.colcon_core.shell:Creating prefix util module '/home/jaehwan/rohang25_R1/install/_local_setup_util_sh.py'
[1.741s] INFO:colcon.colcon_core.shell:Creating prefix chain script '/home/jaehwan/rohang25_R1/install/setup.sh'
[1.742s] INFO:colcon.colcon_core.shell:Creating prefix script '/home/jaehwan/rohang25_R1/install/local_setup.bash'
[1.742s] INFO:colcon.colcon_core.shell:Creating prefix chain script '/home/jaehwan/rohang25_R1/install/setup.bash'
[1.743s] INFO:colcon.colcon_core.shell:Creating prefix script '/home/jaehwan/rohang25_R1/install/local_setup.zsh'
[1.743s] INFO:colcon.colcon_core.shell:Creating prefix chain script '/home/jaehwan/rohang25_R1/install/setup.zsh'
