[0.012s] Invoking command in '/home/jaehwan/rohang25_R1/build/gimbal_control_25': CMAKE_PREFIX_PATH=/home/jaehwan/rohang25_R1/install/yolov11_msgs:/home/jaehwan/rohang25_R1/install/px4_msgs:/home/jaehwan/rohang25_R1/install/rohang25_test:/home/jaehwan/rohang25_R1/install/gimbal_control_25:/home/jaehwan/rohang25_R1/install/geolocation_kf_25:/home/jaehwan/rohang25_R1/install/rohang25:/home/jaehwan/rohang25_R1/install/gscam:/home/jaehwan/rohang25_R1/install/yolov11:/opt/ros/humble LD_LIBRARY_PATH=/home/jaehwan/rohang25_R1/install/yolov11_msgs/lib:/home/jaehwan/rohang25_R1/install/px4_msgs/lib:/home/jaehwan/rohang25_R1/install/rohang25_test/lib:/home/jaehwan/rohang25_R1/install/geolocation_kf_25/lib:/home/jaehwan/rohang25_R1/install/gscam/lib:/home/jaehwan/ws_offboard_control/build/rohang25:/usr/lib/x86_64-linux-gnu/gazebo-11/plugins:/opt/ros/humble/opt/rviz_ogre_vendor/lib:/opt/ros/humble/lib/x86_64-linux-gnu:/opt/ros/humble/lib:/usr/share/gazebo/../../lib/x86_64-linux-gnu/gazebo-11/plugins /usr/bin/cmake --build /home/jaehwan/rohang25_R1/build/gimbal_control_25 -- -j12 -l12
[0.052s] [35m[1mConsolidate compiler generated dependencies of target gimbal_tilt_90[0m
[0.067s] [ 50%] Built target gimbal_control_node
[0.069s] [ 66%] Built target gimbal_status_node
[0.071s] [ 83%] [32mBuilding CXX object CMakeFiles/gimbal_tilt_90.dir/src/gimbal_tilt_90.cpp.o[0m
[1.893s] [100%] [32m[1mLinking CXX executable gimbal_tilt_90[0m
[1.959s] [100%] Built target gimbal_tilt_90
[1.966s] Invoked command in '/home/jaehwan/rohang25_R1/build/gimbal_control_25' returned '0': CMAKE_PREFIX_PATH=/home/jaehwan/rohang25_R1/install/yolov11_msgs:/home/jaehwan/rohang25_R1/install/px4_msgs:/home/jaehwan/rohang25_R1/install/rohang25_test:/home/jaehwan/rohang25_R1/install/gimbal_control_25:/home/jaehwan/rohang25_R1/install/geolocation_kf_25:/home/jaehwan/rohang25_R1/install/rohang25:/home/jaehwan/rohang25_R1/install/gscam:/home/jaehwan/rohang25_R1/install/yolov11:/opt/ros/humble LD_LIBRARY_PATH=/home/jaehwan/rohang25_R1/install/yolov11_msgs/lib:/home/jaehwan/rohang25_R1/install/px4_msgs/lib:/home/jaehwan/rohang25_R1/install/rohang25_test/lib:/home/jaehwan/rohang25_R1/install/geolocation_kf_25/lib:/home/jaehwan/rohang25_R1/install/gscam/lib:/home/jaehwan/ws_offboard_control/build/rohang25:/usr/lib/x86_64-linux-gnu/gazebo-11/plugins:/opt/ros/humble/opt/rviz_ogre_vendor/lib:/opt/ros/humble/lib/x86_64-linux-gnu:/opt/ros/humble/lib:/usr/share/gazebo/../../lib/x86_64-linux-gnu/gazebo-11/plugins /usr/bin/cmake --build /home/jaehwan/rohang25_R1/build/gimbal_control_25 -- -j12 -l12
[1.967s] Invoking command in '/home/jaehwan/rohang25_R1/build/gimbal_control_25': CMAKE_PREFIX_PATH=/home/jaehwan/rohang25_R1/install/yolov11_msgs:/home/jaehwan/rohang25_R1/install/px4_msgs:/home/jaehwan/rohang25_R1/install/rohang25_test:/home/jaehwan/rohang25_R1/install/gimbal_control_25:/home/jaehwan/rohang25_R1/install/geolocation_kf_25:/home/jaehwan/rohang25_R1/install/rohang25:/home/jaehwan/rohang25_R1/install/gscam:/home/jaehwan/rohang25_R1/install/yolov11:/opt/ros/humble LD_LIBRARY_PATH=/home/jaehwan/rohang25_R1/install/yolov11_msgs/lib:/home/jaehwan/rohang25_R1/install/px4_msgs/lib:/home/jaehwan/rohang25_R1/install/rohang25_test/lib:/home/jaehwan/rohang25_R1/install/geolocation_kf_25/lib:/home/jaehwan/rohang25_R1/install/gscam/lib:/home/jaehwan/ws_offboard_control/build/rohang25:/usr/lib/x86_64-linux-gnu/gazebo-11/plugins:/opt/ros/humble/opt/rviz_ogre_vendor/lib:/opt/ros/humble/lib/x86_64-linux-gnu:/opt/ros/humble/lib:/usr/share/gazebo/../../lib/x86_64-linux-gnu/gazebo-11/plugins /usr/bin/cmake --install /home/jaehwan/rohang25_R1/build/gimbal_control_25
[1.972s] -- Install configuration: ""
[1.973s] -- Up-to-date: /home/jaehwan/rohang25_R1/install/gimbal_control_25/lib/gimbal_control_25/gimbal_status_node
[1.973s] -- Installing: /home/jaehwan/rohang25_R1/install/gimbal_control_25/lib/gimbal_control_25/gimbal_tilt_90
[1.973s] -- Set runtime path of "/home/jaehwan/rohang25_R1/install/gimbal_control_25/lib/gimbal_control_25/gimbal_tilt_90" to ""
[1.973s] -- Up-to-date: /home/jaehwan/rohang25_R1/install/gimbal_control_25/lib/gimbal_control_25/gimbal_control_node
[1.973s] -- Up-to-date: /home/jaehwan/rohang25_R1/install/gimbal_control_25/share/ament_index/resource_index/package_run_dependencies/gimbal_control_25
[1.973s] -- Up-to-date: /home/jaehwan/rohang25_R1/install/gimbal_control_25/share/ament_index/resource_index/parent_prefix_path/gimbal_control_25
[1.973s] -- Up-to-date: /home/jaehwan/rohang25_R1/install/gimbal_control_25/share/gimbal_control_25/environment/ament_prefix_path.sh
[1.973s] -- Up-to-date: /home/jaehwan/rohang25_R1/install/gimbal_control_25/share/gimbal_control_25/environment/ament_prefix_path.dsv
[1.973s] -- Up-to-date: /home/jaehwan/rohang25_R1/install/gimbal_control_25/share/gimbal_control_25/environment/path.sh
[1.973s] -- Up-to-date: /home/jaehwan/rohang25_R1/install/gimbal_control_25/share/gimbal_control_25/environment/path.dsv
[1.973s] -- Up-to-date: /home/jaehwan/rohang25_R1/install/gimbal_control_25/share/gimbal_control_25/local_setup.bash
[1.973s] -- Up-to-date: /home/jaehwan/rohang25_R1/install/gimbal_control_25/share/gimbal_control_25/local_setup.sh
[1.973s] -- Up-to-date: /home/jaehwan/rohang25_R1/install/gimbal_control_25/share/gimbal_control_25/local_setup.zsh
[1.973s] -- Up-to-date: /home/jaehwan/rohang25_R1/install/gimbal_control_25/share/gimbal_control_25/local_setup.dsv
[1.974s] -- Installing: /home/jaehwan/rohang25_R1/install/gimbal_control_25/share/gimbal_control_25/package.dsv
[1.974s] -- Up-to-date: /home/jaehwan/rohang25_R1/install/gimbal_control_25/share/ament_index/resource_index/packages/gimbal_control_25
[1.974s] -- Up-to-date: /home/jaehwan/rohang25_R1/install/gimbal_control_25/share/gimbal_control_25/cmake/gimbal_control_25Config.cmake
[1.974s] -- Up-to-date: /home/jaehwan/rohang25_R1/install/gimbal_control_25/share/gimbal_control_25/cmake/gimbal_control_25Config-version.cmake
[1.974s] -- Up-to-date: /home/jaehwan/rohang25_R1/install/gimbal_control_25/share/gimbal_control_25/package.xml
[1.975s] Invoked command in '/home/jaehwan/rohang25_R1/build/gimbal_control_25' returned '0': CMAKE_PREFIX_PATH=/home/jaehwan/rohang25_R1/install/yolov11_msgs:/home/jaehwan/rohang25_R1/install/px4_msgs:/home/jaehwan/rohang25_R1/install/rohang25_test:/home/jaehwan/rohang25_R1/install/gimbal_control_25:/home/jaehwan/rohang25_R1/install/geolocation_kf_25:/home/jaehwan/rohang25_R1/install/rohang25:/home/jaehwan/rohang25_R1/install/gscam:/home/jaehwan/rohang25_R1/install/yolov11:/opt/ros/humble LD_LIBRARY_PATH=/home/jaehwan/rohang25_R1/install/yolov11_msgs/lib:/home/jaehwan/rohang25_R1/install/px4_msgs/lib:/home/jaehwan/rohang25_R1/install/rohang25_test/lib:/home/jaehwan/rohang25_R1/install/geolocation_kf_25/lib:/home/jaehwan/rohang25_R1/install/gscam/lib:/home/jaehwan/ws_offboard_control/build/rohang25:/usr/lib/x86_64-linux-gnu/gazebo-11/plugins:/opt/ros/humble/opt/rviz_ogre_vendor/lib:/opt/ros/humble/lib/x86_64-linux-gnu:/opt/ros/humble/lib:/usr/share/gazebo/../../lib/x86_64-linux-gnu/gazebo-11/plugins /usr/bin/cmake --install /home/jaehwan/rohang25_R1/build/gimbal_control_25
