[0.022s] Invoking command in '/home/jaehwan/rohang25_R1/build/yolov11_msgs': CMAKE_PREFIX_PATH=${CMAKE_PREFIX_PATH}:/home/jaehwan/rohang25_R1/install/yolov11:/opt/ros/humble /usr/bin/cmake --build /home/jaehwan/rohang25_R1/build/yolov11_msgs -- -j12 -l12
[0.143s] [  0%] Built target ament_cmake_python_copy_yolov11_msgs
[0.147s] [  3%] Built target yolov11_msgs__cpp
[0.151s] [ 12%] Built target yolov11_msgs__rosidl_generator_c
[0.201s] [ 22%] Built target yolov11_msgs__rosidl_typesupport_cpp
[0.210s] [ 32%] Built target yolov11_msgs__rosidl_typesupport_fastrtps_cpp
[0.219s] [ 41%] Built target yolov11_msgs__rosidl_typesupport_introspection_cpp
[0.247s] [ 51%] Built target yolov11_msgs__rosidl_typesupport_introspection_c
[0.248s] [ 61%] Built target yolov11_msgs__rosidl_typesupport_c
[0.254s] [ 70%] Built target yolov11_msgs__rosidl_typesupport_fastrtps_c
[0.282s] [ 70%] Built target yolov11_msgs
[0.316s] [ 74%] Built target yolov11_msgs__py
[0.366s] [ 80%] Built target yolov11_msgs__rosidl_generator_py
[0.416s] [ 87%] Built target yolov11_msgs__rosidl_typesupport_fastrtps_c__pyext
[0.416s] [ 93%] Built target yolov11_msgs__rosidl_typesupport_c__pyext
[0.431s] [100%] Built target yolov11_msgs__rosidl_typesupport_introspection_c__pyext
[0.552s] running egg_info
[0.576s] writing yolov11_msgs.egg-info/PKG-INFO
[0.577s] writing dependency_links to yolov11_msgs.egg-info/dependency_links.txt
[0.577s] writing top-level names to yolov11_msgs.egg-info/top_level.txt
[0.650s] reading manifest file 'yolov11_msgs.egg-info/SOURCES.txt'
[0.651s] writing manifest file 'yolov11_msgs.egg-info/SOURCES.txt'
[0.722s] [100%] Built target ament_cmake_python_build_yolov11_msgs_egg
[0.744s] Invoked command in '/home/jaehwan/rohang25_R1/build/yolov11_msgs' returned '0': CMAKE_PREFIX_PATH=${CMAKE_PREFIX_PATH}:/home/jaehwan/rohang25_R1/install/yolov11:/opt/ros/humble /usr/bin/cmake --build /home/jaehwan/rohang25_R1/build/yolov11_msgs -- -j12 -l12
[0.745s] Invoking command in '/home/jaehwan/rohang25_R1/build/yolov11_msgs': CMAKE_PREFIX_PATH=${CMAKE_PREFIX_PATH}:/home/jaehwan/rohang25_R1/install/yolov11:/opt/ros/humble /usr/bin/cmake --install /home/jaehwan/rohang25_R1/build/yolov11_msgs
[0.758s] -- Install configuration: ""
[0.760s] -- Up-to-date: /home/jaehwan/rohang25_R1/install/yolov11_msgs/share/ament_index/resource_index/rosidl_interfaces/yolov11_msgs
[0.760s] -- Up-to-date: /home/jaehwan/rohang25_R1/install/yolov11_msgs/include/yolov11_msgs/yolov11_msgs
[0.760s] -- Up-to-date: /home/jaehwan/rohang25_R1/install/yolov11_msgs/include/yolov11_msgs/yolov11_msgs/msg
[0.760s] -- Up-to-date: /home/jaehwan/rohang25_R1/install/yolov11_msgs/include/yolov11_msgs/yolov11_msgs/msg/detail
[0.760s] -- Up-to-date: /home/jaehwan/rohang25_R1/install/yolov11_msgs/include/yolov11_msgs/yolov11_msgs/msg/detail/detection__functions.c
[0.760s] -- Up-to-date: /home/jaehwan/rohang25_R1/install/yolov11_msgs/include/yolov11_msgs/yolov11_msgs/msg/detail/detection__functions.h
[0.760s] -- Up-to-date: /home/jaehwan/rohang25_R1/install/yolov11_msgs/include/yolov11_msgs/yolov11_msgs/msg/detail/detection__struct.h
[0.760s] -- Up-to-date: /home/jaehwan/rohang25_R1/install/yolov11_msgs/include/yolov11_msgs/yolov11_msgs/msg/detail/detection__type_support.h
[0.760s] -- Up-to-date: /home/jaehwan/rohang25_R1/install/yolov11_msgs/include/yolov11_msgs/yolov11_msgs/msg/rosidl_generator_c__visibility_control.h
[0.760s] -- Up-to-date: /home/jaehwan/rohang25_R1/install/yolov11_msgs/include/yolov11_msgs/yolov11_msgs/msg/detection.h
[0.760s] -- Up-to-date: /home/jaehwan/rohang25_R1/install/yolov11_msgs/share/yolov11_msgs/environment/library_path.sh
[0.761s] -- Up-to-date: /home/jaehwan/rohang25_R1/install/yolov11_msgs/share/yolov11_msgs/environment/library_path.dsv
[0.761s] -- Up-to-date: /home/jaehwan/rohang25_R1/install/yolov11_msgs/lib/libyolov11_msgs__rosidl_generator_c.so
[0.761s] -- Up-to-date: /home/jaehwan/rohang25_R1/install/yolov11_msgs/include/yolov11_msgs/yolov11_msgs
[0.761s] -- Up-to-date: /home/jaehwan/rohang25_R1/install/yolov11_msgs/include/yolov11_msgs/yolov11_msgs/msg
[0.761s] -- Up-to-date: /home/jaehwan/rohang25_R1/install/yolov11_msgs/include/yolov11_msgs/yolov11_msgs/msg/detail
[0.761s] -- Up-to-date: /home/jaehwan/rohang25_R1/install/yolov11_msgs/include/yolov11_msgs/yolov11_msgs/msg/detail/detection__rosidl_typesupport_fastrtps_c.h
[0.761s] -- Up-to-date: /home/jaehwan/rohang25_R1/install/yolov11_msgs/include/yolov11_msgs/yolov11_msgs/msg/rosidl_typesupport_fastrtps_c__visibility_control.h
[0.761s] -- Up-to-date: /home/jaehwan/rohang25_R1/install/yolov11_msgs/lib/libyolov11_msgs__rosidl_typesupport_fastrtps_c.so
[0.761s] -- Up-to-date: /home/jaehwan/rohang25_R1/install/yolov11_msgs/include/yolov11_msgs/yolov11_msgs
[0.761s] -- Up-to-date: /home/jaehwan/rohang25_R1/install/yolov11_msgs/include/yolov11_msgs/yolov11_msgs/msg
[0.761s] -- Up-to-date: /home/jaehwan/rohang25_R1/install/yolov11_msgs/include/yolov11_msgs/yolov11_msgs/msg/rosidl_generator_cpp__visibility_control.hpp
[0.761s] -- Up-to-date: /home/jaehwan/rohang25_R1/install/yolov11_msgs/include/yolov11_msgs/yolov11_msgs/msg/detail
[0.761s] -- Up-to-date: /home/jaehwan/rohang25_R1/install/yolov11_msgs/include/yolov11_msgs/yolov11_msgs/msg/detail/detection__struct.hpp
[0.762s] -- Up-to-date: /home/jaehwan/rohang25_R1/install/yolov11_msgs/include/yolov11_msgs/yolov11_msgs/msg/detail/detection__traits.hpp
[0.762s] -- Up-to-date: /home/jaehwan/rohang25_R1/install/yolov11_msgs/include/yolov11_msgs/yolov11_msgs/msg/detail/detection__builder.hpp
[0.762s] -- Up-to-date: /home/jaehwan/rohang25_R1/install/yolov11_msgs/include/yolov11_msgs/yolov11_msgs/msg/detail/detection__type_support.hpp
[0.762s] -- Up-to-date: /home/jaehwan/rohang25_R1/install/yolov11_msgs/include/yolov11_msgs/yolov11_msgs/msg/detection.hpp
[0.762s] -- Up-to-date: /home/jaehwan/rohang25_R1/install/yolov11_msgs/include/yolov11_msgs/yolov11_msgs
[0.762s] -- Up-to-date: /home/jaehwan/rohang25_R1/install/yolov11_msgs/include/yolov11_msgs/yolov11_msgs/msg
[0.762s] -- Up-to-date: /home/jaehwan/rohang25_R1/install/yolov11_msgs/include/yolov11_msgs/yolov11_msgs/msg/detail
[0.762s] -- Up-to-date: /home/jaehwan/rohang25_R1/install/yolov11_msgs/include/yolov11_msgs/yolov11_msgs/msg/detail/dds_fastrtps
[0.762s] -- Up-to-date: /home/jaehwan/rohang25_R1/install/yolov11_msgs/include/yolov11_msgs/yolov11_msgs/msg/detail/detection__rosidl_typesupport_fastrtps_cpp.hpp
[0.762s] -- Up-to-date: /home/jaehwan/rohang25_R1/install/yolov11_msgs/include/yolov11_msgs/yolov11_msgs/msg/rosidl_typesupport_fastrtps_cpp__visibility_control.h
[0.762s] -- Up-to-date: /home/jaehwan/rohang25_R1/install/yolov11_msgs/lib/libyolov11_msgs__rosidl_typesupport_fastrtps_cpp.so
[0.762s] -- Up-to-date: /home/jaehwan/rohang25_R1/install/yolov11_msgs/include/yolov11_msgs/yolov11_msgs
[0.763s] -- Up-to-date: /home/jaehwan/rohang25_R1/install/yolov11_msgs/include/yolov11_msgs/yolov11_msgs/msg
[0.763s] -- Up-to-date: /home/jaehwan/rohang25_R1/install/yolov11_msgs/include/yolov11_msgs/yolov11_msgs/msg/detail
[0.763s] -- Up-to-date: /home/jaehwan/rohang25_R1/install/yolov11_msgs/include/yolov11_msgs/yolov11_msgs/msg/detail/detection__type_support.c
[0.763s] -- Up-to-date: /home/jaehwan/rohang25_R1/install/yolov11_msgs/include/yolov11_msgs/yolov11_msgs/msg/detail/detection__rosidl_typesupport_introspection_c.h
[0.763s] -- Up-to-date: /home/jaehwan/rohang25_R1/install/yolov11_msgs/include/yolov11_msgs/yolov11_msgs/msg/rosidl_typesupport_introspection_c__visibility_control.h
[0.763s] -- Up-to-date: /home/jaehwan/rohang25_R1/install/yolov11_msgs/lib/libyolov11_msgs__rosidl_typesupport_introspection_c.so
[0.763s] -- Up-to-date: /home/jaehwan/rohang25_R1/install/yolov11_msgs/lib/libyolov11_msgs__rosidl_typesupport_c.so
[0.763s] -- Up-to-date: /home/jaehwan/rohang25_R1/install/yolov11_msgs/include/yolov11_msgs/yolov11_msgs
[0.763s] -- Up-to-date: /home/jaehwan/rohang25_R1/install/yolov11_msgs/include/yolov11_msgs/yolov11_msgs/msg
[0.764s] -- Up-to-date: /home/jaehwan/rohang25_R1/install/yolov11_msgs/include/yolov11_msgs/yolov11_msgs/msg/detail
[0.764s] -- Up-to-date: /home/jaehwan/rohang25_R1/install/yolov11_msgs/include/yolov11_msgs/yolov11_msgs/msg/detail/detection__rosidl_typesupport_introspection_cpp.hpp
[0.764s] -- Up-to-date: /home/jaehwan/rohang25_R1/install/yolov11_msgs/include/yolov11_msgs/yolov11_msgs/msg/detail/detection__type_support.cpp
[0.768s] -- Up-to-date: /home/jaehwan/rohang25_R1/install/yolov11_msgs/lib/libyolov11_msgs__rosidl_typesupport_introspection_cpp.so
[0.769s] -- Up-to-date: /home/jaehwan/rohang25_R1/install/yolov11_msgs/lib/libyolov11_msgs__rosidl_typesupport_cpp.so
[0.772s] -- Up-to-date: /home/jaehwan/rohang25_R1/install/yolov11_msgs/share/yolov11_msgs/environment/pythonpath.sh
[0.772s] -- Up-to-date: /home/jaehwan/rohang25_R1/install/yolov11_msgs/share/yolov11_msgs/environment/pythonpath.dsv
[0.772s] -- Up-to-date: /home/jaehwan/rohang25_R1/install/yolov11_msgs/local/lib/python3.10/dist-packages/yolov11_msgs-0.0.1-py3.10.egg-info
[0.772s] -- Installing: /home/jaehwan/rohang25_R1/install/yolov11_msgs/local/lib/python3.10/dist-packages/yolov11_msgs-0.0.1-py3.10.egg-info/PKG-INFO
[0.772s] -- Installing: /home/jaehwan/rohang25_R1/install/yolov11_msgs/local/lib/python3.10/dist-packages/yolov11_msgs-0.0.1-py3.10.egg-info/dependency_links.txt
[0.772s] -- Installing: /home/jaehwan/rohang25_R1/install/yolov11_msgs/local/lib/python3.10/dist-packages/yolov11_msgs-0.0.1-py3.10.egg-info/SOURCES.txt
[0.772s] -- Installing: /home/jaehwan/rohang25_R1/install/yolov11_msgs/local/lib/python3.10/dist-packages/yolov11_msgs-0.0.1-py3.10.egg-info/top_level.txt
[0.772s] -- Up-to-date: /home/jaehwan/rohang25_R1/install/yolov11_msgs/local/lib/python3.10/dist-packages/yolov11_msgs
[0.772s] -- Up-to-date: /home/jaehwan/rohang25_R1/install/yolov11_msgs/local/lib/python3.10/dist-packages/yolov11_msgs/yolov11_msgs_s__rosidl_typesupport_introspection_c.cpython-310-x86_64-linux-gnu.so
[0.772s] -- Up-to-date: /home/jaehwan/rohang25_R1/install/yolov11_msgs/local/lib/python3.10/dist-packages/yolov11_msgs/_yolov11_msgs_s.ep.rosidl_typesupport_introspection_c.c
[0.773s] -- Up-to-date: /home/jaehwan/rohang25_R1/install/yolov11_msgs/local/lib/python3.10/dist-packages/yolov11_msgs/yolov11_msgs_s__rosidl_typesupport_fastrtps_c.cpython-310-x86_64-linux-gnu.so
[0.773s] -- Up-to-date: /home/jaehwan/rohang25_R1/install/yolov11_msgs/local/lib/python3.10/dist-packages/yolov11_msgs/libyolov11_msgs__rosidl_generator_py.so
[0.773s] -- Up-to-date: /home/jaehwan/rohang25_R1/install/yolov11_msgs/local/lib/python3.10/dist-packages/yolov11_msgs/_yolov11_msgs_s.ep.rosidl_typesupport_fastrtps_c.c
[0.773s] -- Up-to-date: /home/jaehwan/rohang25_R1/install/yolov11_msgs/local/lib/python3.10/dist-packages/yolov11_msgs/_yolov11_msgs_s.ep.rosidl_typesupport_c.c
[0.773s] -- Up-to-date: /home/jaehwan/rohang25_R1/install/yolov11_msgs/local/lib/python3.10/dist-packages/yolov11_msgs/msg
[0.773s] -- Up-to-date: /home/jaehwan/rohang25_R1/install/yolov11_msgs/local/lib/python3.10/dist-packages/yolov11_msgs/msg/_detection_s.c
[0.773s] -- Up-to-date: /home/jaehwan/rohang25_R1/install/yolov11_msgs/local/lib/python3.10/dist-packages/yolov11_msgs/msg/_detection.py
[0.773s] -- Up-to-date: /home/jaehwan/rohang25_R1/install/yolov11_msgs/local/lib/python3.10/dist-packages/yolov11_msgs/msg/__init__.py
[0.773s] -- Up-to-date: /home/jaehwan/rohang25_R1/install/yolov11_msgs/local/lib/python3.10/dist-packages/yolov11_msgs/yolov11_msgs_s__rosidl_typesupport_c.cpython-310-x86_64-linux-gnu.so
[0.773s] -- Up-to-date: /home/jaehwan/rohang25_R1/install/yolov11_msgs/local/lib/python3.10/dist-packages/yolov11_msgs/__init__.py
[0.817s] Listing '/home/jaehwan/rohang25_R1/install/yolov11_msgs/local/lib/python3.10/dist-packages/yolov11_msgs'...
[0.817s] Listing '/home/jaehwan/rohang25_R1/install/yolov11_msgs/local/lib/python3.10/dist-packages/yolov11_msgs/msg'...
[0.825s] -- Up-to-date: /home/jaehwan/rohang25_R1/install/yolov11_msgs/local/lib/python3.10/dist-packages/yolov11_msgs/yolov11_msgs_s__rosidl_typesupport_fastrtps_c.cpython-310-x86_64-linux-gnu.so
[0.825s] -- Up-to-date: /home/jaehwan/rohang25_R1/install/yolov11_msgs/local/lib/python3.10/dist-packages/yolov11_msgs/yolov11_msgs_s__rosidl_typesupport_introspection_c.cpython-310-x86_64-linux-gnu.so
[0.825s] -- Up-to-date: /home/jaehwan/rohang25_R1/install/yolov11_msgs/local/lib/python3.10/dist-packages/yolov11_msgs/yolov11_msgs_s__rosidl_typesupport_c.cpython-310-x86_64-linux-gnu.so
[0.825s] -- Up-to-date: /home/jaehwan/rohang25_R1/install/yolov11_msgs/lib/libyolov11_msgs__rosidl_generator_py.so
[0.826s] -- Up-to-date: /home/jaehwan/rohang25_R1/install/yolov11_msgs/share/yolov11_msgs/msg/Detection.idl
[0.826s] -- Up-to-date: /home/jaehwan/rohang25_R1/install/yolov11_msgs/share/yolov11_msgs/msg/Detection.msg
[0.826s] -- Up-to-date: /home/jaehwan/rohang25_R1/install/yolov11_msgs/share/ament_index/resource_index/package_run_dependencies/yolov11_msgs
[0.826s] -- Up-to-date: /home/jaehwan/rohang25_R1/install/yolov11_msgs/share/ament_index/resource_index/parent_prefix_path/yolov11_msgs
[0.826s] -- Up-to-date: /home/jaehwan/rohang25_R1/install/yolov11_msgs/share/yolov11_msgs/environment/ament_prefix_path.sh
[0.826s] -- Up-to-date: /home/jaehwan/rohang25_R1/install/yolov11_msgs/share/yolov11_msgs/environment/ament_prefix_path.dsv
[0.826s] -- Up-to-date: /home/jaehwan/rohang25_R1/install/yolov11_msgs/share/yolov11_msgs/environment/path.sh
[0.826s] -- Up-to-date: /home/jaehwan/rohang25_R1/install/yolov11_msgs/share/yolov11_msgs/environment/path.dsv
[0.826s] -- Up-to-date: /home/jaehwan/rohang25_R1/install/yolov11_msgs/share/yolov11_msgs/local_setup.bash
[0.826s] -- Up-to-date: /home/jaehwan/rohang25_R1/install/yolov11_msgs/share/yolov11_msgs/local_setup.sh
[0.827s] -- Up-to-date: /home/jaehwan/rohang25_R1/install/yolov11_msgs/share/yolov11_msgs/local_setup.zsh
[0.827s] -- Up-to-date: /home/jaehwan/rohang25_R1/install/yolov11_msgs/share/yolov11_msgs/local_setup.dsv
[0.827s] -- Installing: /home/jaehwan/rohang25_R1/install/yolov11_msgs/share/yolov11_msgs/package.dsv
[0.827s] -- Up-to-date: /home/jaehwan/rohang25_R1/install/yolov11_msgs/share/ament_index/resource_index/packages/yolov11_msgs
[0.827s] -- Up-to-date: /home/jaehwan/rohang25_R1/install/yolov11_msgs/share/yolov11_msgs/cmake/export_yolov11_msgs__rosidl_generator_cExport.cmake
[0.827s] -- Up-to-date: /home/jaehwan/rohang25_R1/install/yolov11_msgs/share/yolov11_msgs/cmake/export_yolov11_msgs__rosidl_generator_cExport-noconfig.cmake
[0.828s] -- Up-to-date: /home/jaehwan/rohang25_R1/install/yolov11_msgs/share/yolov11_msgs/cmake/export_yolov11_msgs__rosidl_typesupport_fastrtps_cExport.cmake
[0.828s] -- Up-to-date: /home/jaehwan/rohang25_R1/install/yolov11_msgs/share/yolov11_msgs/cmake/export_yolov11_msgs__rosidl_typesupport_fastrtps_cExport-noconfig.cmake
[0.828s] -- Up-to-date: /home/jaehwan/rohang25_R1/install/yolov11_msgs/share/yolov11_msgs/cmake/export_yolov11_msgs__rosidl_generator_cppExport.cmake
[0.828s] -- Up-to-date: /home/jaehwan/rohang25_R1/install/yolov11_msgs/share/yolov11_msgs/cmake/export_yolov11_msgs__rosidl_typesupport_fastrtps_cppExport.cmake
[0.828s] -- Up-to-date: /home/jaehwan/rohang25_R1/install/yolov11_msgs/share/yolov11_msgs/cmake/export_yolov11_msgs__rosidl_typesupport_fastrtps_cppExport-noconfig.cmake
[0.828s] -- Up-to-date: /home/jaehwan/rohang25_R1/install/yolov11_msgs/share/yolov11_msgs/cmake/yolov11_msgs__rosidl_typesupport_introspection_cExport.cmake
[0.828s] -- Up-to-date: /home/jaehwan/rohang25_R1/install/yolov11_msgs/share/yolov11_msgs/cmake/yolov11_msgs__rosidl_typesupport_introspection_cExport-noconfig.cmake
[0.828s] -- Up-to-date: /home/jaehwan/rohang25_R1/install/yolov11_msgs/share/yolov11_msgs/cmake/yolov11_msgs__rosidl_typesupport_cExport.cmake
[0.828s] -- Up-to-date: /home/jaehwan/rohang25_R1/install/yolov11_msgs/share/yolov11_msgs/cmake/yolov11_msgs__rosidl_typesupport_cExport-noconfig.cmake
[0.829s] -- Up-to-date: /home/jaehwan/rohang25_R1/install/yolov11_msgs/share/yolov11_msgs/cmake/yolov11_msgs__rosidl_typesupport_introspection_cppExport.cmake
[0.829s] -- Up-to-date: /home/jaehwan/rohang25_R1/install/yolov11_msgs/share/yolov11_msgs/cmake/yolov11_msgs__rosidl_typesupport_introspection_cppExport-noconfig.cmake
[0.829s] -- Up-to-date: /home/jaehwan/rohang25_R1/install/yolov11_msgs/share/yolov11_msgs/cmake/yolov11_msgs__rosidl_typesupport_cppExport.cmake
[0.829s] -- Up-to-date: /home/jaehwan/rohang25_R1/install/yolov11_msgs/share/yolov11_msgs/cmake/yolov11_msgs__rosidl_typesupport_cppExport-noconfig.cmake
[0.829s] -- Up-to-date: /home/jaehwan/rohang25_R1/install/yolov11_msgs/share/yolov11_msgs/cmake/export_yolov11_msgs__rosidl_generator_pyExport.cmake
[0.829s] -- Up-to-date: /home/jaehwan/rohang25_R1/install/yolov11_msgs/share/yolov11_msgs/cmake/export_yolov11_msgs__rosidl_generator_pyExport-noconfig.cmake
[0.829s] -- Up-to-date: /home/jaehwan/rohang25_R1/install/yolov11_msgs/share/yolov11_msgs/cmake/rosidl_cmake-extras.cmake
[0.829s] -- Up-to-date: /home/jaehwan/rohang25_R1/install/yolov11_msgs/share/yolov11_msgs/cmake/ament_cmake_export_dependencies-extras.cmake
[0.829s] -- Up-to-date: /home/jaehwan/rohang25_R1/install/yolov11_msgs/share/yolov11_msgs/cmake/ament_cmake_export_include_directories-extras.cmake
[0.829s] -- Up-to-date: /home/jaehwan/rohang25_R1/install/yolov11_msgs/share/yolov11_msgs/cmake/ament_cmake_export_libraries-extras.cmake
[0.830s] -- Up-to-date: /home/jaehwan/rohang25_R1/install/yolov11_msgs/share/yolov11_msgs/cmake/ament_cmake_export_targets-extras.cmake
[0.830s] -- Up-to-date: /home/jaehwan/rohang25_R1/install/yolov11_msgs/share/yolov11_msgs/cmake/rosidl_cmake_export_typesupport_targets-extras.cmake
[0.830s] -- Up-to-date: /home/jaehwan/rohang25_R1/install/yolov11_msgs/share/yolov11_msgs/cmake/rosidl_cmake_export_typesupport_libraries-extras.cmake
[0.830s] -- Up-to-date: /home/jaehwan/rohang25_R1/install/yolov11_msgs/share/yolov11_msgs/cmake/yolov11_msgsConfig.cmake
[0.835s] -- Up-to-date: /home/jaehwan/rohang25_R1/install/yolov11_msgs/share/yolov11_msgs/cmake/yolov11_msgsConfig-version.cmake
[0.835s] -- Up-to-date: /home/jaehwan/rohang25_R1/install/yolov11_msgs/share/yolov11_msgs/package.xml
[0.836s] Invoked command in '/home/jaehwan/rohang25_R1/build/yolov11_msgs' returned '0': CMAKE_PREFIX_PATH=${CMAKE_PREFIX_PATH}:/home/jaehwan/rohang25_R1/install/yolov11:/opt/ros/humble /usr/bin/cmake --install /home/jaehwan/rohang25_R1/build/yolov11_msgs
